[2025-01-11T16:49:11.358+0000] {processor.py:157} INFO - Started process (PID=29) to work on /opt/airflow/dags/social_stream_dag.py
[2025-01-11T16:49:11.361+0000] {processor.py:829} INFO - Processing file /opt/airflow/dags/social_stream_dag.py for tasks to queue
[2025-01-11T16:49:11.362+0000] {logging_mixin.py:151} INFO - [2025-01-11T16:49:11.362+0000] {dagbag.py:536} INFO - Filling up the DagBag from /opt/airflow/dags/social_stream_dag.py
[2025-01-11T16:49:11.958+0000] {processor.py:839} INFO - DAG(s) dict_keys(['etl_socialstream_pipeline']) retrieved from /opt/airflow/dags/social_stream_dag.py
[2025-01-11T16:49:11.993+0000] {logging_mixin.py:151} INFO - [2025-01-11T16:49:11.993+0000] {dag.py:2941} INFO - Sync 1 DAGs
[2025-01-11T16:49:12.010+0000] {logging_mixin.py:151} INFO - [2025-01-11T16:49:12.010+0000] {dag.py:3722} INFO - Setting next_dagrun for etl_socialstream_pipeline to 2025-01-10T00:00:00+00:00, run_after=2025-01-11T00:00:00+00:00
[2025-01-11T16:49:12.085+0000] {processor.py:179} INFO - Processing /opt/airflow/dags/social_stream_dag.py took 0.729 seconds
[2025-01-11T16:49:42.611+0000] {processor.py:157} INFO - Started process (PID=31) to work on /opt/airflow/dags/social_stream_dag.py
[2025-01-11T16:49:42.613+0000] {processor.py:829} INFO - Processing file /opt/airflow/dags/social_stream_dag.py for tasks to queue
[2025-01-11T16:49:42.623+0000] {logging_mixin.py:151} INFO - [2025-01-11T16:49:42.622+0000] {dagbag.py:536} INFO - Filling up the DagBag from /opt/airflow/dags/social_stream_dag.py
[2025-01-11T16:49:43.107+0000] {processor.py:839} INFO - DAG(s) dict_keys(['etl_socialstream_pipeline']) retrieved from /opt/airflow/dags/social_stream_dag.py
[2025-01-11T16:49:43.119+0000] {logging_mixin.py:151} INFO - [2025-01-11T16:49:43.119+0000] {dag.py:2941} INFO - Sync 1 DAGs
[2025-01-11T16:49:43.128+0000] {logging_mixin.py:151} INFO - [2025-01-11T16:49:43.128+0000] {dag.py:3722} INFO - Setting next_dagrun for etl_socialstream_pipeline to 2025-01-10T00:00:00+00:00, run_after=2025-01-11T00:00:00+00:00
[2025-01-11T16:49:43.134+0000] {processor.py:179} INFO - Processing /opt/airflow/dags/social_stream_dag.py took 0.530 seconds
[2025-01-11T16:50:13.467+0000] {processor.py:157} INFO - Started process (PID=33) to work on /opt/airflow/dags/social_stream_dag.py
[2025-01-11T16:50:13.468+0000] {processor.py:829} INFO - Processing file /opt/airflow/dags/social_stream_dag.py for tasks to queue
[2025-01-11T16:50:13.476+0000] {logging_mixin.py:151} INFO - [2025-01-11T16:50:13.475+0000] {dagbag.py:536} INFO - Filling up the DagBag from /opt/airflow/dags/social_stream_dag.py
[2025-01-11T16:50:13.872+0000] {processor.py:839} INFO - DAG(s) dict_keys(['etl_socialstream_pipeline']) retrieved from /opt/airflow/dags/social_stream_dag.py
[2025-01-11T16:50:13.894+0000] {logging_mixin.py:151} INFO - [2025-01-11T16:50:13.894+0000] {dag.py:2941} INFO - Sync 1 DAGs
[2025-01-11T16:50:13.903+0000] {logging_mixin.py:151} INFO - [2025-01-11T16:50:13.903+0000] {dag.py:3722} INFO - Setting next_dagrun for etl_socialstream_pipeline to 2025-01-10T00:00:00+00:00, run_after=2025-01-11T00:00:00+00:00
[2025-01-11T16:50:13.908+0000] {processor.py:179} INFO - Processing /opt/airflow/dags/social_stream_dag.py took 0.450 seconds
[2025-01-11T16:50:44.232+0000] {processor.py:157} INFO - Started process (PID=35) to work on /opt/airflow/dags/social_stream_dag.py
[2025-01-11T16:50:44.233+0000] {processor.py:829} INFO - Processing file /opt/airflow/dags/social_stream_dag.py for tasks to queue
[2025-01-11T16:50:44.245+0000] {logging_mixin.py:151} INFO - [2025-01-11T16:50:44.244+0000] {dagbag.py:536} INFO - Filling up the DagBag from /opt/airflow/dags/social_stream_dag.py
[2025-01-11T16:50:44.658+0000] {processor.py:839} INFO - DAG(s) dict_keys(['etl_socialstream_pipeline']) retrieved from /opt/airflow/dags/social_stream_dag.py
[2025-01-11T16:50:44.668+0000] {logging_mixin.py:151} INFO - [2025-01-11T16:50:44.668+0000] {dag.py:2941} INFO - Sync 1 DAGs
[2025-01-11T16:50:44.677+0000] {logging_mixin.py:151} INFO - [2025-01-11T16:50:44.677+0000] {dag.py:3722} INFO - Setting next_dagrun for etl_socialstream_pipeline to 2025-01-11T00:00:00+00:00, run_after=2025-01-12T00:00:00+00:00
[2025-01-11T16:50:44.683+0000] {processor.py:179} INFO - Processing /opt/airflow/dags/social_stream_dag.py took 0.456 seconds
[2025-01-11T16:51:15.021+0000] {processor.py:157} INFO - Started process (PID=37) to work on /opt/airflow/dags/social_stream_dag.py
[2025-01-11T16:51:15.022+0000] {processor.py:829} INFO - Processing file /opt/airflow/dags/social_stream_dag.py for tasks to queue
[2025-01-11T16:51:15.029+0000] {logging_mixin.py:151} INFO - [2025-01-11T16:51:15.028+0000] {dagbag.py:536} INFO - Filling up the DagBag from /opt/airflow/dags/social_stream_dag.py
[2025-01-11T16:51:15.425+0000] {processor.py:839} INFO - DAG(s) dict_keys(['etl_socialstream_pipeline']) retrieved from /opt/airflow/dags/social_stream_dag.py
[2025-01-11T16:51:15.438+0000] {logging_mixin.py:151} INFO - [2025-01-11T16:51:15.438+0000] {dag.py:2941} INFO - Sync 1 DAGs
[2025-01-11T16:51:15.447+0000] {logging_mixin.py:151} INFO - [2025-01-11T16:51:15.447+0000] {dag.py:3722} INFO - Setting next_dagrun for etl_socialstream_pipeline to 2025-01-11T00:00:00+00:00, run_after=2025-01-12T00:00:00+00:00
[2025-01-11T16:51:15.453+0000] {processor.py:179} INFO - Processing /opt/airflow/dags/social_stream_dag.py took 0.439 seconds
[2025-01-11T16:51:45.820+0000] {processor.py:157} INFO - Started process (PID=39) to work on /opt/airflow/dags/social_stream_dag.py
[2025-01-11T16:51:45.822+0000] {processor.py:829} INFO - Processing file /opt/airflow/dags/social_stream_dag.py for tasks to queue
[2025-01-11T16:51:45.827+0000] {logging_mixin.py:151} INFO - [2025-01-11T16:51:45.826+0000] {dagbag.py:536} INFO - Filling up the DagBag from /opt/airflow/dags/social_stream_dag.py
[2025-01-11T16:51:46.526+0000] {processor.py:839} INFO - DAG(s) dict_keys(['etl_socialstream_pipeline']) retrieved from /opt/airflow/dags/social_stream_dag.py
[2025-01-11T16:51:46.563+0000] {logging_mixin.py:151} INFO - [2025-01-11T16:51:46.561+0000] {dag.py:2941} INFO - Sync 1 DAGs
[2025-01-11T16:51:46.589+0000] {logging_mixin.py:151} INFO - [2025-01-11T16:51:46.589+0000] {dag.py:3722} INFO - Setting next_dagrun for etl_socialstream_pipeline to 2025-01-11T00:00:00+00:00, run_after=2025-01-12T00:00:00+00:00
[2025-01-11T16:51:46.608+0000] {processor.py:179} INFO - Processing /opt/airflow/dags/social_stream_dag.py took 0.797 seconds
[2025-01-11T16:52:16.707+0000] {processor.py:157} INFO - Started process (PID=41) to work on /opt/airflow/dags/social_stream_dag.py
[2025-01-11T16:52:16.709+0000] {processor.py:829} INFO - Processing file /opt/airflow/dags/social_stream_dag.py for tasks to queue
[2025-01-11T16:52:16.715+0000] {logging_mixin.py:151} INFO - [2025-01-11T16:52:16.715+0000] {dagbag.py:536} INFO - Filling up the DagBag from /opt/airflow/dags/social_stream_dag.py
[2025-01-11T16:52:17.125+0000] {processor.py:839} INFO - DAG(s) dict_keys(['etl_socialstream_pipeline']) retrieved from /opt/airflow/dags/social_stream_dag.py
[2025-01-11T16:52:17.138+0000] {logging_mixin.py:151} INFO - [2025-01-11T16:52:17.138+0000] {dag.py:2941} INFO - Sync 1 DAGs
[2025-01-11T16:52:17.146+0000] {logging_mixin.py:151} INFO - [2025-01-11T16:52:17.146+0000] {dag.py:3722} INFO - Setting next_dagrun for etl_socialstream_pipeline to 2025-01-11T00:00:00+00:00, run_after=2025-01-12T00:00:00+00:00
[2025-01-11T16:52:17.153+0000] {processor.py:179} INFO - Processing /opt/airflow/dags/social_stream_dag.py took 0.455 seconds
[2025-01-11T16:52:47.319+0000] {processor.py:157} INFO - Started process (PID=43) to work on /opt/airflow/dags/social_stream_dag.py
[2025-01-11T16:52:47.320+0000] {processor.py:829} INFO - Processing file /opt/airflow/dags/social_stream_dag.py for tasks to queue
[2025-01-11T16:52:47.329+0000] {logging_mixin.py:151} INFO - [2025-01-11T16:52:47.326+0000] {dagbag.py:536} INFO - Filling up the DagBag from /opt/airflow/dags/social_stream_dag.py
[2025-01-11T16:52:47.761+0000] {processor.py:839} INFO - DAG(s) dict_keys(['etl_socialstream_pipeline']) retrieved from /opt/airflow/dags/social_stream_dag.py
[2025-01-11T16:52:47.775+0000] {logging_mixin.py:151} INFO - [2025-01-11T16:52:47.775+0000] {dag.py:2941} INFO - Sync 1 DAGs
[2025-01-11T16:52:47.783+0000] {logging_mixin.py:151} INFO - [2025-01-11T16:52:47.783+0000] {dag.py:3722} INFO - Setting next_dagrun for etl_socialstream_pipeline to 2025-01-11T00:00:00+00:00, run_after=2025-01-12T00:00:00+00:00
[2025-01-11T16:52:47.789+0000] {processor.py:179} INFO - Processing /opt/airflow/dags/social_stream_dag.py took 0.479 seconds
[2025-01-11T16:53:18.103+0000] {processor.py:157} INFO - Started process (PID=45) to work on /opt/airflow/dags/social_stream_dag.py
[2025-01-11T16:53:18.105+0000] {processor.py:829} INFO - Processing file /opt/airflow/dags/social_stream_dag.py for tasks to queue
[2025-01-11T16:53:18.112+0000] {logging_mixin.py:151} INFO - [2025-01-11T16:53:18.111+0000] {dagbag.py:536} INFO - Filling up the DagBag from /opt/airflow/dags/social_stream_dag.py
[2025-01-11T16:53:18.525+0000] {processor.py:839} INFO - DAG(s) dict_keys(['etl_socialstream_pipeline']) retrieved from /opt/airflow/dags/social_stream_dag.py
[2025-01-11T16:53:18.538+0000] {logging_mixin.py:151} INFO - [2025-01-11T16:53:18.538+0000] {dag.py:2941} INFO - Sync 1 DAGs
[2025-01-11T16:53:18.547+0000] {logging_mixin.py:151} INFO - [2025-01-11T16:53:18.547+0000] {dag.py:3722} INFO - Setting next_dagrun for etl_socialstream_pipeline to 2025-01-11T00:00:00+00:00, run_after=2025-01-12T00:00:00+00:00
[2025-01-11T16:53:18.556+0000] {processor.py:179} INFO - Processing /opt/airflow/dags/social_stream_dag.py took 0.464 seconds
[2025-01-11T16:53:48.893+0000] {processor.py:157} INFO - Started process (PID=47) to work on /opt/airflow/dags/social_stream_dag.py
[2025-01-11T16:53:48.894+0000] {processor.py:829} INFO - Processing file /opt/airflow/dags/social_stream_dag.py for tasks to queue
[2025-01-11T16:53:48.900+0000] {logging_mixin.py:151} INFO - [2025-01-11T16:53:48.900+0000] {dagbag.py:536} INFO - Filling up the DagBag from /opt/airflow/dags/social_stream_dag.py
[2025-01-11T16:53:49.309+0000] {processor.py:839} INFO - DAG(s) dict_keys(['etl_socialstream_pipeline']) retrieved from /opt/airflow/dags/social_stream_dag.py
[2025-01-11T16:53:49.335+0000] {logging_mixin.py:151} INFO - [2025-01-11T16:53:49.334+0000] {dag.py:2941} INFO - Sync 1 DAGs
[2025-01-11T16:53:49.364+0000] {logging_mixin.py:151} INFO - [2025-01-11T16:53:49.364+0000] {dag.py:3722} INFO - Setting next_dagrun for etl_socialstream_pipeline to 2025-01-11T00:00:00+00:00, run_after=2025-01-12T00:00:00+00:00
[2025-01-11T16:53:49.374+0000] {processor.py:179} INFO - Processing /opt/airflow/dags/social_stream_dag.py took 0.490 seconds
[2025-01-11T16:54:19.786+0000] {processor.py:157} INFO - Started process (PID=49) to work on /opt/airflow/dags/social_stream_dag.py
[2025-01-11T16:54:19.787+0000] {processor.py:829} INFO - Processing file /opt/airflow/dags/social_stream_dag.py for tasks to queue
[2025-01-11T16:54:19.792+0000] {logging_mixin.py:151} INFO - [2025-01-11T16:54:19.791+0000] {dagbag.py:536} INFO - Filling up the DagBag from /opt/airflow/dags/social_stream_dag.py
[2025-01-11T16:54:20.236+0000] {processor.py:839} INFO - DAG(s) dict_keys(['etl_socialstream_pipeline']) retrieved from /opt/airflow/dags/social_stream_dag.py
[2025-01-11T16:54:20.258+0000] {logging_mixin.py:151} INFO - [2025-01-11T16:54:20.258+0000] {dag.py:2941} INFO - Sync 1 DAGs
[2025-01-11T16:54:20.279+0000] {logging_mixin.py:151} INFO - [2025-01-11T16:54:20.279+0000] {dag.py:3722} INFO - Setting next_dagrun for etl_socialstream_pipeline to 2025-01-11T00:00:00+00:00, run_after=2025-01-12T00:00:00+00:00
[2025-01-11T16:54:20.289+0000] {processor.py:179} INFO - Processing /opt/airflow/dags/social_stream_dag.py took 0.517 seconds
[2025-01-11T16:54:50.561+0000] {processor.py:157} INFO - Started process (PID=51) to work on /opt/airflow/dags/social_stream_dag.py
[2025-01-11T16:54:50.562+0000] {processor.py:829} INFO - Processing file /opt/airflow/dags/social_stream_dag.py for tasks to queue
[2025-01-11T16:54:50.566+0000] {logging_mixin.py:151} INFO - [2025-01-11T16:54:50.565+0000] {dagbag.py:536} INFO - Filling up the DagBag from /opt/airflow/dags/social_stream_dag.py
[2025-01-11T16:54:50.979+0000] {processor.py:839} INFO - DAG(s) dict_keys(['etl_socialstream_pipeline']) retrieved from /opt/airflow/dags/social_stream_dag.py
[2025-01-11T16:54:50.994+0000] {logging_mixin.py:151} INFO - [2025-01-11T16:54:50.994+0000] {dag.py:2941} INFO - Sync 1 DAGs
[2025-01-11T16:54:51.005+0000] {logging_mixin.py:151} INFO - [2025-01-11T16:54:51.005+0000] {dag.py:3722} INFO - Setting next_dagrun for etl_socialstream_pipeline to 2025-01-11T00:00:00+00:00, run_after=2025-01-12T00:00:00+00:00
[2025-01-11T16:54:51.011+0000] {processor.py:179} INFO - Processing /opt/airflow/dags/social_stream_dag.py took 0.454 seconds
[2025-01-11T16:55:21.347+0000] {processor.py:157} INFO - Started process (PID=53) to work on /opt/airflow/dags/social_stream_dag.py
[2025-01-11T16:55:21.349+0000] {processor.py:829} INFO - Processing file /opt/airflow/dags/social_stream_dag.py for tasks to queue
[2025-01-11T16:55:21.355+0000] {logging_mixin.py:151} INFO - [2025-01-11T16:55:21.355+0000] {dagbag.py:536} INFO - Filling up the DagBag from /opt/airflow/dags/social_stream_dag.py
[2025-01-11T16:55:21.843+0000] {processor.py:839} INFO - DAG(s) dict_keys(['etl_socialstream_pipeline']) retrieved from /opt/airflow/dags/social_stream_dag.py
[2025-01-11T16:55:21.854+0000] {logging_mixin.py:151} INFO - [2025-01-11T16:55:21.854+0000] {dag.py:2941} INFO - Sync 1 DAGs
[2025-01-11T16:55:21.862+0000] {logging_mixin.py:151} INFO - [2025-01-11T16:55:21.862+0000] {dag.py:3722} INFO - Setting next_dagrun for etl_socialstream_pipeline to 2025-01-11T00:00:00+00:00, run_after=2025-01-12T00:00:00+00:00
[2025-01-11T16:55:21.868+0000] {processor.py:179} INFO - Processing /opt/airflow/dags/social_stream_dag.py took 0.530 seconds
[2025-01-11T16:55:52.196+0000] {processor.py:157} INFO - Started process (PID=55) to work on /opt/airflow/dags/social_stream_dag.py
[2025-01-11T16:55:52.198+0000] {processor.py:829} INFO - Processing file /opt/airflow/dags/social_stream_dag.py for tasks to queue
[2025-01-11T16:55:52.203+0000] {logging_mixin.py:151} INFO - [2025-01-11T16:55:52.202+0000] {dagbag.py:536} INFO - Filling up the DagBag from /opt/airflow/dags/social_stream_dag.py
[2025-01-11T16:55:52.598+0000] {processor.py:839} INFO - DAG(s) dict_keys(['etl_socialstream_pipeline']) retrieved from /opt/airflow/dags/social_stream_dag.py
[2025-01-11T16:55:52.612+0000] {logging_mixin.py:151} INFO - [2025-01-11T16:55:52.612+0000] {dag.py:2941} INFO - Sync 1 DAGs
[2025-01-11T16:55:52.622+0000] {logging_mixin.py:151} INFO - [2025-01-11T16:55:52.622+0000] {dag.py:3722} INFO - Setting next_dagrun for etl_socialstream_pipeline to 2025-01-11T00:00:00+00:00, run_after=2025-01-12T00:00:00+00:00
[2025-01-11T16:55:52.629+0000] {processor.py:179} INFO - Processing /opt/airflow/dags/social_stream_dag.py took 0.440 seconds
[2025-01-11T16:56:22.986+0000] {processor.py:157} INFO - Started process (PID=57) to work on /opt/airflow/dags/social_stream_dag.py
[2025-01-11T16:56:22.987+0000] {processor.py:829} INFO - Processing file /opt/airflow/dags/social_stream_dag.py for tasks to queue
[2025-01-11T16:56:22.995+0000] {logging_mixin.py:151} INFO - [2025-01-11T16:56:22.994+0000] {dagbag.py:536} INFO - Filling up the DagBag from /opt/airflow/dags/social_stream_dag.py
[2025-01-11T16:56:23.389+0000] {processor.py:839} INFO - DAG(s) dict_keys(['etl_socialstream_pipeline']) retrieved from /opt/airflow/dags/social_stream_dag.py
[2025-01-11T16:56:23.406+0000] {logging_mixin.py:151} INFO - [2025-01-11T16:56:23.406+0000] {dag.py:2941} INFO - Sync 1 DAGs
[2025-01-11T16:56:23.418+0000] {logging_mixin.py:151} INFO - [2025-01-11T16:56:23.418+0000] {dag.py:3722} INFO - Setting next_dagrun for etl_socialstream_pipeline to 2025-01-11T00:00:00+00:00, run_after=2025-01-12T00:00:00+00:00
[2025-01-11T16:56:23.425+0000] {processor.py:179} INFO - Processing /opt/airflow/dags/social_stream_dag.py took 0.447 seconds
[2025-01-11T16:56:53.753+0000] {processor.py:157} INFO - Started process (PID=59) to work on /opt/airflow/dags/social_stream_dag.py
[2025-01-11T16:56:53.755+0000] {processor.py:829} INFO - Processing file /opt/airflow/dags/social_stream_dag.py for tasks to queue
[2025-01-11T16:56:53.760+0000] {logging_mixin.py:151} INFO - [2025-01-11T16:56:53.760+0000] {dagbag.py:536} INFO - Filling up the DagBag from /opt/airflow/dags/social_stream_dag.py
[2025-01-11T16:56:54.163+0000] {processor.py:839} INFO - DAG(s) dict_keys(['etl_socialstream_pipeline']) retrieved from /opt/airflow/dags/social_stream_dag.py
[2025-01-11T16:56:54.176+0000] {logging_mixin.py:151} INFO - [2025-01-11T16:56:54.176+0000] {dag.py:2941} INFO - Sync 1 DAGs
[2025-01-11T16:56:54.185+0000] {logging_mixin.py:151} INFO - [2025-01-11T16:56:54.185+0000] {dag.py:3722} INFO - Setting next_dagrun for etl_socialstream_pipeline to 2025-01-11T00:00:00+00:00, run_after=2025-01-12T00:00:00+00:00
[2025-01-11T16:56:54.192+0000] {processor.py:179} INFO - Processing /opt/airflow/dags/social_stream_dag.py took 0.448 seconds
[2025-01-11T16:57:24.492+0000] {processor.py:157} INFO - Started process (PID=61) to work on /opt/airflow/dags/social_stream_dag.py
[2025-01-11T16:57:24.494+0000] {processor.py:829} INFO - Processing file /opt/airflow/dags/social_stream_dag.py for tasks to queue
[2025-01-11T16:57:24.499+0000] {logging_mixin.py:151} INFO - [2025-01-11T16:57:24.499+0000] {dagbag.py:536} INFO - Filling up the DagBag from /opt/airflow/dags/social_stream_dag.py
[2025-01-11T16:57:24.935+0000] {processor.py:839} INFO - DAG(s) dict_keys(['etl_socialstream_pipeline']) retrieved from /opt/airflow/dags/social_stream_dag.py
[2025-01-11T16:57:24.955+0000] {logging_mixin.py:151} INFO - [2025-01-11T16:57:24.955+0000] {dag.py:2941} INFO - Sync 1 DAGs
[2025-01-11T16:57:24.964+0000] {logging_mixin.py:151} INFO - [2025-01-11T16:57:24.964+0000] {dag.py:3722} INFO - Setting next_dagrun for etl_socialstream_pipeline to 2025-01-11T00:00:00+00:00, run_after=2025-01-12T00:00:00+00:00
[2025-01-11T16:57:24.972+0000] {processor.py:179} INFO - Processing /opt/airflow/dags/social_stream_dag.py took 0.492 seconds
[2025-01-11T16:57:55.323+0000] {processor.py:157} INFO - Started process (PID=63) to work on /opt/airflow/dags/social_stream_dag.py
[2025-01-11T16:57:55.325+0000] {processor.py:829} INFO - Processing file /opt/airflow/dags/social_stream_dag.py for tasks to queue
[2025-01-11T16:57:55.333+0000] {logging_mixin.py:151} INFO - [2025-01-11T16:57:55.333+0000] {dagbag.py:536} INFO - Filling up the DagBag from /opt/airflow/dags/social_stream_dag.py
[2025-01-11T16:57:55.742+0000] {processor.py:839} INFO - DAG(s) dict_keys(['etl_socialstream_pipeline']) retrieved from /opt/airflow/dags/social_stream_dag.py
[2025-01-11T16:57:55.757+0000] {logging_mixin.py:151} INFO - [2025-01-11T16:57:55.756+0000] {dag.py:2941} INFO - Sync 1 DAGs
[2025-01-11T16:57:55.765+0000] {logging_mixin.py:151} INFO - [2025-01-11T16:57:55.765+0000] {dag.py:3722} INFO - Setting next_dagrun for etl_socialstream_pipeline to 2025-01-11T00:00:00+00:00, run_after=2025-01-12T00:00:00+00:00
[2025-01-11T16:57:55.772+0000] {processor.py:179} INFO - Processing /opt/airflow/dags/social_stream_dag.py took 0.458 seconds
[2025-01-11T16:58:26.186+0000] {processor.py:157} INFO - Started process (PID=65) to work on /opt/airflow/dags/social_stream_dag.py
[2025-01-11T16:58:26.187+0000] {processor.py:829} INFO - Processing file /opt/airflow/dags/social_stream_dag.py for tasks to queue
[2025-01-11T16:58:26.193+0000] {logging_mixin.py:151} INFO - [2025-01-11T16:58:26.192+0000] {dagbag.py:536} INFO - Filling up the DagBag from /opt/airflow/dags/social_stream_dag.py
[2025-01-11T16:58:26.600+0000] {processor.py:839} INFO - DAG(s) dict_keys(['etl_socialstream_pipeline']) retrieved from /opt/airflow/dags/social_stream_dag.py
[2025-01-11T16:58:26.613+0000] {logging_mixin.py:151} INFO - [2025-01-11T16:58:26.612+0000] {dag.py:2941} INFO - Sync 1 DAGs
[2025-01-11T16:58:26.624+0000] {logging_mixin.py:151} INFO - [2025-01-11T16:58:26.624+0000] {dag.py:3722} INFO - Setting next_dagrun for etl_socialstream_pipeline to 2025-01-11T00:00:00+00:00, run_after=2025-01-12T00:00:00+00:00
[2025-01-11T16:58:26.633+0000] {processor.py:179} INFO - Processing /opt/airflow/dags/social_stream_dag.py took 0.454 seconds
[2025-01-11T16:58:56.971+0000] {processor.py:157} INFO - Started process (PID=67) to work on /opt/airflow/dags/social_stream_dag.py
[2025-01-11T16:58:56.973+0000] {processor.py:829} INFO - Processing file /opt/airflow/dags/social_stream_dag.py for tasks to queue
[2025-01-11T16:58:56.982+0000] {logging_mixin.py:151} INFO - [2025-01-11T16:58:56.981+0000] {dagbag.py:536} INFO - Filling up the DagBag from /opt/airflow/dags/social_stream_dag.py
[2025-01-11T16:58:57.394+0000] {processor.py:839} INFO - DAG(s) dict_keys(['etl_socialstream_pipeline']) retrieved from /opt/airflow/dags/social_stream_dag.py
[2025-01-11T16:58:57.408+0000] {logging_mixin.py:151} INFO - [2025-01-11T16:58:57.408+0000] {dag.py:2941} INFO - Sync 1 DAGs
[2025-01-11T16:58:57.420+0000] {logging_mixin.py:151} INFO - [2025-01-11T16:58:57.420+0000] {dag.py:3722} INFO - Setting next_dagrun for etl_socialstream_pipeline to 2025-01-11T00:00:00+00:00, run_after=2025-01-12T00:00:00+00:00
[2025-01-11T16:58:57.426+0000] {processor.py:179} INFO - Processing /opt/airflow/dags/social_stream_dag.py took 0.462 seconds
