[2025-01-10T06:18:09.439+0000] {taskinstance.py:1159} INFO - Dependencies all met for dep_context=non-requeueable deps ti=<TaskInstance: etl_socialstream_pipeline.extract_reddit_data scheduled__2025-01-09T00:00:00+00:00 [queued]>
[2025-01-10T06:18:09.443+0000] {taskinstance.py:1159} INFO - Dependencies all met for dep_context=requeueable deps ti=<TaskInstance: etl_socialstream_pipeline.extract_reddit_data scheduled__2025-01-09T00:00:00+00:00 [queued]>
[2025-01-10T06:18:09.443+0000] {taskinstance.py:1361} INFO - Starting attempt 1 of 4
[2025-01-10T06:18:09.448+0000] {taskinstance.py:1382} INFO - Executing <Task(PythonOperator): extract_reddit_data> on 2025-01-09 00:00:00+00:00
[2025-01-10T06:18:09.458+0000] {standard_task_runner.py:57} INFO - Started process 49 to run task
[2025-01-10T06:18:09.460+0000] {standard_task_runner.py:84} INFO - Running: ['airflow', 'tasks', 'run', 'etl_socialstream_pipeline', 'extract_reddit_data', 'scheduled__2025-01-09T00:00:00+00:00', '--job-id', '2', '--raw', '--subdir', 'DAGS_FOLDER/social_stream_dag.py', '--cfg-path', '/tmp/tmpzrx21u82']
[2025-01-10T06:18:09.462+0000] {standard_task_runner.py:85} INFO - Job 2: Subtask extract_reddit_data
[2025-01-10T06:18:09.489+0000] {task_command.py:416} INFO - Running <TaskInstance: etl_socialstream_pipeline.extract_reddit_data scheduled__2025-01-09T00:00:00+00:00 [running]> on host 945f52021b45
[2025-01-10T06:18:09.525+0000] {taskinstance.py:1662} INFO - Exporting env vars: AIRFLOW_CTX_DAG_EMAIL='atharvnanaware01@gmail.com' AIRFLOW_CTX_DAG_OWNER='Atharv-Nanaware' AIRFLOW_CTX_DAG_ID='etl_socialstream_pipeline' AIRFLOW_CTX_TASK_ID='extract_reddit_data' AIRFLOW_CTX_EXECUTION_DATE='2025-01-09T00:00:00+00:00' AIRFLOW_CTX_TRY_NUMBER='1' AIRFLOW_CTX_DAG_RUN_ID='scheduled__2025-01-09T00:00:00+00:00'
[2025-01-10T06:18:09.667+0000] {logging_mixin.py:151} WARNING - Version 7.7.1 of praw is outdated. Version 7.8.1 was released Friday October 25, 2024.
[2025-01-10T06:18:09.668+0000] {logging_mixin.py:151} INFO - connected to reddit!
[2025-01-10T06:19:19.632+0000] {python.py:194} INFO - Done. Returned value was: /opt/airflow/data/output/socialstream_20250110.csv
[2025-01-10T06:19:19.662+0000] {taskinstance.py:1400} INFO - Marking task as SUCCESS. dag_id=etl_socialstream_pipeline, task_id=extract_reddit_data, execution_date=20250109T000000, start_date=20250110T061809, end_date=20250110T061919
[2025-01-10T06:19:19.714+0000] {local_task_job_runner.py:228} INFO - Task exited with return code 0
[2025-01-10T06:19:19.742+0000] {taskinstance.py:2778} INFO - 1 downstream tasks scheduled from follow-on schedule check
[2025-01-10T06:26:38.003+0000] {taskinstance.py:1159} INFO - Dependencies all met for dep_context=non-requeueable deps ti=<TaskInstance: etl_socialstream_pipeline.extract_reddit_data scheduled__2025-01-09T00:00:00+00:00 [queued]>
[2025-01-10T06:26:38.007+0000] {taskinstance.py:1159} INFO - Dependencies all met for dep_context=requeueable deps ti=<TaskInstance: etl_socialstream_pipeline.extract_reddit_data scheduled__2025-01-09T00:00:00+00:00 [queued]>
[2025-01-10T06:26:38.007+0000] {taskinstance.py:1361} INFO - Starting attempt 1 of 4
[2025-01-10T06:26:38.012+0000] {taskinstance.py:1382} INFO - Executing <Task(PythonOperator): extract_reddit_data> on 2025-01-09 00:00:00+00:00
[2025-01-10T06:26:38.027+0000] {standard_task_runner.py:57} INFO - Started process 50 to run task
[2025-01-10T06:26:38.033+0000] {standard_task_runner.py:84} INFO - Running: ['airflow', 'tasks', 'run', 'etl_socialstream_pipeline', 'extract_reddit_data', 'scheduled__2025-01-09T00:00:00+00:00', '--job-id', '2', '--raw', '--subdir', 'DAGS_FOLDER/social_stream_dag.py', '--cfg-path', '/tmp/tmp94b6tnev']
[2025-01-10T06:26:38.041+0000] {standard_task_runner.py:85} INFO - Job 2: Subtask extract_reddit_data
[2025-01-10T06:26:38.122+0000] {task_command.py:416} INFO - Running <TaskInstance: etl_socialstream_pipeline.extract_reddit_data scheduled__2025-01-09T00:00:00+00:00 [running]> on host 8634db78728e
[2025-01-10T06:26:38.172+0000] {taskinstance.py:1662} INFO - Exporting env vars: AIRFLOW_CTX_DAG_EMAIL='atharvnanaware01@gmail.com' AIRFLOW_CTX_DAG_OWNER='Atharv-Nanaware' AIRFLOW_CTX_DAG_ID='etl_socialstream_pipeline' AIRFLOW_CTX_TASK_ID='extract_reddit_data' AIRFLOW_CTX_EXECUTION_DATE='2025-01-09T00:00:00+00:00' AIRFLOW_CTX_TRY_NUMBER='1' AIRFLOW_CTX_DAG_RUN_ID='scheduled__2025-01-09T00:00:00+00:00'
[2025-01-10T06:26:38.349+0000] {logging_mixin.py:151} WARNING - Version 7.7.1 of praw is outdated. Version 7.8.1 was released Friday October 25, 2024.
[2025-01-10T06:26:38.352+0000] {logging_mixin.py:151} INFO - connected to reddit!
