[2025-01-08T04:14:45.141+0000] {processor.py:157} INFO - Started process (PID=29) to work on /opt/airflow/dags/social_stream_dag.py
[2025-01-08T04:14:45.142+0000] {processor.py:829} INFO - Processing file /opt/airflow/dags/social_stream_dag.py for tasks to queue
[2025-01-08T04:14:45.145+0000] {logging_mixin.py:151} INFO - [2025-01-08T04:14:45.145+0000] {dagbag.py:536} INFO - Filling up the DagBag from /opt/airflow/dags/social_stream_dag.py
[2025-01-08T04:14:45.695+0000] {processor.py:839} INFO - DAG(s) dict_keys(['etl_socialstream_pipeline']) retrieved from /opt/airflow/dags/social_stream_dag.py
[2025-01-08T04:14:45.810+0000] {logging_mixin.py:151} INFO - [2025-01-08T04:14:45.809+0000] {dag.py:2941} INFO - Sync 1 DAGs
[2025-01-08T04:14:45.856+0000] {logging_mixin.py:151} INFO - [2025-01-08T04:14:45.856+0000] {dag.py:3722} INFO - Setting next_dagrun for etl_socialstream_pipeline to 2025-01-07T00:00:00+00:00, run_after=2025-01-08T00:00:00+00:00
[2025-01-08T04:14:45.875+0000] {processor.py:179} INFO - Processing /opt/airflow/dags/social_stream_dag.py took 0.737 seconds
[2025-01-08T04:15:16.319+0000] {processor.py:157} INFO - Started process (PID=31) to work on /opt/airflow/dags/social_stream_dag.py
[2025-01-08T04:15:16.320+0000] {processor.py:829} INFO - Processing file /opt/airflow/dags/social_stream_dag.py for tasks to queue
[2025-01-08T04:15:16.324+0000] {logging_mixin.py:151} INFO - [2025-01-08T04:15:16.324+0000] {dagbag.py:536} INFO - Filling up the DagBag from /opt/airflow/dags/social_stream_dag.py
[2025-01-08T04:15:16.727+0000] {processor.py:839} INFO - DAG(s) dict_keys(['etl_socialstream_pipeline']) retrieved from /opt/airflow/dags/social_stream_dag.py
[2025-01-08T04:15:16.736+0000] {logging_mixin.py:151} INFO - [2025-01-08T04:15:16.735+0000] {dag.py:2941} INFO - Sync 1 DAGs
[2025-01-08T04:15:16.744+0000] {logging_mixin.py:151} INFO - [2025-01-08T04:15:16.744+0000] {dag.py:3722} INFO - Setting next_dagrun for etl_socialstream_pipeline to 2025-01-07T00:00:00+00:00, run_after=2025-01-08T00:00:00+00:00
[2025-01-08T04:15:16.751+0000] {processor.py:179} INFO - Processing /opt/airflow/dags/social_stream_dag.py took 0.437 seconds
[2025-01-08T04:15:47.061+0000] {processor.py:157} INFO - Started process (PID=33) to work on /opt/airflow/dags/social_stream_dag.py
[2025-01-08T04:15:47.062+0000] {processor.py:829} INFO - Processing file /opt/airflow/dags/social_stream_dag.py for tasks to queue
[2025-01-08T04:15:47.067+0000] {logging_mixin.py:151} INFO - [2025-01-08T04:15:47.067+0000] {dagbag.py:536} INFO - Filling up the DagBag from /opt/airflow/dags/social_stream_dag.py
[2025-01-08T04:15:47.453+0000] {processor.py:839} INFO - DAG(s) dict_keys(['etl_socialstream_pipeline']) retrieved from /opt/airflow/dags/social_stream_dag.py
[2025-01-08T04:15:47.468+0000] {logging_mixin.py:151} INFO - [2025-01-08T04:15:47.468+0000] {dag.py:2941} INFO - Sync 1 DAGs
[2025-01-08T04:15:47.476+0000] {logging_mixin.py:151} INFO - [2025-01-08T04:15:47.476+0000] {dag.py:3722} INFO - Setting next_dagrun for etl_socialstream_pipeline to 2025-01-08T00:00:00+00:00, run_after=2025-01-09T00:00:00+00:00
[2025-01-08T04:15:47.482+0000] {processor.py:179} INFO - Processing /opt/airflow/dags/social_stream_dag.py took 0.426 seconds
[2025-01-08T04:16:17.841+0000] {processor.py:157} INFO - Started process (PID=35) to work on /opt/airflow/dags/social_stream_dag.py
[2025-01-08T04:16:17.843+0000] {processor.py:829} INFO - Processing file /opt/airflow/dags/social_stream_dag.py for tasks to queue
[2025-01-08T04:16:17.849+0000] {logging_mixin.py:151} INFO - [2025-01-08T04:16:17.849+0000] {dagbag.py:536} INFO - Filling up the DagBag from /opt/airflow/dags/social_stream_dag.py
[2025-01-08T04:16:18.228+0000] {processor.py:839} INFO - DAG(s) dict_keys(['etl_socialstream_pipeline']) retrieved from /opt/airflow/dags/social_stream_dag.py
[2025-01-08T04:16:18.238+0000] {logging_mixin.py:151} INFO - [2025-01-08T04:16:18.238+0000] {dag.py:2941} INFO - Sync 1 DAGs
[2025-01-08T04:16:18.253+0000] {logging_mixin.py:151} INFO - [2025-01-08T04:16:18.252+0000] {dag.py:3722} INFO - Setting next_dagrun for etl_socialstream_pipeline to 2025-01-08T00:00:00+00:00, run_after=2025-01-09T00:00:00+00:00
[2025-01-08T04:16:18.259+0000] {processor.py:179} INFO - Processing /opt/airflow/dags/social_stream_dag.py took 0.425 seconds
[2025-01-08T04:16:48.502+0000] {processor.py:157} INFO - Started process (PID=37) to work on /opt/airflow/dags/social_stream_dag.py
[2025-01-08T04:16:48.503+0000] {processor.py:829} INFO - Processing file /opt/airflow/dags/social_stream_dag.py for tasks to queue
[2025-01-08T04:16:48.506+0000] {logging_mixin.py:151} INFO - [2025-01-08T04:16:48.506+0000] {dagbag.py:536} INFO - Filling up the DagBag from /opt/airflow/dags/social_stream_dag.py
[2025-01-08T04:16:48.884+0000] {processor.py:839} INFO - DAG(s) dict_keys(['etl_socialstream_pipeline']) retrieved from /opt/airflow/dags/social_stream_dag.py
[2025-01-08T04:16:48.895+0000] {logging_mixin.py:151} INFO - [2025-01-08T04:16:48.895+0000] {dag.py:2941} INFO - Sync 1 DAGs
[2025-01-08T04:16:48.908+0000] {logging_mixin.py:151} INFO - [2025-01-08T04:16:48.908+0000] {dag.py:3722} INFO - Setting next_dagrun for etl_socialstream_pipeline to 2025-01-08T00:00:00+00:00, run_after=2025-01-09T00:00:00+00:00
[2025-01-08T04:16:48.915+0000] {processor.py:179} INFO - Processing /opt/airflow/dags/social_stream_dag.py took 0.417 seconds
[2025-01-08T04:17:19.288+0000] {processor.py:157} INFO - Started process (PID=39) to work on /opt/airflow/dags/social_stream_dag.py
[2025-01-08T04:17:19.289+0000] {processor.py:829} INFO - Processing file /opt/airflow/dags/social_stream_dag.py for tasks to queue
[2025-01-08T04:17:19.299+0000] {logging_mixin.py:151} INFO - [2025-01-08T04:17:19.298+0000] {dagbag.py:536} INFO - Filling up the DagBag from /opt/airflow/dags/social_stream_dag.py
[2025-01-08T04:17:19.684+0000] {processor.py:839} INFO - DAG(s) dict_keys(['etl_socialstream_pipeline']) retrieved from /opt/airflow/dags/social_stream_dag.py
[2025-01-08T04:17:19.699+0000] {logging_mixin.py:151} INFO - [2025-01-08T04:17:19.698+0000] {dag.py:2941} INFO - Sync 1 DAGs
[2025-01-08T04:17:19.707+0000] {logging_mixin.py:151} INFO - [2025-01-08T04:17:19.707+0000] {dag.py:3722} INFO - Setting next_dagrun for etl_socialstream_pipeline to 2025-01-08T00:00:00+00:00, run_after=2025-01-09T00:00:00+00:00
[2025-01-08T04:17:19.713+0000] {processor.py:179} INFO - Processing /opt/airflow/dags/social_stream_dag.py took 0.433 seconds
[2025-01-08T04:17:49.980+0000] {processor.py:157} INFO - Started process (PID=41) to work on /opt/airflow/dags/social_stream_dag.py
[2025-01-08T04:17:49.982+0000] {processor.py:829} INFO - Processing file /opt/airflow/dags/social_stream_dag.py for tasks to queue
[2025-01-08T04:17:49.986+0000] {logging_mixin.py:151} INFO - [2025-01-08T04:17:49.986+0000] {dagbag.py:536} INFO - Filling up the DagBag from /opt/airflow/dags/social_stream_dag.py
[2025-01-08T04:17:50.359+0000] {processor.py:839} INFO - DAG(s) dict_keys(['etl_socialstream_pipeline']) retrieved from /opt/airflow/dags/social_stream_dag.py
[2025-01-08T04:17:50.376+0000] {logging_mixin.py:151} INFO - [2025-01-08T04:17:50.376+0000] {dag.py:2941} INFO - Sync 1 DAGs
[2025-01-08T04:17:50.385+0000] {logging_mixin.py:151} INFO - [2025-01-08T04:17:50.385+0000] {dag.py:3722} INFO - Setting next_dagrun for etl_socialstream_pipeline to 2025-01-08T00:00:00+00:00, run_after=2025-01-09T00:00:00+00:00
[2025-01-08T04:17:50.392+0000] {processor.py:179} INFO - Processing /opt/airflow/dags/social_stream_dag.py took 0.434 seconds
[2025-01-08T04:18:20.690+0000] {processor.py:157} INFO - Started process (PID=43) to work on /opt/airflow/dags/social_stream_dag.py
[2025-01-08T04:18:20.695+0000] {processor.py:829} INFO - Processing file /opt/airflow/dags/social_stream_dag.py for tasks to queue
[2025-01-08T04:18:20.702+0000] {logging_mixin.py:151} INFO - [2025-01-08T04:18:20.701+0000] {dagbag.py:536} INFO - Filling up the DagBag from /opt/airflow/dags/social_stream_dag.py
[2025-01-08T04:18:21.095+0000] {processor.py:839} INFO - DAG(s) dict_keys(['etl_socialstream_pipeline']) retrieved from /opt/airflow/dags/social_stream_dag.py
[2025-01-08T04:18:21.112+0000] {logging_mixin.py:151} INFO - [2025-01-08T04:18:21.112+0000] {dag.py:2941} INFO - Sync 1 DAGs
[2025-01-08T04:18:21.120+0000] {logging_mixin.py:151} INFO - [2025-01-08T04:18:21.120+0000] {dag.py:3722} INFO - Setting next_dagrun for etl_socialstream_pipeline to 2025-01-08T00:00:00+00:00, run_after=2025-01-09T00:00:00+00:00
[2025-01-08T04:18:21.126+0000] {processor.py:179} INFO - Processing /opt/airflow/dags/social_stream_dag.py took 0.445 seconds
[2025-01-08T04:18:51.400+0000] {processor.py:157} INFO - Started process (PID=45) to work on /opt/airflow/dags/social_stream_dag.py
[2025-01-08T04:18:51.402+0000] {processor.py:829} INFO - Processing file /opt/airflow/dags/social_stream_dag.py for tasks to queue
[2025-01-08T04:18:51.406+0000] {logging_mixin.py:151} INFO - [2025-01-08T04:18:51.406+0000] {dagbag.py:536} INFO - Filling up the DagBag from /opt/airflow/dags/social_stream_dag.py
[2025-01-08T04:18:51.818+0000] {processor.py:839} INFO - DAG(s) dict_keys(['etl_socialstream_pipeline']) retrieved from /opt/airflow/dags/social_stream_dag.py
[2025-01-08T04:18:51.834+0000] {logging_mixin.py:151} INFO - [2025-01-08T04:18:51.833+0000] {dag.py:2941} INFO - Sync 1 DAGs
[2025-01-08T04:18:51.842+0000] {logging_mixin.py:151} INFO - [2025-01-08T04:18:51.842+0000] {dag.py:3722} INFO - Setting next_dagrun for etl_socialstream_pipeline to 2025-01-08T00:00:00+00:00, run_after=2025-01-09T00:00:00+00:00
[2025-01-08T04:18:51.849+0000] {processor.py:179} INFO - Processing /opt/airflow/dags/social_stream_dag.py took 0.460 seconds
[2025-01-08T04:19:22.217+0000] {processor.py:157} INFO - Started process (PID=47) to work on /opt/airflow/dags/social_stream_dag.py
[2025-01-08T04:19:22.219+0000] {processor.py:829} INFO - Processing file /opt/airflow/dags/social_stream_dag.py for tasks to queue
[2025-01-08T04:19:22.223+0000] {logging_mixin.py:151} INFO - [2025-01-08T04:19:22.223+0000] {dagbag.py:536} INFO - Filling up the DagBag from /opt/airflow/dags/social_stream_dag.py
[2025-01-08T04:19:22.616+0000] {processor.py:839} INFO - DAG(s) dict_keys(['etl_socialstream_pipeline']) retrieved from /opt/airflow/dags/social_stream_dag.py
[2025-01-08T04:19:22.632+0000] {logging_mixin.py:151} INFO - [2025-01-08T04:19:22.632+0000] {dag.py:2941} INFO - Sync 1 DAGs
[2025-01-08T04:19:22.642+0000] {logging_mixin.py:151} INFO - [2025-01-08T04:19:22.642+0000] {dag.py:3722} INFO - Setting next_dagrun for etl_socialstream_pipeline to 2025-01-08T00:00:00+00:00, run_after=2025-01-09T00:00:00+00:00
[2025-01-08T04:19:22.649+0000] {processor.py:179} INFO - Processing /opt/airflow/dags/social_stream_dag.py took 0.440 seconds
[2025-01-08T04:19:53.006+0000] {processor.py:157} INFO - Started process (PID=49) to work on /opt/airflow/dags/social_stream_dag.py
[2025-01-08T04:19:53.007+0000] {processor.py:829} INFO - Processing file /opt/airflow/dags/social_stream_dag.py for tasks to queue
[2025-01-08T04:19:53.012+0000] {logging_mixin.py:151} INFO - [2025-01-08T04:19:53.011+0000] {dagbag.py:536} INFO - Filling up the DagBag from /opt/airflow/dags/social_stream_dag.py
[2025-01-08T04:19:53.454+0000] {processor.py:839} INFO - DAG(s) dict_keys(['etl_socialstream_pipeline']) retrieved from /opt/airflow/dags/social_stream_dag.py
[2025-01-08T04:19:53.466+0000] {logging_mixin.py:151} INFO - [2025-01-08T04:19:53.466+0000] {dag.py:2941} INFO - Sync 1 DAGs
[2025-01-08T04:19:53.476+0000] {logging_mixin.py:151} INFO - [2025-01-08T04:19:53.476+0000] {dag.py:3722} INFO - Setting next_dagrun for etl_socialstream_pipeline to 2025-01-08T00:00:00+00:00, run_after=2025-01-09T00:00:00+00:00
[2025-01-08T04:19:53.483+0000] {processor.py:179} INFO - Processing /opt/airflow/dags/social_stream_dag.py took 0.488 seconds
[2025-01-08T04:20:23.870+0000] {processor.py:157} INFO - Started process (PID=51) to work on /opt/airflow/dags/social_stream_dag.py
[2025-01-08T04:20:23.871+0000] {processor.py:829} INFO - Processing file /opt/airflow/dags/social_stream_dag.py for tasks to queue
[2025-01-08T04:20:23.875+0000] {logging_mixin.py:151} INFO - [2025-01-08T04:20:23.874+0000] {dagbag.py:536} INFO - Filling up the DagBag from /opt/airflow/dags/social_stream_dag.py
[2025-01-08T04:20:24.307+0000] {processor.py:839} INFO - DAG(s) dict_keys(['etl_socialstream_pipeline']) retrieved from /opt/airflow/dags/social_stream_dag.py
[2025-01-08T04:20:24.325+0000] {logging_mixin.py:151} INFO - [2025-01-08T04:20:24.324+0000] {dag.py:2941} INFO - Sync 1 DAGs
[2025-01-08T04:20:24.336+0000] {logging_mixin.py:151} INFO - [2025-01-08T04:20:24.335+0000] {dag.py:3722} INFO - Setting next_dagrun for etl_socialstream_pipeline to 2025-01-08T00:00:00+00:00, run_after=2025-01-09T00:00:00+00:00
[2025-01-08T04:20:24.342+0000] {processor.py:179} INFO - Processing /opt/airflow/dags/social_stream_dag.py took 0.481 seconds
[2025-01-08T04:20:54.606+0000] {processor.py:157} INFO - Started process (PID=53) to work on /opt/airflow/dags/social_stream_dag.py
[2025-01-08T04:20:54.608+0000] {processor.py:829} INFO - Processing file /opt/airflow/dags/social_stream_dag.py for tasks to queue
[2025-01-08T04:20:54.614+0000] {logging_mixin.py:151} INFO - [2025-01-08T04:20:54.613+0000] {dagbag.py:536} INFO - Filling up the DagBag from /opt/airflow/dags/social_stream_dag.py
[2025-01-08T04:20:55.015+0000] {processor.py:839} INFO - DAG(s) dict_keys(['etl_socialstream_pipeline']) retrieved from /opt/airflow/dags/social_stream_dag.py
[2025-01-08T04:20:55.027+0000] {logging_mixin.py:151} INFO - [2025-01-08T04:20:55.027+0000] {dag.py:2941} INFO - Sync 1 DAGs
[2025-01-08T04:20:55.035+0000] {logging_mixin.py:151} INFO - [2025-01-08T04:20:55.035+0000] {dag.py:3722} INFO - Setting next_dagrun for etl_socialstream_pipeline to 2025-01-08T00:00:00+00:00, run_after=2025-01-09T00:00:00+00:00
[2025-01-08T04:20:55.042+0000] {processor.py:179} INFO - Processing /opt/airflow/dags/social_stream_dag.py took 0.446 seconds
[2025-01-08T04:21:25.352+0000] {processor.py:157} INFO - Started process (PID=55) to work on /opt/airflow/dags/social_stream_dag.py
[2025-01-08T04:21:25.353+0000] {processor.py:829} INFO - Processing file /opt/airflow/dags/social_stream_dag.py for tasks to queue
[2025-01-08T04:21:25.361+0000] {logging_mixin.py:151} INFO - [2025-01-08T04:21:25.360+0000] {dagbag.py:536} INFO - Filling up the DagBag from /opt/airflow/dags/social_stream_dag.py
[2025-01-08T04:21:25.750+0000] {processor.py:839} INFO - DAG(s) dict_keys(['etl_socialstream_pipeline']) retrieved from /opt/airflow/dags/social_stream_dag.py
[2025-01-08T04:21:25.763+0000] {logging_mixin.py:151} INFO - [2025-01-08T04:21:25.762+0000] {dag.py:2941} INFO - Sync 1 DAGs
[2025-01-08T04:21:25.771+0000] {logging_mixin.py:151} INFO - [2025-01-08T04:21:25.771+0000] {dag.py:3722} INFO - Setting next_dagrun for etl_socialstream_pipeline to 2025-01-08T00:00:00+00:00, run_after=2025-01-09T00:00:00+00:00
[2025-01-08T04:21:25.777+0000] {processor.py:179} INFO - Processing /opt/airflow/dags/social_stream_dag.py took 0.433 seconds
[2025-01-08T04:21:56.135+0000] {processor.py:157} INFO - Started process (PID=57) to work on /opt/airflow/dags/social_stream_dag.py
[2025-01-08T04:21:56.136+0000] {processor.py:829} INFO - Processing file /opt/airflow/dags/social_stream_dag.py for tasks to queue
[2025-01-08T04:21:56.142+0000] {logging_mixin.py:151} INFO - [2025-01-08T04:21:56.140+0000] {dagbag.py:536} INFO - Filling up the DagBag from /opt/airflow/dags/social_stream_dag.py
[2025-01-08T04:21:56.765+0000] {processor.py:839} INFO - DAG(s) dict_keys(['etl_socialstream_pipeline']) retrieved from /opt/airflow/dags/social_stream_dag.py
[2025-01-08T04:21:56.792+0000] {logging_mixin.py:151} INFO - [2025-01-08T04:21:56.792+0000] {dag.py:2941} INFO - Sync 1 DAGs
[2025-01-08T04:21:56.802+0000] {logging_mixin.py:151} INFO - [2025-01-08T04:21:56.802+0000] {dag.py:3722} INFO - Setting next_dagrun for etl_socialstream_pipeline to 2025-01-08T00:00:00+00:00, run_after=2025-01-09T00:00:00+00:00
[2025-01-08T04:21:56.809+0000] {processor.py:179} INFO - Processing /opt/airflow/dags/social_stream_dag.py took 0.689 seconds
[2025-01-08T04:22:26.978+0000] {processor.py:157} INFO - Started process (PID=59) to work on /opt/airflow/dags/social_stream_dag.py
[2025-01-08T04:22:26.980+0000] {processor.py:829} INFO - Processing file /opt/airflow/dags/social_stream_dag.py for tasks to queue
[2025-01-08T04:22:26.985+0000] {logging_mixin.py:151} INFO - [2025-01-08T04:22:26.984+0000] {dagbag.py:536} INFO - Filling up the DagBag from /opt/airflow/dags/social_stream_dag.py
[2025-01-08T04:22:27.457+0000] {processor.py:839} INFO - DAG(s) dict_keys(['etl_socialstream_pipeline']) retrieved from /opt/airflow/dags/social_stream_dag.py
[2025-01-08T04:22:27.477+0000] {logging_mixin.py:151} INFO - [2025-01-08T04:22:27.477+0000] {dag.py:2941} INFO - Sync 1 DAGs
[2025-01-08T04:22:27.486+0000] {logging_mixin.py:151} INFO - [2025-01-08T04:22:27.486+0000] {dag.py:3722} INFO - Setting next_dagrun for etl_socialstream_pipeline to 2025-01-08T00:00:00+00:00, run_after=2025-01-09T00:00:00+00:00
[2025-01-08T04:22:27.493+0000] {processor.py:179} INFO - Processing /opt/airflow/dags/social_stream_dag.py took 0.523 seconds
[2025-01-08T04:22:57.816+0000] {processor.py:157} INFO - Started process (PID=61) to work on /opt/airflow/dags/social_stream_dag.py
[2025-01-08T04:22:57.818+0000] {processor.py:829} INFO - Processing file /opt/airflow/dags/social_stream_dag.py for tasks to queue
[2025-01-08T04:22:57.824+0000] {logging_mixin.py:151} INFO - [2025-01-08T04:22:57.823+0000] {dagbag.py:536} INFO - Filling up the DagBag from /opt/airflow/dags/social_stream_dag.py
[2025-01-08T04:22:58.226+0000] {processor.py:839} INFO - DAG(s) dict_keys(['etl_socialstream_pipeline']) retrieved from /opt/airflow/dags/social_stream_dag.py
[2025-01-08T04:22:58.241+0000] {logging_mixin.py:151} INFO - [2025-01-08T04:22:58.240+0000] {dag.py:2941} INFO - Sync 1 DAGs
[2025-01-08T04:22:58.251+0000] {logging_mixin.py:151} INFO - [2025-01-08T04:22:58.251+0000] {dag.py:3722} INFO - Setting next_dagrun for etl_socialstream_pipeline to 2025-01-08T00:00:00+00:00, run_after=2025-01-09T00:00:00+00:00
[2025-01-08T04:22:58.258+0000] {processor.py:179} INFO - Processing /opt/airflow/dags/social_stream_dag.py took 0.452 seconds
