[2025-01-09T17:12:16.197+0000] {taskinstance.py:1159} INFO - Dependencies all met for dep_context=non-requeueable deps ti=<TaskInstance: etl_socialstream_pipeline.upload_to_s3 scheduled__2025-01-08T00:00:00+00:00 [queued]>
[2025-01-09T17:12:16.201+0000] {taskinstance.py:1159} INFO - Dependencies all met for dep_context=requeueable deps ti=<TaskInstance: etl_socialstream_pipeline.upload_to_s3 scheduled__2025-01-08T00:00:00+00:00 [queued]>
[2025-01-09T17:12:16.201+0000] {taskinstance.py:1361} INFO - Starting attempt 1 of 4
[2025-01-09T17:12:16.207+0000] {taskinstance.py:1382} INFO - Executing <Task(PythonOperator): upload_to_s3> on 2025-01-08 00:00:00+00:00
[2025-01-09T17:12:16.231+0000] {standard_task_runner.py:57} INFO - Started process 53 to run task
[2025-01-09T17:12:16.251+0000] {standard_task_runner.py:84} INFO - Running: ['airflow', 'tasks', 'run', 'etl_socialstream_pipeline', 'upload_to_s3', 'scheduled__2025-01-08T00:00:00+00:00', '--job-id', '3', '--raw', '--subdir', 'DAGS_FOLDER/social_stream_dag.py', '--cfg-path', '/tmp/tmp4zd8xleg']
[2025-01-09T17:12:16.263+0000] {standard_task_runner.py:85} INFO - Job 3: Subtask upload_to_s3
[2025-01-09T17:12:16.329+0000] {task_command.py:416} INFO - Running <TaskInstance: etl_socialstream_pipeline.upload_to_s3 scheduled__2025-01-08T00:00:00+00:00 [running]> on host 2c0adf07e173
[2025-01-09T17:12:16.372+0000] {taskinstance.py:1662} INFO - Exporting env vars: AIRFLOW_CTX_DAG_EMAIL='atharvnanaware01@gmail.com' AIRFLOW_CTX_DAG_OWNER='Atharv-Nanaware' AIRFLOW_CTX_DAG_ID='etl_socialstream_pipeline' AIRFLOW_CTX_TASK_ID='upload_to_s3' AIRFLOW_CTX_EXECUTION_DATE='2025-01-08T00:00:00+00:00' AIRFLOW_CTX_TRY_NUMBER='1' AIRFLOW_CTX_DAG_RUN_ID='scheduled__2025-01-08T00:00:00+00:00'
[2025-01-09T17:12:18.553+0000] {logging_mixin.py:151} INFO - Bucket already exists
[2025-01-09T17:12:26.292+0000] {logging_mixin.py:151} INFO - File uploaded to S3.
[2025-01-09T17:12:26.294+0000] {python.py:194} INFO - Done. Returned value was: None
[2025-01-09T17:12:26.315+0000] {taskinstance.py:1400} INFO - Marking task as SUCCESS. dag_id=etl_socialstream_pipeline, task_id=upload_to_s3, execution_date=20250108T000000, start_date=20250109T171216, end_date=20250109T171226
[2025-01-09T17:12:26.358+0000] {local_task_job_runner.py:228} INFO - Task exited with return code 0
[2025-01-09T17:12:26.382+0000] {taskinstance.py:2778} INFO - 0 downstream tasks scheduled from follow-on schedule check
[2025-01-09T17:41:39.033+0000] {taskinstance.py:1159} INFO - Dependencies all met for dep_context=non-requeueable deps ti=<TaskInstance: etl_socialstream_pipeline.upload_to_s3 scheduled__2025-01-08T00:00:00+00:00 [queued]>
[2025-01-09T17:41:39.037+0000] {taskinstance.py:1159} INFO - Dependencies all met for dep_context=requeueable deps ti=<TaskInstance: etl_socialstream_pipeline.upload_to_s3 scheduled__2025-01-08T00:00:00+00:00 [queued]>
[2025-01-09T17:41:39.037+0000] {taskinstance.py:1361} INFO - Starting attempt 1 of 4
[2025-01-09T17:41:39.041+0000] {taskinstance.py:1382} INFO - Executing <Task(PythonOperator): upload_to_s3> on 2025-01-08 00:00:00+00:00
[2025-01-09T17:41:39.046+0000] {standard_task_runner.py:57} INFO - Started process 52 to run task
[2025-01-09T17:41:39.049+0000] {standard_task_runner.py:84} INFO - Running: ['airflow', 'tasks', 'run', 'etl_socialstream_pipeline', 'upload_to_s3', 'scheduled__2025-01-08T00:00:00+00:00', '--job-id', '3', '--raw', '--subdir', 'DAGS_FOLDER/social_stream_dag.py', '--cfg-path', '/tmp/tmptu3po_ls']
[2025-01-09T17:41:39.051+0000] {standard_task_runner.py:85} INFO - Job 3: Subtask upload_to_s3
[2025-01-09T17:41:39.077+0000] {task_command.py:416} INFO - Running <TaskInstance: etl_socialstream_pipeline.upload_to_s3 scheduled__2025-01-08T00:00:00+00:00 [running]> on host 89a5c0a8ec3b
[2025-01-09T17:41:39.110+0000] {taskinstance.py:1662} INFO - Exporting env vars: AIRFLOW_CTX_DAG_EMAIL='atharvnanaware01@gmail.com' AIRFLOW_CTX_DAG_OWNER='Atharv-Nanaware' AIRFLOW_CTX_DAG_ID='etl_socialstream_pipeline' AIRFLOW_CTX_TASK_ID='upload_to_s3' AIRFLOW_CTX_EXECUTION_DATE='2025-01-08T00:00:00+00:00' AIRFLOW_CTX_TRY_NUMBER='1' AIRFLOW_CTX_DAG_RUN_ID='scheduled__2025-01-08T00:00:00+00:00'
[2025-01-09T17:41:40.100+0000] {logging_mixin.py:151} INFO - Bucket already exists
[2025-01-09T17:41:47.477+0000] {logging_mixin.py:151} INFO - File uploaded to S3.
[2025-01-09T17:41:47.481+0000] {python.py:194} INFO - Done. Returned value was: None
[2025-01-09T17:41:47.509+0000] {taskinstance.py:1400} INFO - Marking task as SUCCESS. dag_id=etl_socialstream_pipeline, task_id=upload_to_s3, execution_date=20250108T000000, start_date=20250109T174139, end_date=20250109T174147
[2025-01-09T17:41:47.565+0000] {local_task_job_runner.py:228} INFO - Task exited with return code 0
[2025-01-09T17:41:47.577+0000] {taskinstance.py:2778} INFO - 0 downstream tasks scheduled from follow-on schedule check
