[2025-01-07T07:28:52.440+0000] {processor.py:157} INFO - Started process (PID=28) to work on /opt/airflow/dags/social_stream_dag.py
[2025-01-07T07:28:52.442+0000] {processor.py:829} INFO - Processing file /opt/airflow/dags/social_stream_dag.py for tasks to queue
[2025-01-07T07:28:52.446+0000] {logging_mixin.py:151} INFO - [2025-01-07T07:28:52.446+0000] {dagbag.py:536} INFO - Filling up the DagBag from /opt/airflow/dags/social_stream_dag.py
[2025-01-07T07:28:53.116+0000] {processor.py:839} INFO - DAG(s) dict_keys(['etl_socialstream_pipeline']) retrieved from /opt/airflow/dags/social_stream_dag.py
[2025-01-07T07:28:53.137+0000] {logging_mixin.py:151} INFO - [2025-01-07T07:28:53.136+0000] {dag.py:2941} INFO - Sync 1 DAGs
[2025-01-07T07:28:53.153+0000] {logging_mixin.py:151} INFO - [2025-01-07T07:28:53.153+0000] {dag.py:3722} INFO - Setting next_dagrun for etl_socialstream_pipeline to 2025-01-06T00:00:00+00:00, run_after=2025-01-07T00:00:00+00:00
[2025-01-07T07:28:53.196+0000] {processor.py:179} INFO - Processing /opt/airflow/dags/social_stream_dag.py took 0.759 seconds
[2025-01-07T07:29:23.761+0000] {processor.py:157} INFO - Started process (PID=34) to work on /opt/airflow/dags/social_stream_dag.py
[2025-01-07T07:29:23.762+0000] {processor.py:829} INFO - Processing file /opt/airflow/dags/social_stream_dag.py for tasks to queue
[2025-01-07T07:29:23.769+0000] {logging_mixin.py:151} INFO - [2025-01-07T07:29:23.768+0000] {dagbag.py:536} INFO - Filling up the DagBag from /opt/airflow/dags/social_stream_dag.py
[2025-01-07T07:29:24.277+0000] {processor.py:839} INFO - DAG(s) dict_keys(['etl_socialstream_pipeline']) retrieved from /opt/airflow/dags/social_stream_dag.py
[2025-01-07T07:29:24.286+0000] {logging_mixin.py:151} INFO - [2025-01-07T07:29:24.286+0000] {dag.py:2941} INFO - Sync 1 DAGs
[2025-01-07T07:29:24.295+0000] {logging_mixin.py:151} INFO - [2025-01-07T07:29:24.295+0000] {dag.py:3722} INFO - Setting next_dagrun for etl_socialstream_pipeline to 2025-01-07T00:00:00+00:00, run_after=2025-01-08T00:00:00+00:00
[2025-01-07T07:29:24.301+0000] {processor.py:179} INFO - Processing /opt/airflow/dags/social_stream_dag.py took 0.546 seconds
[2025-01-07T07:29:54.730+0000] {processor.py:157} INFO - Started process (PID=36) to work on /opt/airflow/dags/social_stream_dag.py
[2025-01-07T07:29:54.732+0000] {processor.py:829} INFO - Processing file /opt/airflow/dags/social_stream_dag.py for tasks to queue
[2025-01-07T07:29:54.737+0000] {logging_mixin.py:151} INFO - [2025-01-07T07:29:54.736+0000] {dagbag.py:536} INFO - Filling up the DagBag from /opt/airflow/dags/social_stream_dag.py
[2025-01-07T07:29:55.200+0000] {processor.py:839} INFO - DAG(s) dict_keys(['etl_socialstream_pipeline']) retrieved from /opt/airflow/dags/social_stream_dag.py
[2025-01-07T07:29:55.216+0000] {logging_mixin.py:151} INFO - [2025-01-07T07:29:55.216+0000] {dag.py:2941} INFO - Sync 1 DAGs
[2025-01-07T07:29:55.227+0000] {logging_mixin.py:151} INFO - [2025-01-07T07:29:55.227+0000] {dag.py:3722} INFO - Setting next_dagrun for etl_socialstream_pipeline to 2025-01-07T00:00:00+00:00, run_after=2025-01-08T00:00:00+00:00
[2025-01-07T07:29:55.233+0000] {processor.py:179} INFO - Processing /opt/airflow/dags/social_stream_dag.py took 0.511 seconds
[2025-01-07T07:30:25.402+0000] {processor.py:157} INFO - Started process (PID=38) to work on /opt/airflow/dags/social_stream_dag.py
[2025-01-07T07:30:25.406+0000] {processor.py:829} INFO - Processing file /opt/airflow/dags/social_stream_dag.py for tasks to queue
[2025-01-07T07:30:25.412+0000] {logging_mixin.py:151} INFO - [2025-01-07T07:30:25.412+0000] {dagbag.py:536} INFO - Filling up the DagBag from /opt/airflow/dags/social_stream_dag.py
[2025-01-07T07:30:25.845+0000] {processor.py:839} INFO - DAG(s) dict_keys(['etl_socialstream_pipeline']) retrieved from /opt/airflow/dags/social_stream_dag.py
[2025-01-07T07:30:25.864+0000] {logging_mixin.py:151} INFO - [2025-01-07T07:30:25.863+0000] {dag.py:2941} INFO - Sync 1 DAGs
[2025-01-07T07:30:25.874+0000] {logging_mixin.py:151} INFO - [2025-01-07T07:30:25.874+0000] {dag.py:3722} INFO - Setting next_dagrun for etl_socialstream_pipeline to 2025-01-07T00:00:00+00:00, run_after=2025-01-08T00:00:00+00:00
[2025-01-07T07:30:25.880+0000] {processor.py:179} INFO - Processing /opt/airflow/dags/social_stream_dag.py took 0.485 seconds
[2025-01-07T07:30:56.295+0000] {processor.py:157} INFO - Started process (PID=44) to work on /opt/airflow/dags/social_stream_dag.py
[2025-01-07T07:30:56.297+0000] {processor.py:829} INFO - Processing file /opt/airflow/dags/social_stream_dag.py for tasks to queue
[2025-01-07T07:30:56.303+0000] {logging_mixin.py:151} INFO - [2025-01-07T07:30:56.303+0000] {dagbag.py:536} INFO - Filling up the DagBag from /opt/airflow/dags/social_stream_dag.py
[2025-01-07T07:30:56.817+0000] {processor.py:839} INFO - DAG(s) dict_keys(['etl_socialstream_pipeline']) retrieved from /opt/airflow/dags/social_stream_dag.py
[2025-01-07T07:30:56.829+0000] {logging_mixin.py:151} INFO - [2025-01-07T07:30:56.829+0000] {dag.py:2941} INFO - Sync 1 DAGs
[2025-01-07T07:30:56.839+0000] {logging_mixin.py:151} INFO - [2025-01-07T07:30:56.839+0000] {dag.py:3722} INFO - Setting next_dagrun for etl_socialstream_pipeline to 2025-01-07T00:00:00+00:00, run_after=2025-01-08T00:00:00+00:00
[2025-01-07T07:30:56.847+0000] {processor.py:179} INFO - Processing /opt/airflow/dags/social_stream_dag.py took 0.560 seconds
