[2025-01-10T06:19:20.719+0000] {taskinstance.py:1159} INFO - Dependencies all met for dep_context=non-requeueable deps ti=<TaskInstance: etl_socialstream_pipeline.upload_to_s3 scheduled__2025-01-09T00:00:00+00:00 [queued]>
[2025-01-10T06:19:20.722+0000] {taskinstance.py:1159} INFO - Dependencies all met for dep_context=requeueable deps ti=<TaskInstance: etl_socialstream_pipeline.upload_to_s3 scheduled__2025-01-09T00:00:00+00:00 [queued]>
[2025-01-10T06:19:20.722+0000] {taskinstance.py:1361} INFO - Starting attempt 1 of 4
[2025-01-10T06:19:20.726+0000] {taskinstance.py:1382} INFO - Executing <Task(PythonOperator): upload_to_s3> on 2025-01-09 00:00:00+00:00
[2025-01-10T06:19:20.728+0000] {standard_task_runner.py:57} INFO - Started process 52 to run task
[2025-01-10T06:19:20.730+0000] {standard_task_runner.py:84} INFO - Running: ['airflow', 'tasks', 'run', 'etl_socialstream_pipeline', 'upload_to_s3', 'scheduled__2025-01-09T00:00:00+00:00', '--job-id', '3', '--raw', '--subdir', 'DAGS_FOLDER/social_stream_dag.py', '--cfg-path', '/tmp/tmp5cj7rlnm']
[2025-01-10T06:19:20.732+0000] {standard_task_runner.py:85} INFO - Job 3: Subtask upload_to_s3
[2025-01-10T06:19:20.758+0000] {task_command.py:416} INFO - Running <TaskInstance: etl_socialstream_pipeline.upload_to_s3 scheduled__2025-01-09T00:00:00+00:00 [running]> on host 945f52021b45
[2025-01-10T06:19:20.787+0000] {taskinstance.py:1662} INFO - Exporting env vars: AIRFLOW_CTX_DAG_EMAIL='atharvnanaware01@gmail.com' AIRFLOW_CTX_DAG_OWNER='Atharv-Nanaware' AIRFLOW_CTX_DAG_ID='etl_socialstream_pipeline' AIRFLOW_CTX_TASK_ID='upload_to_s3' AIRFLOW_CTX_EXECUTION_DATE='2025-01-09T00:00:00+00:00' AIRFLOW_CTX_TRY_NUMBER='1' AIRFLOW_CTX_DAG_RUN_ID='scheduled__2025-01-09T00:00:00+00:00'
[2025-01-10T06:19:21.754+0000] {logging_mixin.py:151} INFO - Bucket already exists
[2025-01-10T06:19:28.859+0000] {logging_mixin.py:151} INFO - File uploaded to S3.
[2025-01-10T06:19:28.872+0000] {python.py:194} INFO - Done. Returned value was: None
[2025-01-10T06:19:28.896+0000] {taskinstance.py:1400} INFO - Marking task as SUCCESS. dag_id=etl_socialstream_pipeline, task_id=upload_to_s3, execution_date=20250109T000000, start_date=20250110T061920, end_date=20250110T061928
[2025-01-10T06:19:28.964+0000] {local_task_job_runner.py:228} INFO - Task exited with return code 0
[2025-01-10T06:19:28.987+0000] {taskinstance.py:2778} INFO - 0 downstream tasks scheduled from follow-on schedule check
[2025-01-10T06:27:48.404+0000] {taskinstance.py:1159} INFO - Dependencies all met for dep_context=non-requeueable deps ti=<TaskInstance: etl_socialstream_pipeline.upload_to_s3 scheduled__2025-01-09T00:00:00+00:00 [queued]>
[2025-01-10T06:27:48.407+0000] {taskinstance.py:1159} INFO - Dependencies all met for dep_context=requeueable deps ti=<TaskInstance: etl_socialstream_pipeline.upload_to_s3 scheduled__2025-01-09T00:00:00+00:00 [queued]>
[2025-01-10T06:27:48.407+0000] {taskinstance.py:1361} INFO - Starting attempt 1 of 4
[2025-01-10T06:27:48.412+0000] {taskinstance.py:1382} INFO - Executing <Task(PythonOperator): upload_to_s3> on 2025-01-09 00:00:00+00:00
[2025-01-10T06:27:48.415+0000] {standard_task_runner.py:57} INFO - Started process 53 to run task
[2025-01-10T06:27:48.417+0000] {standard_task_runner.py:84} INFO - Running: ['airflow', 'tasks', 'run', 'etl_socialstream_pipeline', 'upload_to_s3', 'scheduled__2025-01-09T00:00:00+00:00', '--job-id', '3', '--raw', '--subdir', 'DAGS_FOLDER/social_stream_dag.py', '--cfg-path', '/tmp/tmp_8yjgq87']
[2025-01-10T06:27:48.419+0000] {standard_task_runner.py:85} INFO - Job 3: Subtask upload_to_s3
[2025-01-10T06:27:48.447+0000] {task_command.py:416} INFO - Running <TaskInstance: etl_socialstream_pipeline.upload_to_s3 scheduled__2025-01-09T00:00:00+00:00 [running]> on host 8634db78728e
[2025-01-10T06:27:48.477+0000] {taskinstance.py:1662} INFO - Exporting env vars: AIRFLOW_CTX_DAG_EMAIL='atharvnanaware01@gmail.com' AIRFLOW_CTX_DAG_OWNER='Atharv-Nanaware' AIRFLOW_CTX_DAG_ID='etl_socialstream_pipeline' AIRFLOW_CTX_TASK_ID='upload_to_s3' AIRFLOW_CTX_EXECUTION_DATE='2025-01-09T00:00:00+00:00' AIRFLOW_CTX_TRY_NUMBER='1' AIRFLOW_CTX_DAG_RUN_ID='scheduled__2025-01-09T00:00:00+00:00'
[2025-01-10T06:27:49.525+0000] {logging_mixin.py:151} INFO - Bucket already exists
[2025-01-10T06:27:56.643+0000] {logging_mixin.py:151} INFO - File uploaded to S3.
[2025-01-10T06:27:56.645+0000] {python.py:194} INFO - Done. Returned value was: None
[2025-01-10T06:27:56.672+0000] {taskinstance.py:1400} INFO - Marking task as SUCCESS. dag_id=etl_socialstream_pipeline, task_id=upload_to_s3, execution_date=20250109T000000, start_date=20250110T062748, end_date=20250110T062756
[2025-01-10T06:27:56.741+0000] {local_task_job_runner.py:228} INFO - Task exited with return code 0
[2025-01-10T06:27:56.765+0000] {taskinstance.py:2778} INFO - 0 downstream tasks scheduled from follow-on schedule check
