[2025-01-04T14:52:50.688+0000] {manager.py:487} INFO - Processing files using up to 2 processes at a time 
[2025-01-04T14:52:50.691+0000] {manager.py:488} INFO - Process each file at most once every 30 seconds
[2025-01-04T14:52:50.691+0000] {manager.py:489} INFO - Checking for new files in /opt/airflow/dags every 300 seconds
[2025-01-04T14:52:50.691+0000] {manager.py:755} INFO - Searching for files in /opt/airflow/dags
[2025-01-04T14:52:50.695+0000] {manager.py:758} INFO - There are 0 files in /opt/airflow/dags
[2025-01-04T14:57:50.891+0000] {manager.py:755} INFO - Searching for files in /opt/airflow/dags
[2025-01-04T14:57:50.926+0000] {manager.py:758} INFO - There are 0 files in /opt/airflow/dags
[2025-01-04T15:02:51.074+0000] {manager.py:755} INFO - Searching for files in /opt/airflow/dags
[2025-01-04T15:02:51.098+0000] {manager.py:758} INFO - There are 0 files in /opt/airflow/dags
[2025-01-04T15:04:46.463+0000] {manager.py:469} INFO - Exiting gracefully upon receiving signal 15
[2025-01-04T15:05:59.511+0000] {manager.py:487} INFO - Processing files using up to 2 processes at a time 
[2025-01-04T15:05:59.512+0000] {manager.py:488} INFO - Process each file at most once every 30 seconds
[2025-01-04T15:05:59.512+0000] {manager.py:489} INFO - Checking for new files in /opt/airflow/dags every 300 seconds
[2025-01-04T15:05:59.513+0000] {manager.py:755} INFO - Searching for files in /opt/airflow/dags
[2025-01-04T15:05:59.515+0000] {manager.py:758} INFO - There are 0 files in /opt/airflow/dags
[2025-01-04T15:07:24.044+0000] {manager.py:469} INFO - Exiting gracefully upon receiving signal 15
[2025-01-04T16:38:40.266+0000] {manager.py:487} INFO - Processing files using up to 2 processes at a time 
[2025-01-04T16:38:40.267+0000] {manager.py:488} INFO - Process each file at most once every 30 seconds
[2025-01-04T16:38:40.268+0000] {manager.py:489} INFO - Checking for new files in /opt/airflow/dags every 300 seconds
[2025-01-04T16:38:40.271+0000] {manager.py:755} INFO - Searching for files in /opt/airflow/dags
[2025-01-04T16:38:40.279+0000] {manager.py:758} INFO - There are 1 files in /opt/airflow/dags
[2025-01-04T16:38:40.364+0000] {manager.py:887} INFO - 
================================================================================
DAG File Processing Stats

File Path                                 PID  Runtime      # DAGs    # Errors  Last Runtime    Last Run
--------------------------------------  -----  ---------  --------  ----------  --------------  ----------
/opt/airflow/dags/social_stream_dag.py     29  0.04s             0           0
================================================================================
[2025-01-04T16:39:10.659+0000] {manager.py:887} INFO - 
================================================================================
DAG File Processing Stats

File Path                               PID    Runtime      # DAGs    # Errors  Last Runtime    Last Run
--------------------------------------  -----  ---------  --------  ----------  --------------  -------------------
/opt/airflow/dags/social_stream_dag.py                           0           1  0.50s           2025-01-04T16:38:40
================================================================================
[2025-01-04T16:39:40.834+0000] {manager.py:887} INFO - 
================================================================================
DAG File Processing Stats

File Path                               PID    Runtime      # DAGs    # Errors  Last Runtime    Last Run
--------------------------------------  -----  ---------  --------  ----------  --------------  -------------------
/opt/airflow/dags/social_stream_dag.py                           0           1  0.45s           2025-01-04T16:39:11
================================================================================
[2025-01-04T16:40:11.138+0000] {manager.py:887} INFO - 
================================================================================
DAG File Processing Stats

File Path                               PID    Runtime      # DAGs    # Errors  Last Runtime    Last Run
--------------------------------------  -----  ---------  --------  ----------  --------------  -------------------
/opt/airflow/dags/social_stream_dag.py                           0           1  0.39s           2025-01-04T16:39:42
================================================================================
[2025-01-04T16:40:41.236+0000] {manager.py:887} INFO - 
================================================================================
DAG File Processing Stats

File Path                               PID    Runtime      # DAGs    # Errors  Last Runtime    Last Run
--------------------------------------  -----  ---------  --------  ----------  --------------  -------------------
/opt/airflow/dags/social_stream_dag.py                           0           1  0.42s           2025-01-04T16:40:12
================================================================================
[2025-01-04T16:41:12.193+0000] {manager.py:887} INFO - 
================================================================================
DAG File Processing Stats

File Path                               PID    Runtime      # DAGs    # Errors  Last Runtime    Last Run
--------------------------------------  -----  ---------  --------  ----------  --------------  -------------------
/opt/airflow/dags/social_stream_dag.py                           0           1  0.65s           2025-01-04T16:40:43
================================================================================
[2025-01-04T16:41:42.513+0000] {manager.py:887} INFO - 
================================================================================
DAG File Processing Stats

File Path                               PID    Runtime      # DAGs    # Errors  Last Runtime    Last Run
--------------------------------------  -----  ---------  --------  ----------  --------------  -------------------
/opt/airflow/dags/social_stream_dag.py                           1           0  0.61s           2025-01-04T16:41:14
================================================================================
[2025-01-04T16:42:12.882+0000] {manager.py:887} INFO - 
================================================================================
DAG File Processing Stats

File Path                               PID    Runtime      # DAGs    # Errors  Last Runtime    Last Run
--------------------------------------  -----  ---------  --------  ----------  --------------  -------------------
/opt/airflow/dags/social_stream_dag.py                           1           0  0.44s           2025-01-04T16:41:45
================================================================================
[2025-01-04T16:42:43.272+0000] {manager.py:887} INFO - 
================================================================================
DAG File Processing Stats

File Path                               PID    Runtime      # DAGs    # Errors  Last Runtime    Last Run
--------------------------------------  -----  ---------  --------  ----------  --------------  -------------------
/opt/airflow/dags/social_stream_dag.py                           1           0  0.50s           2025-01-04T16:42:16
================================================================================
[2025-01-04T16:43:13.468+0000] {manager.py:887} INFO - 
================================================================================
DAG File Processing Stats

File Path                               PID    Runtime      # DAGs    # Errors  Last Runtime    Last Run
--------------------------------------  -----  ---------  --------  ----------  --------------  -------------------
/opt/airflow/dags/social_stream_dag.py                           1           0  0.46s           2025-01-04T16:42:47
================================================================================
[2025-01-04T16:43:40.783+0000] {manager.py:755} INFO - Searching for files in /opt/airflow/dags
[2025-01-04T16:43:40.800+0000] {manager.py:758} INFO - There are 1 files in /opt/airflow/dags
[2025-01-04T16:43:43.853+0000] {manager.py:887} INFO - 
================================================================================
DAG File Processing Stats

File Path                               PID    Runtime      # DAGs    # Errors  Last Runtime    Last Run
--------------------------------------  -----  ---------  --------  ----------  --------------  -------------------
/opt/airflow/dags/social_stream_dag.py                           1           0  0.45s           2025-01-04T16:43:17
================================================================================
[2025-01-04T16:44:13.991+0000] {manager.py:887} INFO - 
================================================================================
DAG File Processing Stats

File Path                               PID    Runtime      # DAGs    # Errors  Last Runtime    Last Run
--------------------------------------  -----  ---------  --------  ----------  --------------  -------------------
/opt/airflow/dags/social_stream_dag.py                           1           0  0.43s           2025-01-04T16:43:48
================================================================================
[2025-01-04T16:44:44.326+0000] {manager.py:887} INFO - 
================================================================================
DAG File Processing Stats

File Path                               PID    Runtime      # DAGs    # Errors  Last Runtime    Last Run
--------------------------------------  -----  ---------  --------  ----------  --------------  -------------------
/opt/airflow/dags/social_stream_dag.py                           1           0  0.45s           2025-01-04T16:44:19
================================================================================
[2025-01-04T16:45:14.464+0000] {manager.py:887} INFO - 
================================================================================
DAG File Processing Stats

File Path                               PID    Runtime      # DAGs    # Errors  Last Runtime    Last Run
--------------------------------------  -----  ---------  --------  ----------  --------------  -------------------
/opt/airflow/dags/social_stream_dag.py                           1           0  0.45s           2025-01-04T16:44:50
================================================================================
[2025-01-04T16:45:45.358+0000] {manager.py:887} INFO - 
================================================================================
DAG File Processing Stats

File Path                               PID    Runtime      # DAGs    # Errors  Last Runtime    Last Run
--------------------------------------  -----  ---------  --------  ----------  --------------  -------------------
/opt/airflow/dags/social_stream_dag.py                           1           0  0.68s           2025-01-04T16:45:21
================================================================================
[2025-01-04T16:46:15.798+0000] {manager.py:887} INFO - 
================================================================================
DAG File Processing Stats

File Path                               PID    Runtime      # DAGs    # Errors  Last Runtime    Last Run
--------------------------------------  -----  ---------  --------  ----------  --------------  -------------------
/opt/airflow/dags/social_stream_dag.py                           1           0  0.56s           2025-01-04T16:45:52
================================================================================
[2025-01-04T16:46:45.983+0000] {manager.py:887} INFO - 
================================================================================
DAG File Processing Stats

File Path                               PID    Runtime      # DAGs    # Errors  Last Runtime    Last Run
--------------------------------------  -----  ---------  --------  ----------  --------------  -------------------
/opt/airflow/dags/social_stream_dag.py                           1           0  0.41s           2025-01-04T16:46:22
================================================================================
[2025-01-04T16:47:16.307+0000] {manager.py:887} INFO - 
================================================================================
DAG File Processing Stats

File Path                               PID    Runtime      # DAGs    # Errors  Last Runtime    Last Run
--------------------------------------  -----  ---------  --------  ----------  --------------  -------------------
/opt/airflow/dags/social_stream_dag.py                           1           0  0.45s           2025-01-04T16:46:53
================================================================================
[2025-01-04T16:47:46.489+0000] {manager.py:887} INFO - 
================================================================================
DAG File Processing Stats

File Path                               PID    Runtime      # DAGs    # Errors  Last Runtime    Last Run
--------------------------------------  -----  ---------  --------  ----------  --------------  -------------------
/opt/airflow/dags/social_stream_dag.py                           1           0  0.45s           2025-01-04T16:47:24
================================================================================
[2025-01-04T16:48:16.808+0000] {manager.py:887} INFO - 
================================================================================
DAG File Processing Stats

File Path                               PID    Runtime      # DAGs    # Errors  Last Runtime    Last Run
--------------------------------------  -----  ---------  --------  ----------  --------------  -------------------
/opt/airflow/dags/social_stream_dag.py                           1           0  0.47s           2025-01-04T16:47:55
================================================================================
[2025-01-04T16:48:40.931+0000] {manager.py:755} INFO - Searching for files in /opt/airflow/dags
[2025-01-04T16:48:40.941+0000] {manager.py:758} INFO - There are 1 files in /opt/airflow/dags
[2025-01-04T16:48:47.000+0000] {manager.py:887} INFO - 
================================================================================
DAG File Processing Stats

File Path                               PID    Runtime      # DAGs    # Errors  Last Runtime    Last Run
--------------------------------------  -----  ---------  --------  ----------  --------------  -------------------
/opt/airflow/dags/social_stream_dag.py                           1           0  0.43s           2025-01-04T16:48:25
================================================================================
[2025-01-04T16:49:17.339+0000] {manager.py:887} INFO - 
================================================================================
DAG File Processing Stats

File Path                               PID    Runtime      # DAGs    # Errors  Last Runtime    Last Run
--------------------------------------  -----  ---------  --------  ----------  --------------  -------------------
/opt/airflow/dags/social_stream_dag.py                           1           0  0.49s           2025-01-04T16:48:56
================================================================================
[2025-01-04T16:49:47.755+0000] {manager.py:887} INFO - 
================================================================================
DAG File Processing Stats

File Path                               PID    Runtime      # DAGs    # Errors  Last Runtime    Last Run
--------------------------------------  -----  ---------  --------  ----------  --------------  -------------------
/opt/airflow/dags/social_stream_dag.py                           1           0  0.60s           2025-01-04T16:49:27
================================================================================
[2025-01-04T16:50:18.157+0000] {manager.py:887} INFO - 
================================================================================
DAG File Processing Stats

File Path                               PID    Runtime      # DAGs    # Errors  Last Runtime    Last Run
--------------------------------------  -----  ---------  --------  ----------  --------------  -------------------
/opt/airflow/dags/social_stream_dag.py                           1           0  0.50s           2025-01-04T16:49:58
================================================================================
[2025-01-04T16:50:48.391+0000] {manager.py:887} INFO - 
================================================================================
DAG File Processing Stats

File Path                               PID    Runtime      # DAGs    # Errors  Last Runtime    Last Run
--------------------------------------  -----  ---------  --------  ----------  --------------  -------------------
/opt/airflow/dags/social_stream_dag.py                           1           0  0.44s           2025-01-04T16:50:29
================================================================================
[2025-01-04T16:51:19.305+0000] {manager.py:887} INFO - 
================================================================================
DAG File Processing Stats

File Path                               PID    Runtime      # DAGs    # Errors  Last Runtime    Last Run
--------------------------------------  -----  ---------  --------  ----------  --------------  -------------------
/opt/airflow/dags/social_stream_dag.py                           1           0  0.62s           2025-01-04T16:51:00
================================================================================
[2025-01-04T16:51:49.779+0000] {manager.py:887} INFO - 
================================================================================
DAG File Processing Stats

File Path                               PID    Runtime      # DAGs    # Errors  Last Runtime    Last Run
--------------------------------------  -----  ---------  --------  ----------  --------------  -------------------
/opt/airflow/dags/social_stream_dag.py                           1           0  1.21s           2025-01-04T16:51:32
================================================================================
[2025-01-04T16:52:20.229+0000] {manager.py:887} INFO - 
================================================================================
DAG File Processing Stats

File Path                               PID    Runtime      # DAGs    # Errors  Last Runtime    Last Run
--------------------------------------  -----  ---------  --------  ----------  --------------  -------------------
/opt/airflow/dags/social_stream_dag.py                           1           0  0.47s           2025-01-04T16:52:03
================================================================================
[2025-01-04T16:52:50.953+0000] {manager.py:887} INFO - 
================================================================================
DAG File Processing Stats

File Path                               PID    Runtime      # DAGs    # Errors  Last Runtime    Last Run
--------------------------------------  -----  ---------  --------  ----------  --------------  -------------------
/opt/airflow/dags/social_stream_dag.py                           1           0  0.75s           2025-01-04T16:52:38
================================================================================
[2025-01-04T16:53:21.354+0000] {manager.py:887} INFO - 
================================================================================
DAG File Processing Stats

File Path                               PID    Runtime      # DAGs    # Errors  Last Runtime    Last Run
--------------------------------------  -----  ---------  --------  ----------  --------------  -------------------
/opt/airflow/dags/social_stream_dag.py                           1           0  0.48s           2025-01-04T16:53:08
================================================================================
[2025-01-04T16:53:41.001+0000] {manager.py:755} INFO - Searching for files in /opt/airflow/dags
[2025-01-04T16:53:41.011+0000] {manager.py:758} INFO - There are 1 files in /opt/airflow/dags
[2025-01-04T16:53:51.552+0000] {manager.py:887} INFO - 
================================================================================
DAG File Processing Stats

File Path                               PID    Runtime      # DAGs    # Errors  Last Runtime    Last Run
--------------------------------------  -----  ---------  --------  ----------  --------------  -------------------
/opt/airflow/dags/social_stream_dag.py                           1           0  0.47s           2025-01-04T16:53:39
================================================================================
[2025-01-04T16:54:22.351+0000] {manager.py:887} INFO - 
================================================================================
DAG File Processing Stats

File Path                               PID    Runtime      # DAGs    # Errors  Last Runtime    Last Run
--------------------------------------  -----  ---------  --------  ----------  --------------  -------------------
/opt/airflow/dags/social_stream_dag.py                           1           0  0.52s           2025-01-04T16:54:10
================================================================================
[2025-01-04T16:54:52.731+0000] {manager.py:887} INFO - 
================================================================================
DAG File Processing Stats

File Path                               PID    Runtime      # DAGs    # Errors  Last Runtime    Last Run
--------------------------------------  -----  ---------  --------  ----------  --------------  -------------------
/opt/airflow/dags/social_stream_dag.py                           1           0  0.46s           2025-01-04T16:54:41
================================================================================
[2025-01-04T16:55:22.934+0000] {manager.py:887} INFO - 
================================================================================
DAG File Processing Stats

File Path                               PID    Runtime      # DAGs    # Errors  Last Runtime    Last Run
--------------------------------------  -----  ---------  --------  ----------  --------------  -------------------
/opt/airflow/dags/social_stream_dag.py                           1           0  0.52s           2025-01-04T16:55:11
================================================================================
[2025-01-04T16:55:53.282+0000] {manager.py:887} INFO - 
================================================================================
DAG File Processing Stats

File Path                               PID    Runtime      # DAGs    # Errors  Last Runtime    Last Run
--------------------------------------  -----  ---------  --------  ----------  --------------  -------------------
/opt/airflow/dags/social_stream_dag.py                           1           0  0.43s           2025-01-04T16:55:42
================================================================================
[2025-01-04T16:56:23.398+0000] {manager.py:887} INFO - 
================================================================================
DAG File Processing Stats

File Path                               PID    Runtime      # DAGs    # Errors  Last Runtime    Last Run
--------------------------------------  -----  ---------  --------  ----------  --------------  -------------------
/opt/airflow/dags/social_stream_dag.py                           1           0  0.47s           2025-01-04T16:56:13
================================================================================
[2025-01-04T16:56:53.711+0000] {manager.py:887} INFO - 
================================================================================
DAG File Processing Stats

File Path                               PID    Runtime      # DAGs    # Errors  Last Runtime    Last Run
--------------------------------------  -----  ---------  --------  ----------  --------------  -------------------
/opt/airflow/dags/social_stream_dag.py                           1           0  0.49s           2025-01-04T16:56:44
================================================================================
[2025-01-04T16:57:23.968+0000] {manager.py:887} INFO - 
================================================================================
DAG File Processing Stats

File Path                               PID    Runtime      # DAGs    # Errors  Last Runtime    Last Run
--------------------------------------  -----  ---------  --------  ----------  --------------  -------------------
/opt/airflow/dags/social_stream_dag.py                           1           0  0.47s           2025-01-04T16:57:14
================================================================================
[2025-01-04T16:57:54.287+0000] {manager.py:887} INFO - 
================================================================================
DAG File Processing Stats

File Path                               PID    Runtime      # DAGs    # Errors  Last Runtime    Last Run
--------------------------------------  -----  ---------  --------  ----------  --------------  -------------------
/opt/airflow/dags/social_stream_dag.py                           1           0  0.43s           2025-01-04T16:57:45
================================================================================
[2025-01-04T16:58:24.580+0000] {manager.py:887} INFO - 
================================================================================
DAG File Processing Stats

File Path                               PID    Runtime      # DAGs    # Errors  Last Runtime    Last Run
--------------------------------------  -----  ---------  --------  ----------  --------------  -------------------
/opt/airflow/dags/social_stream_dag.py                           1           0  0.58s           2025-01-04T16:58:16
================================================================================
[2025-01-04T16:58:41.223+0000] {manager.py:755} INFO - Searching for files in /opt/airflow/dags
[2025-01-04T16:58:41.232+0000] {manager.py:758} INFO - There are 1 files in /opt/airflow/dags
[2025-01-04T16:58:54.885+0000] {manager.py:887} INFO - 
================================================================================
DAG File Processing Stats

File Path                               PID    Runtime      # DAGs    # Errors  Last Runtime    Last Run
--------------------------------------  -----  ---------  --------  ----------  --------------  -------------------
/opt/airflow/dags/social_stream_dag.py                           1           0  0.46s           2025-01-04T16:58:47
================================================================================
[2025-01-04T16:59:25.246+0000] {manager.py:887} INFO - 
================================================================================
DAG File Processing Stats

File Path                               PID    Runtime      # DAGs    # Errors  Last Runtime    Last Run
--------------------------------------  -----  ---------  --------  ----------  --------------  -------------------
/opt/airflow/dags/social_stream_dag.py                           1           0  0.72s           2025-01-04T16:59:18
================================================================================
[2025-01-04T16:59:55.687+0000] {manager.py:887} INFO - 
================================================================================
DAG File Processing Stats

File Path                               PID    Runtime      # DAGs    # Errors  Last Runtime    Last Run
--------------------------------------  -----  ---------  --------  ----------  --------------  -------------------
/opt/airflow/dags/social_stream_dag.py                           1           0  0.52s           2025-01-04T16:59:49
================================================================================
[2025-01-04T17:00:25.870+0000] {manager.py:887} INFO - 
================================================================================
DAG File Processing Stats

File Path                               PID    Runtime      # DAGs    # Errors  Last Runtime    Last Run
--------------------------------------  -----  ---------  --------  ----------  --------------  -------------------
/opt/airflow/dags/social_stream_dag.py                           1           0  0.48s           2025-01-04T17:00:19
================================================================================
[2025-01-04T17:00:56.712+0000] {manager.py:887} INFO - 
================================================================================
DAG File Processing Stats

File Path                               PID    Runtime      # DAGs    # Errors  Last Runtime    Last Run
--------------------------------------  -----  ---------  --------  ----------  --------------  -------------------
/opt/airflow/dags/social_stream_dag.py                           1           0  0.56s           2025-01-04T17:00:50
================================================================================
[2025-01-04T17:01:27.045+0000] {manager.py:887} INFO - 
================================================================================
DAG File Processing Stats

File Path                               PID    Runtime      # DAGs    # Errors  Last Runtime    Last Run
--------------------------------------  -----  ---------  --------  ----------  --------------  -------------------
/opt/airflow/dags/social_stream_dag.py                           1           0  0.59s           2025-01-04T17:01:21
================================================================================
[2025-01-04T17:01:57.315+0000] {manager.py:887} INFO - 
================================================================================
DAG File Processing Stats

File Path                               PID    Runtime      # DAGs    # Errors  Last Runtime    Last Run
--------------------------------------  -----  ---------  --------  ----------  --------------  -------------------
/opt/airflow/dags/social_stream_dag.py                           1           0  0.59s           2025-01-04T17:01:52
================================================================================
[2025-01-04T17:02:27.791+0000] {manager.py:887} INFO - 
================================================================================
DAG File Processing Stats

File Path                               PID    Runtime      # DAGs    # Errors  Last Runtime    Last Run
--------------------------------------  -----  ---------  --------  ----------  --------------  -------------------
/opt/airflow/dags/social_stream_dag.py                           1           0  0.46s           2025-01-04T17:02:23
================================================================================
[2025-01-04T17:02:58.304+0000] {manager.py:887} INFO - 
================================================================================
DAG File Processing Stats

File Path                               PID    Runtime      # DAGs    # Errors  Last Runtime    Last Run
--------------------------------------  -----  ---------  --------  ----------  --------------  -------------------
/opt/airflow/dags/social_stream_dag.py                           1           0  0.50s           2025-01-04T17:02:53
================================================================================
[2025-01-04T17:03:28.394+0000] {manager.py:887} INFO - 
================================================================================
DAG File Processing Stats

File Path                               PID    Runtime      # DAGs    # Errors  Last Runtime    Last Run
--------------------------------------  -----  ---------  --------  ----------  --------------  -------------------
/opt/airflow/dags/social_stream_dag.py                           1           0  0.49s           2025-01-04T17:03:24
================================================================================
[2025-01-04T17:03:41.503+0000] {manager.py:755} INFO - Searching for files in /opt/airflow/dags
[2025-01-04T17:03:41.515+0000] {manager.py:758} INFO - There are 1 files in /opt/airflow/dags
[2025-01-04T17:03:59.326+0000] {manager.py:887} INFO - 
================================================================================
DAG File Processing Stats

File Path                               PID    Runtime      # DAGs    # Errors  Last Runtime    Last Run
--------------------------------------  -----  ---------  --------  ----------  --------------  -------------------
/opt/airflow/dags/social_stream_dag.py                           1           0  0.64s           2025-01-04T17:03:55
================================================================================
[2025-01-04T17:04:29.699+0000] {manager.py:887} INFO - 
================================================================================
DAG File Processing Stats

File Path                               PID    Runtime      # DAGs    # Errors  Last Runtime    Last Run
--------------------------------------  -----  ---------  --------  ----------  --------------  -------------------
/opt/airflow/dags/social_stream_dag.py                           1           0  0.49s           2025-01-04T17:04:26
================================================================================
[2025-01-04T17:04:59.986+0000] {manager.py:887} INFO - 
================================================================================
DAG File Processing Stats

File Path                               PID    Runtime      # DAGs    # Errors  Last Runtime    Last Run
--------------------------------------  -----  ---------  --------  ----------  --------------  -------------------
/opt/airflow/dags/social_stream_dag.py                           1           0  0.54s           2025-01-04T17:04:56
================================================================================
[2025-01-04T17:05:30.776+0000] {manager.py:887} INFO - 
================================================================================
DAG File Processing Stats

File Path                               PID    Runtime      # DAGs    # Errors  Last Runtime    Last Run
--------------------------------------  -----  ---------  --------  ----------  --------------  -------------------
/opt/airflow/dags/social_stream_dag.py                           1           0  0.64s           2025-01-04T17:05:27
================================================================================
[2025-01-04T17:06:00.863+0000] {manager.py:887} INFO - 
================================================================================
DAG File Processing Stats

File Path                               PID    Runtime      # DAGs    # Errors  Last Runtime    Last Run
--------------------------------------  -----  ---------  --------  ----------  --------------  -------------------
/opt/airflow/dags/social_stream_dag.py                           1           0  0.60s           2025-01-04T17:05:58
================================================================================
[2025-01-04T17:06:31.558+0000] {manager.py:887} INFO - 
================================================================================
DAG File Processing Stats

File Path                               PID    Runtime      # DAGs    # Errors  Last Runtime    Last Run
--------------------------------------  -----  ---------  --------  ----------  --------------  -------------------
/opt/airflow/dags/social_stream_dag.py                           1           0  0.57s           2025-01-04T17:06:29
================================================================================
[2025-01-04T17:07:02.052+0000] {manager.py:887} INFO - 
================================================================================
DAG File Processing Stats

File Path                               PID    Runtime      # DAGs    # Errors  Last Runtime    Last Run
--------------------------------------  -----  ---------  --------  ----------  --------------  -------------------
/opt/airflow/dags/social_stream_dag.py                           1           0  0.61s           2025-01-04T17:07:00
================================================================================
[2025-01-04T17:07:32.273+0000] {manager.py:887} INFO - 
================================================================================
DAG File Processing Stats

File Path                               PID    Runtime      # DAGs    # Errors  Last Runtime    Last Run
--------------------------------------  -----  ---------  --------  ----------  --------------  -------------------
/opt/airflow/dags/social_stream_dag.py                           1           0  0.50s           2025-01-04T17:07:31
================================================================================
[2025-01-04T17:08:02.584+0000] {manager.py:887} INFO - 
================================================================================
DAG File Processing Stats

File Path                               PID    Runtime      # DAGs    # Errors  Last Runtime    Last Run
--------------------------------------  -----  ---------  --------  ----------  --------------  -------------------
/opt/airflow/dags/social_stream_dag.py                           1           0  0.49s           2025-01-04T17:08:02
================================================================================
[2025-01-04T17:08:32.808+0000] {manager.py:887} INFO - 
================================================================================
DAG File Processing Stats

File Path                               PID    Runtime      # DAGs    # Errors  Last Runtime    Last Run
--------------------------------------  -----  ---------  --------  ----------  --------------  -------------------
/opt/airflow/dags/social_stream_dag.py                           1           0  0.48s           2025-01-04T17:08:32
================================================================================
[2025-01-04T17:08:41.879+0000] {manager.py:755} INFO - Searching for files in /opt/airflow/dags
[2025-01-04T17:08:41.889+0000] {manager.py:758} INFO - There are 1 files in /opt/airflow/dags
[2025-01-04T17:09:03.128+0000] {manager.py:887} INFO - 
================================================================================
DAG File Processing Stats

File Path                                 PID  Runtime      # DAGs    # Errors  Last Runtime    Last Run
--------------------------------------  -----  ---------  --------  ----------  --------------  -------------------
/opt/airflow/dags/social_stream_dag.py    155  0.01s             1           0  0.48s           2025-01-04T17:08:32
================================================================================
[2025-01-04T17:09:33.424+0000] {manager.py:887} INFO - 
================================================================================
DAG File Processing Stats

File Path                               PID    Runtime      # DAGs    # Errors  Last Runtime    Last Run
--------------------------------------  -----  ---------  --------  ----------  --------------  -------------------
/opt/airflow/dags/social_stream_dag.py                           1           0  0.46s           2025-01-04T17:09:03
================================================================================
[2025-01-04T17:10:03.612+0000] {manager.py:887} INFO - 
================================================================================
DAG File Processing Stats

File Path                               PID    Runtime      # DAGs    # Errors  Last Runtime    Last Run
--------------------------------------  -----  ---------  --------  ----------  --------------  -------------------
/opt/airflow/dags/social_stream_dag.py                           1           0  0.46s           2025-01-04T17:09:34
================================================================================
[2025-01-04T17:10:33.958+0000] {manager.py:887} INFO - 
================================================================================
DAG File Processing Stats

File Path                               PID    Runtime      # DAGs    # Errors  Last Runtime    Last Run
--------------------------------------  -----  ---------  --------  ----------  --------------  -------------------
/opt/airflow/dags/social_stream_dag.py                           1           0  0.43s           2025-01-04T17:10:05
================================================================================
[2025-01-04T17:11:04.107+0000] {manager.py:887} INFO - 
================================================================================
DAG File Processing Stats

File Path                               PID    Runtime      # DAGs    # Errors  Last Runtime    Last Run
--------------------------------------  -----  ---------  --------  ----------  --------------  -------------------
/opt/airflow/dags/social_stream_dag.py                           1           0  0.48s           2025-01-04T17:10:35
================================================================================
[2025-01-04T17:11:35.022+0000] {manager.py:887} INFO - 
================================================================================
DAG File Processing Stats

File Path                               PID    Runtime      # DAGs    # Errors  Last Runtime    Last Run
--------------------------------------  -----  ---------  --------  ----------  --------------  -------------------
/opt/airflow/dags/social_stream_dag.py                           1           0  0.69s           2025-01-04T17:11:06
================================================================================
[2025-01-04T17:12:05.386+0000] {manager.py:887} INFO - 
================================================================================
DAG File Processing Stats

File Path                               PID    Runtime      # DAGs    # Errors  Last Runtime    Last Run
--------------------------------------  -----  ---------  --------  ----------  --------------  -------------------
/opt/airflow/dags/social_stream_dag.py                           1           0  0.53s           2025-01-04T17:11:37
================================================================================
[2025-01-04T17:12:35.681+0000] {manager.py:887} INFO - 
================================================================================
DAG File Processing Stats

File Path                               PID    Runtime      # DAGs    # Errors  Last Runtime    Last Run
--------------------------------------  -----  ---------  --------  ----------  --------------  -------------------
/opt/airflow/dags/social_stream_dag.py                           1           0  0.50s           2025-01-04T17:12:08
================================================================================
[2025-01-04T17:13:05.727+0000] {manager.py:887} INFO - 
================================================================================
DAG File Processing Stats

File Path                               PID    Runtime      # DAGs    # Errors  Last Runtime    Last Run
--------------------------------------  -----  ---------  --------  ----------  --------------  -------------------
/opt/airflow/dags/social_stream_dag.py                           1           0  0.86s           2025-01-04T17:13:02
================================================================================
[2025-01-04T17:13:36.016+0000] {manager.py:887} INFO - 
================================================================================
DAG File Processing Stats

File Path                               PID    Runtime      # DAGs    # Errors  Last Runtime    Last Run
--------------------------------------  -----  ---------  --------  ----------  --------------  -------------------
/opt/airflow/dags/social_stream_dag.py                           1           0  0.68s           2025-01-04T17:13:33
================================================================================
[2025-01-04T17:13:42.657+0000] {manager.py:755} INFO - Searching for files in /opt/airflow/dags
[2025-01-04T17:13:42.664+0000] {manager.py:758} INFO - There are 1 files in /opt/airflow/dags
[2025-01-04T17:14:07.024+0000] {manager.py:887} INFO - 
================================================================================
DAG File Processing Stats

File Path                               PID    Runtime      # DAGs    # Errors  Last Runtime    Last Run
--------------------------------------  -----  ---------  --------  ----------  --------------  -------------------
/opt/airflow/dags/social_stream_dag.py                           1           0  0.68s           2025-01-04T17:13:38
================================================================================
[2025-01-04T17:14:37.049+0000] {manager.py:887} INFO - 
================================================================================
DAG File Processing Stats

File Path                               PID    Runtime      # DAGs    # Errors  Last Runtime    Last Run
--------------------------------------  -----  ---------  --------  ----------  --------------  -------------------
/opt/airflow/dags/social_stream_dag.py                           1           0  0.65s           2025-01-04T17:14:09
================================================================================
[2025-01-04T17:15:07.707+0000] {manager.py:887} INFO - 
================================================================================
DAG File Processing Stats

File Path                               PID    Runtime      # DAGs    # Errors  Last Runtime    Last Run
--------------------------------------  -----  ---------  --------  ----------  --------------  -------------------
/opt/airflow/dags/social_stream_dag.py                           1           0  0.64s           2025-01-04T17:14:40
================================================================================
[2025-01-04T17:15:38.355+0000] {manager.py:887} INFO - 
================================================================================
DAG File Processing Stats

File Path                               PID    Runtime      # DAGs    # Errors  Last Runtime    Last Run
--------------------------------------  -----  ---------  --------  ----------  --------------  -------------------
/opt/airflow/dags/social_stream_dag.py                           1           0  0.72s           2025-01-04T17:15:11
================================================================================
[2025-01-04T17:16:08.637+0000] {manager.py:887} INFO - 
================================================================================
DAG File Processing Stats

File Path                               PID    Runtime      # DAGs    # Errors  Last Runtime    Last Run
--------------------------------------  -----  ---------  --------  ----------  --------------  -------------------
/opt/airflow/dags/social_stream_dag.py                           1           0  0.61s           2025-01-04T17:15:42
================================================================================
[2025-01-04T17:16:38.679+0000] {manager.py:887} INFO - 
================================================================================
DAG File Processing Stats

File Path                               PID    Runtime      # DAGs    # Errors  Last Runtime    Last Run
--------------------------------------  -----  ---------  --------  ----------  --------------  -------------------
/opt/airflow/dags/social_stream_dag.py                           1           0  0.70s           2025-01-04T17:16:13
================================================================================
[2025-01-04T17:17:08.985+0000] {manager.py:887} INFO - 
================================================================================
DAG File Processing Stats

File Path                               PID    Runtime      # DAGs    # Errors  Last Runtime    Last Run
--------------------------------------  -----  ---------  --------  ----------  --------------  -------------------
/opt/airflow/dags/social_stream_dag.py                           1           0  0.57s           2025-01-04T17:16:44
================================================================================
[2025-01-04T17:17:39.281+0000] {manager.py:887} INFO - 
================================================================================
DAG File Processing Stats

File Path                               PID    Runtime      # DAGs    # Errors  Last Runtime    Last Run
--------------------------------------  -----  ---------  --------  ----------  --------------  -------------------
/opt/airflow/dags/social_stream_dag.py                           1           0  0.60s           2025-01-04T17:17:15
================================================================================
[2025-01-04T17:18:09.725+0000] {manager.py:887} INFO - 
================================================================================
DAG File Processing Stats

File Path                               PID    Runtime      # DAGs    # Errors  Last Runtime    Last Run
--------------------------------------  -----  ---------  --------  ----------  --------------  -------------------
/opt/airflow/dags/social_stream_dag.py                           1           0  0.63s           2025-01-04T17:17:45
================================================================================
[2025-01-04T17:18:40.057+0000] {manager.py:887} INFO - 
================================================================================
DAG File Processing Stats

File Path                               PID    Runtime      # DAGs    # Errors  Last Runtime    Last Run
--------------------------------------  -----  ---------  --------  ----------  --------------  -------------------
/opt/airflow/dags/social_stream_dag.py                           1           0  0.64s           2025-01-04T17:18:16
================================================================================
[2025-01-04T17:18:43.083+0000] {manager.py:755} INFO - Searching for files in /opt/airflow/dags
[2025-01-04T17:18:43.090+0000] {manager.py:758} INFO - There are 1 files in /opt/airflow/dags
[2025-01-04T17:19:10.386+0000] {manager.py:887} INFO - 
================================================================================
DAG File Processing Stats

File Path                               PID    Runtime      # DAGs    # Errors  Last Runtime    Last Run
--------------------------------------  -----  ---------  --------  ----------  --------------  -------------------
/opt/airflow/dags/social_stream_dag.py                           1           0  0.55s           2025-01-04T17:18:47
================================================================================
[2025-01-04T17:19:40.712+0000] {manager.py:887} INFO - 
================================================================================
DAG File Processing Stats

File Path                               PID    Runtime      # DAGs    # Errors  Last Runtime    Last Run
--------------------------------------  -----  ---------  --------  ----------  --------------  -------------------
/opt/airflow/dags/social_stream_dag.py                           1           0  0.73s           2025-01-04T17:19:18
================================================================================
[2025-01-04T17:20:10.725+0000] {manager.py:887} INFO - 
================================================================================
DAG File Processing Stats

File Path                               PID    Runtime      # DAGs    # Errors  Last Runtime    Last Run
--------------------------------------  -----  ---------  --------  ----------  --------------  -------------------
/opt/airflow/dags/social_stream_dag.py                           1           0  0.72s           2025-01-04T17:19:49
================================================================================
[2025-01-04T17:20:41.586+0000] {manager.py:887} INFO - 
================================================================================
DAG File Processing Stats

File Path                               PID    Runtime      # DAGs    # Errors  Last Runtime    Last Run
--------------------------------------  -----  ---------  --------  ----------  --------------  -------------------
/opt/airflow/dags/social_stream_dag.py                           1           0  0.64s           2025-01-04T17:20:20
================================================================================
[2025-01-04T17:21:12.015+0000] {manager.py:887} INFO - 
================================================================================
DAG File Processing Stats

File Path                               PID    Runtime      # DAGs    # Errors  Last Runtime    Last Run
--------------------------------------  -----  ---------  --------  ----------  --------------  -------------------
/opt/airflow/dags/social_stream_dag.py                           1           0  0.54s           2025-01-04T17:20:51
================================================================================
[2025-01-04T17:21:42.315+0000] {manager.py:887} INFO - 
================================================================================
DAG File Processing Stats

File Path                               PID    Runtime      # DAGs    # Errors  Last Runtime    Last Run
--------------------------------------  -----  ---------  --------  ----------  --------------  -------------------
/opt/airflow/dags/social_stream_dag.py                           1           0  0.59s           2025-01-04T17:21:22
================================================================================
[2025-01-04T17:22:13.079+0000] {manager.py:887} INFO - 
================================================================================
DAG File Processing Stats

File Path                               PID    Runtime      # DAGs    # Errors  Last Runtime    Last Run
--------------------------------------  -----  ---------  --------  ----------  --------------  -------------------
/opt/airflow/dags/social_stream_dag.py                           1           0  0.59s           2025-01-04T17:21:53
================================================================================
[2025-01-04T17:22:43.472+0000] {manager.py:887} INFO - 
================================================================================
DAG File Processing Stats

File Path                               PID    Runtime      # DAGs    # Errors  Last Runtime    Last Run
--------------------------------------  -----  ---------  --------  ----------  --------------  -------------------
/opt/airflow/dags/social_stream_dag.py                           1           0  0.60s           2025-01-04T17:22:23
================================================================================
[2025-01-04T17:23:13.800+0000] {manager.py:887} INFO - 
================================================================================
DAG File Processing Stats

File Path                               PID    Runtime      # DAGs    # Errors  Last Runtime    Last Run
--------------------------------------  -----  ---------  --------  ----------  --------------  -------------------
/opt/airflow/dags/social_stream_dag.py                           1           0  0.59s           2025-01-04T17:22:54
================================================================================
[2025-01-04T17:23:43.122+0000] {manager.py:755} INFO - Searching for files in /opt/airflow/dags
[2025-01-04T17:23:43.131+0000] {manager.py:758} INFO - There are 1 files in /opt/airflow/dags
[2025-01-04T17:23:44.165+0000] {manager.py:887} INFO - 
================================================================================
DAG File Processing Stats

File Path                               PID    Runtime      # DAGs    # Errors  Last Runtime    Last Run
--------------------------------------  -----  ---------  --------  ----------  --------------  -------------------
/opt/airflow/dags/social_stream_dag.py                           1           0  0.57s           2025-01-04T17:23:25
================================================================================
[2025-01-04T17:24:14.457+0000] {manager.py:887} INFO - 
================================================================================
DAG File Processing Stats

File Path                               PID    Runtime      # DAGs    # Errors  Last Runtime    Last Run
--------------------------------------  -----  ---------  --------  ----------  --------------  -------------------
/opt/airflow/dags/social_stream_dag.py                           1           0  0.61s           2025-01-04T17:23:56
================================================================================
[2025-01-04T17:24:44.977+0000] {manager.py:887} INFO - 
================================================================================
DAG File Processing Stats

File Path                               PID    Runtime      # DAGs    # Errors  Last Runtime    Last Run
--------------------------------------  -----  ---------  --------  ----------  --------------  -------------------
/opt/airflow/dags/social_stream_dag.py                           1           0  0.60s           2025-01-04T17:24:27
================================================================================
[2025-01-04T17:25:15.285+0000] {manager.py:887} INFO - 
================================================================================
DAG File Processing Stats

File Path                               PID    Runtime      # DAGs    # Errors  Last Runtime    Last Run
--------------------------------------  -----  ---------  --------  ----------  --------------  -------------------
/opt/airflow/dags/social_stream_dag.py                           1           0  0.62s           2025-01-04T17:24:58
================================================================================
[2025-01-04T17:25:45.968+0000] {manager.py:887} INFO - 
================================================================================
DAG File Processing Stats

File Path                               PID    Runtime      # DAGs    # Errors  Last Runtime    Last Run
--------------------------------------  -----  ---------  --------  ----------  --------------  -------------------
/opt/airflow/dags/social_stream_dag.py                           1           0  0.62s           2025-01-04T17:25:29
================================================================================
[2025-01-04T17:26:16.278+0000] {manager.py:887} INFO - 
================================================================================
DAG File Processing Stats

File Path                               PID    Runtime      # DAGs    # Errors  Last Runtime    Last Run
--------------------------------------  -----  ---------  --------  ----------  --------------  -------------------
/opt/airflow/dags/social_stream_dag.py                           1           0  0.97s           2025-01-04T17:26:00
================================================================================
[2025-01-04T17:26:46.656+0000] {manager.py:887} INFO - 
================================================================================
DAG File Processing Stats

File Path                               PID    Runtime      # DAGs    # Errors  Last Runtime    Last Run
--------------------------------------  -----  ---------  --------  ----------  --------------  -------------------
/opt/airflow/dags/social_stream_dag.py                           1           0  1.12s           2025-01-04T17:26:31
================================================================================
[2025-01-04T17:27:17.002+0000] {manager.py:887} INFO - 
================================================================================
DAG File Processing Stats

File Path                               PID    Runtime      # DAGs    # Errors  Last Runtime    Last Run
--------------------------------------  -----  ---------  --------  ----------  --------------  -------------------
/opt/airflow/dags/social_stream_dag.py                           1           0  0.56s           2025-01-04T17:27:02
================================================================================
[2025-01-04T17:27:47.365+0000] {manager.py:887} INFO - 
================================================================================
DAG File Processing Stats

File Path                               PID    Runtime      # DAGs    # Errors  Last Runtime    Last Run
--------------------------------------  -----  ---------  --------  ----------  --------------  -------------------
/opt/airflow/dags/social_stream_dag.py                           1           0  0.51s           2025-01-04T17:27:33
================================================================================
[2025-01-04T17:28:17.549+0000] {manager.py:887} INFO - 
================================================================================
DAG File Processing Stats

File Path                               PID    Runtime      # DAGs    # Errors  Last Runtime    Last Run
--------------------------------------  -----  ---------  --------  ----------  --------------  -------------------
/opt/airflow/dags/social_stream_dag.py                           1           0  0.80s           2025-01-04T17:28:04
================================================================================
[2025-01-04T17:28:43.788+0000] {manager.py:755} INFO - Searching for files in /opt/airflow/dags
[2025-01-04T17:28:43.880+0000] {manager.py:758} INFO - There are 1 files in /opt/airflow/dags
[2025-01-04T17:28:47.972+0000] {manager.py:887} INFO - 
================================================================================
DAG File Processing Stats

File Path                               PID    Runtime      # DAGs    # Errors  Last Runtime    Last Run
--------------------------------------  -----  ---------  --------  ----------  --------------  -------------------
/opt/airflow/dags/social_stream_dag.py                           1           0  0.88s           2025-01-04T17:28:35
================================================================================
[2025-01-04T17:29:18.035+0000] {manager.py:887} INFO - 
================================================================================
DAG File Processing Stats

File Path                               PID    Runtime      # DAGs    # Errors  Last Runtime    Last Run
--------------------------------------  -----  ---------  --------  ----------  --------------  -------------------
/opt/airflow/dags/social_stream_dag.py                           1           0  0.70s           2025-01-04T17:29:06
================================================================================
