[2025-01-04T16:38:40.335+0000] {processor.py:157} INFO - Started process (PID=29) to work on /opt/airflow/dags/social_stream_dag.py
[2025-01-04T16:38:40.341+0000] {processor.py:829} INFO - Processing file /opt/airflow/dags/social_stream_dag.py for tasks to queue
[2025-01-04T16:38:40.343+0000] {logging_mixin.py:151} INFO - [2025-01-04T16:38:40.342+0000] {dagbag.py:536} INFO - Filling up the DagBag from /opt/airflow/dags/social_stream_dag.py
[2025-01-04T16:38:40.779+0000] {logging_mixin.py:151} INFO - [2025-01-04T16:38:40.777+0000] {dagbag.py:346} ERROR - Failed to import: /opt/airflow/dags/social_stream_dag.py
Traceback (most recent call last):
  File "/home/airflow/.local/lib/python3.11/site-packages/airflow/models/dagbag.py", line 342, in parse
    loader.exec_module(new_module)
  File "<frozen importlib._bootstrap_external>", line 940, in exec_module
  File "<frozen importlib._bootstrap>", line 241, in _call_with_frames_removed
  File "/opt/airflow/dags/social_stream_dag.py", line 14, in <module>
    from pipelines.socialstream_pipeline import socialstream_pipeline
  File "/opt/airflow/pipelines/socialstream_pipeline.py", line 5, in <module>
    from etls.socialstream_etl import connect_reddit, extract_posts, transform_data, load_data_to_csv
  File "/opt/airflow/etls/socialstream_etl.py", line 8, in <module>
    from utils.constants import POST_FIELDS
  File "/opt/airflow/utils/constants.py", line 11, in <module>
    USER_AGENT= parser.get('user_agent', 'reddit_agent')
                ^^^^^^^^^^^^^^^^^^^^^^^^^^^^^^^^^^^^^^^^
  File "/usr/local/lib/python3.11/configparser.py", line 797, in get
    d = self._unify_values(section, vars)
        ^^^^^^^^^^^^^^^^^^^^^^^^^^^^^^^^^
  File "/usr/local/lib/python3.11/configparser.py", line 1168, in _unify_values
    raise NoSectionError(section) from None
configparser.NoSectionError: No section: 'user_agent'
[2025-01-04T16:38:40.780+0000] {processor.py:841} WARNING - No viable dags retrieved from /opt/airflow/dags/social_stream_dag.py
[2025-01-04T16:38:40.807+0000] {processor.py:179} INFO - Processing /opt/airflow/dags/social_stream_dag.py took 0.477 seconds
[2025-01-04T16:39:11.188+0000] {processor.py:157} INFO - Started process (PID=31) to work on /opt/airflow/dags/social_stream_dag.py
[2025-01-04T16:39:11.189+0000] {processor.py:829} INFO - Processing file /opt/airflow/dags/social_stream_dag.py for tasks to queue
[2025-01-04T16:39:11.197+0000] {logging_mixin.py:151} INFO - [2025-01-04T16:39:11.196+0000] {dagbag.py:536} INFO - Filling up the DagBag from /opt/airflow/dags/social_stream_dag.py
[2025-01-04T16:39:11.582+0000] {logging_mixin.py:151} INFO - [2025-01-04T16:39:11.580+0000] {dagbag.py:346} ERROR - Failed to import: /opt/airflow/dags/social_stream_dag.py
Traceback (most recent call last):
  File "/home/airflow/.local/lib/python3.11/site-packages/airflow/models/dagbag.py", line 342, in parse
    loader.exec_module(new_module)
  File "<frozen importlib._bootstrap_external>", line 940, in exec_module
  File "<frozen importlib._bootstrap>", line 241, in _call_with_frames_removed
  File "/opt/airflow/dags/social_stream_dag.py", line 14, in <module>
    from pipelines.socialstream_pipeline import socialstream_pipeline
  File "/opt/airflow/pipelines/socialstream_pipeline.py", line 5, in <module>
    from etls.socialstream_etl import connect_reddit, extract_posts, transform_data, load_data_to_csv
  File "/opt/airflow/etls/socialstream_etl.py", line 8, in <module>
    from utils.constants import POST_FIELDS
  File "/opt/airflow/utils/constants.py", line 11, in <module>
    USER_AGENT= parser.get('user_agent', 'reddit_agent')
                ^^^^^^^^^^^^^^^^^^^^^^^^^^^^^^^^^^^^^^^^
  File "/usr/local/lib/python3.11/configparser.py", line 797, in get
    d = self._unify_values(section, vars)
        ^^^^^^^^^^^^^^^^^^^^^^^^^^^^^^^^^
  File "/usr/local/lib/python3.11/configparser.py", line 1168, in _unify_values
    raise NoSectionError(section) from None
configparser.NoSectionError: No section: 'user_agent'
[2025-01-04T16:39:11.582+0000] {processor.py:841} WARNING - No viable dags retrieved from /opt/airflow/dags/social_stream_dag.py
[2025-01-04T16:39:11.597+0000] {processor.py:179} INFO - Processing /opt/airflow/dags/social_stream_dag.py took 0.418 seconds
[2025-01-04T16:39:41.881+0000] {processor.py:157} INFO - Started process (PID=33) to work on /opt/airflow/dags/social_stream_dag.py
[2025-01-04T16:39:41.882+0000] {processor.py:829} INFO - Processing file /opt/airflow/dags/social_stream_dag.py for tasks to queue
[2025-01-04T16:39:41.887+0000] {logging_mixin.py:151} INFO - [2025-01-04T16:39:41.886+0000] {dagbag.py:536} INFO - Filling up the DagBag from /opt/airflow/dags/social_stream_dag.py
[2025-01-04T16:39:42.218+0000] {logging_mixin.py:151} INFO - [2025-01-04T16:39:42.216+0000] {dagbag.py:346} ERROR - Failed to import: /opt/airflow/dags/social_stream_dag.py
Traceback (most recent call last):
  File "/home/airflow/.local/lib/python3.11/site-packages/airflow/models/dagbag.py", line 342, in parse
    loader.exec_module(new_module)
  File "<frozen importlib._bootstrap_external>", line 940, in exec_module
  File "<frozen importlib._bootstrap>", line 241, in _call_with_frames_removed
  File "/opt/airflow/dags/social_stream_dag.py", line 14, in <module>
    from pipelines.socialstream_pipeline import socialstream_pipeline
  File "/opt/airflow/pipelines/socialstream_pipeline.py", line 5, in <module>
    from etls.socialstream_etl import connect_reddit, extract_posts, transform_data, load_data_to_csv
  File "/opt/airflow/etls/socialstream_etl.py", line 8, in <module>
    from utils.constants import POST_FIELDS
  File "/opt/airflow/utils/constants.py", line 11, in <module>
    USER_AGENT= parser.get('user_agent', 'reddit_agent')
                ^^^^^^^^^^^^^^^^^^^^^^^^^^^^^^^^^^^^^^^^
  File "/usr/local/lib/python3.11/configparser.py", line 797, in get
    d = self._unify_values(section, vars)
        ^^^^^^^^^^^^^^^^^^^^^^^^^^^^^^^^^
  File "/usr/local/lib/python3.11/configparser.py", line 1168, in _unify_values
    raise NoSectionError(section) from None
configparser.NoSectionError: No section: 'user_agent'
[2025-01-04T16:39:42.218+0000] {processor.py:841} WARNING - No viable dags retrieved from /opt/airflow/dags/social_stream_dag.py
[2025-01-04T16:39:42.232+0000] {processor.py:179} INFO - Processing /opt/airflow/dags/social_stream_dag.py took 0.356 seconds
[2025-01-04T16:40:12.564+0000] {processor.py:157} INFO - Started process (PID=35) to work on /opt/airflow/dags/social_stream_dag.py
[2025-01-04T16:40:12.565+0000] {processor.py:829} INFO - Processing file /opt/airflow/dags/social_stream_dag.py for tasks to queue
[2025-01-04T16:40:12.588+0000] {logging_mixin.py:151} INFO - [2025-01-04T16:40:12.587+0000] {dagbag.py:536} INFO - Filling up the DagBag from /opt/airflow/dags/social_stream_dag.py
[2025-01-04T16:40:12.933+0000] {logging_mixin.py:151} INFO - [2025-01-04T16:40:12.931+0000] {dagbag.py:346} ERROR - Failed to import: /opt/airflow/dags/social_stream_dag.py
Traceback (most recent call last):
  File "/home/airflow/.local/lib/python3.11/site-packages/airflow/models/dagbag.py", line 342, in parse
    loader.exec_module(new_module)
  File "<frozen importlib._bootstrap_external>", line 940, in exec_module
  File "<frozen importlib._bootstrap>", line 241, in _call_with_frames_removed
  File "/opt/airflow/dags/social_stream_dag.py", line 14, in <module>
    from pipelines.socialstream_pipeline import socialstream_pipeline
  File "/opt/airflow/pipelines/socialstream_pipeline.py", line 5, in <module>
    from etls.socialstream_etl import connect_reddit, extract_posts, transform_data, load_data_to_csv
  File "/opt/airflow/etls/socialstream_etl.py", line 8, in <module>
    from utils.constants import POST_FIELDS
  File "/opt/airflow/utils/constants.py", line 11, in <module>
    USER_AGENT= parser.get('user_agent', 'reddit_agent')
                ^^^^^^^^^^^^^^^^^^^^^^^^^^^^^^^^^^^^^^^^
  File "/usr/local/lib/python3.11/configparser.py", line 797, in get
    d = self._unify_values(section, vars)
        ^^^^^^^^^^^^^^^^^^^^^^^^^^^^^^^^^
  File "/usr/local/lib/python3.11/configparser.py", line 1168, in _unify_values
    raise NoSectionError(section) from None
configparser.NoSectionError: No section: 'user_agent'
[2025-01-04T16:40:12.933+0000] {processor.py:841} WARNING - No viable dags retrieved from /opt/airflow/dags/social_stream_dag.py
[2025-01-04T16:40:12.951+0000] {processor.py:179} INFO - Processing /opt/airflow/dags/social_stream_dag.py took 0.393 seconds
[2025-01-04T16:40:43.361+0000] {processor.py:157} INFO - Started process (PID=37) to work on /opt/airflow/dags/social_stream_dag.py
[2025-01-04T16:40:43.363+0000] {processor.py:829} INFO - Processing file /opt/airflow/dags/social_stream_dag.py for tasks to queue
[2025-01-04T16:40:43.367+0000] {logging_mixin.py:151} INFO - [2025-01-04T16:40:43.366+0000] {dagbag.py:536} INFO - Filling up the DagBag from /opt/airflow/dags/social_stream_dag.py
[2025-01-04T16:40:43.892+0000] {logging_mixin.py:151} INFO - [2025-01-04T16:40:43.890+0000] {dagbag.py:346} ERROR - Failed to import: /opt/airflow/dags/social_stream_dag.py
Traceback (most recent call last):
  File "/home/airflow/.local/lib/python3.11/site-packages/airflow/models/dagbag.py", line 342, in parse
    loader.exec_module(new_module)
  File "<frozen importlib._bootstrap_external>", line 940, in exec_module
  File "<frozen importlib._bootstrap>", line 241, in _call_with_frames_removed
  File "/opt/airflow/dags/social_stream_dag.py", line 14, in <module>
    from pipelines.socialstream_pipeline import socialstream_pipeline
  File "/opt/airflow/pipelines/socialstream_pipeline.py", line 5, in <module>
    from etls.socialstream_etl import connect_reddit, extract_posts, transform_data, load_data_to_csv
  File "/opt/airflow/etls/socialstream_etl.py", line 8, in <module>
    from utils.constants import POST_FIELDS
  File "/opt/airflow/utils/constants.py", line 11, in <module>
    USER_AGENT= parser.get('user_agent', 'reddit_agent')
                ^^^^^^^^^^^^^^^^^^^^^^^^^^^^^^^^^^^^^^^^
  File "/usr/local/lib/python3.11/configparser.py", line 797, in get
    d = self._unify_values(section, vars)
        ^^^^^^^^^^^^^^^^^^^^^^^^^^^^^^^^^
  File "/usr/local/lib/python3.11/configparser.py", line 1168, in _unify_values
    raise NoSectionError(section) from None
configparser.NoSectionError: No section: 'user_agent'
[2025-01-04T16:40:43.893+0000] {processor.py:841} WARNING - No viable dags retrieved from /opt/airflow/dags/social_stream_dag.py
[2025-01-04T16:40:43.927+0000] {processor.py:179} INFO - Processing /opt/airflow/dags/social_stream_dag.py took 0.591 seconds
[2025-01-04T16:41:14.269+0000] {processor.py:157} INFO - Started process (PID=39) to work on /opt/airflow/dags/social_stream_dag.py
[2025-01-04T16:41:14.270+0000] {processor.py:829} INFO - Processing file /opt/airflow/dags/social_stream_dag.py for tasks to queue
[2025-01-04T16:41:14.276+0000] {logging_mixin.py:151} INFO - [2025-01-04T16:41:14.275+0000] {dagbag.py:536} INFO - Filling up the DagBag from /opt/airflow/dags/social_stream_dag.py
[2025-01-04T16:41:14.688+0000] {processor.py:839} INFO - DAG(s) dict_keys(['etl_socialstream_pipeline']) retrieved from /opt/airflow/dags/social_stream_dag.py
[2025-01-04T16:41:14.817+0000] {logging_mixin.py:151} INFO - [2025-01-04T16:41:14.817+0000] {manager.py:499} INFO - Created Permission View: %s
[2025-01-04T16:41:14.821+0000] {logging_mixin.py:151} INFO - [2025-01-04T16:41:14.821+0000] {manager.py:499} INFO - Created Permission View: %s
[2025-01-04T16:41:14.822+0000] {logging_mixin.py:151} INFO - [2025-01-04T16:41:14.822+0000] {manager.py:499} INFO - Created Permission View: %s
[2025-01-04T16:41:14.823+0000] {logging_mixin.py:151} INFO - [2025-01-04T16:41:14.822+0000] {dag.py:2941} INFO - Sync 1 DAGs
[2025-01-04T16:41:14.827+0000] {logging_mixin.py:151} INFO - [2025-01-04T16:41:14.827+0000] {dag.py:2963} INFO - Creating ORM DAG for etl_socialstream_pipeline
[2025-01-04T16:41:14.831+0000] {logging_mixin.py:151} INFO - [2025-01-04T16:41:14.831+0000] {dag.py:3722} INFO - Setting next_dagrun for etl_socialstream_pipeline to 2025-01-03T00:00:00+00:00, run_after=2025-01-04T00:00:00+00:00
[2025-01-04T16:41:14.838+0000] {processor.py:179} INFO - Processing /opt/airflow/dags/social_stream_dag.py took 0.578 seconds
[2025-01-04T16:41:45.152+0000] {processor.py:157} INFO - Started process (PID=45) to work on /opt/airflow/dags/social_stream_dag.py
[2025-01-04T16:41:45.153+0000] {processor.py:829} INFO - Processing file /opt/airflow/dags/social_stream_dag.py for tasks to queue
[2025-01-04T16:41:45.157+0000] {logging_mixin.py:151} INFO - [2025-01-04T16:41:45.157+0000] {dagbag.py:536} INFO - Filling up the DagBag from /opt/airflow/dags/social_stream_dag.py
[2025-01-04T16:41:45.503+0000] {processor.py:839} INFO - DAG(s) dict_keys(['etl_socialstream_pipeline']) retrieved from /opt/airflow/dags/social_stream_dag.py
[2025-01-04T16:41:45.533+0000] {logging_mixin.py:151} INFO - [2025-01-04T16:41:45.531+0000] {dag.py:2941} INFO - Sync 1 DAGs
[2025-01-04T16:41:45.558+0000] {logging_mixin.py:151} INFO - [2025-01-04T16:41:45.558+0000] {dag.py:3722} INFO - Setting next_dagrun for etl_socialstream_pipeline to 2025-01-04T00:00:00+00:00, run_after=2025-01-05T00:00:00+00:00
[2025-01-04T16:41:45.575+0000] {processor.py:179} INFO - Processing /opt/airflow/dags/social_stream_dag.py took 0.428 seconds
[2025-01-04T16:42:15.990+0000] {processor.py:157} INFO - Started process (PID=47) to work on /opt/airflow/dags/social_stream_dag.py
[2025-01-04T16:42:15.993+0000] {processor.py:829} INFO - Processing file /opt/airflow/dags/social_stream_dag.py for tasks to queue
[2025-01-04T16:42:15.998+0000] {logging_mixin.py:151} INFO - [2025-01-04T16:42:15.998+0000] {dagbag.py:536} INFO - Filling up the DagBag from /opt/airflow/dags/social_stream_dag.py
[2025-01-04T16:42:16.398+0000] {processor.py:839} INFO - DAG(s) dict_keys(['etl_socialstream_pipeline']) retrieved from /opt/airflow/dags/social_stream_dag.py
[2025-01-04T16:42:16.418+0000] {logging_mixin.py:151} INFO - [2025-01-04T16:42:16.417+0000] {dag.py:2941} INFO - Sync 1 DAGs
[2025-01-04T16:42:16.427+0000] {logging_mixin.py:151} INFO - [2025-01-04T16:42:16.426+0000] {dag.py:3722} INFO - Setting next_dagrun for etl_socialstream_pipeline to 2025-01-04T00:00:00+00:00, run_after=2025-01-05T00:00:00+00:00
[2025-01-04T16:42:16.433+0000] {processor.py:179} INFO - Processing /opt/airflow/dags/social_stream_dag.py took 0.449 seconds
[2025-01-04T16:42:46.818+0000] {processor.py:157} INFO - Started process (PID=49) to work on /opt/airflow/dags/social_stream_dag.py
[2025-01-04T16:42:46.820+0000] {processor.py:829} INFO - Processing file /opt/airflow/dags/social_stream_dag.py for tasks to queue
[2025-01-04T16:42:46.832+0000] {logging_mixin.py:151} INFO - [2025-01-04T16:42:46.831+0000] {dagbag.py:536} INFO - Filling up the DagBag from /opt/airflow/dags/social_stream_dag.py
[2025-01-04T16:42:47.190+0000] {processor.py:839} INFO - DAG(s) dict_keys(['etl_socialstream_pipeline']) retrieved from /opt/airflow/dags/social_stream_dag.py
[2025-01-04T16:42:47.205+0000] {logging_mixin.py:151} INFO - [2025-01-04T16:42:47.205+0000] {dag.py:2941} INFO - Sync 1 DAGs
[2025-01-04T16:42:47.213+0000] {logging_mixin.py:151} INFO - [2025-01-04T16:42:47.213+0000] {dag.py:3722} INFO - Setting next_dagrun for etl_socialstream_pipeline to 2025-01-04T00:00:00+00:00, run_after=2025-01-05T00:00:00+00:00
[2025-01-04T16:42:47.220+0000] {processor.py:179} INFO - Processing /opt/airflow/dags/social_stream_dag.py took 0.412 seconds
[2025-01-04T16:43:17.557+0000] {processor.py:157} INFO - Started process (PID=51) to work on /opt/airflow/dags/social_stream_dag.py
[2025-01-04T16:43:17.559+0000] {processor.py:829} INFO - Processing file /opt/airflow/dags/social_stream_dag.py for tasks to queue
[2025-01-04T16:43:17.568+0000] {logging_mixin.py:151} INFO - [2025-01-04T16:43:17.567+0000] {dagbag.py:536} INFO - Filling up the DagBag from /opt/airflow/dags/social_stream_dag.py
[2025-01-04T16:43:17.935+0000] {processor.py:839} INFO - DAG(s) dict_keys(['etl_socialstream_pipeline']) retrieved from /opt/airflow/dags/social_stream_dag.py
[2025-01-04T16:43:17.951+0000] {logging_mixin.py:151} INFO - [2025-01-04T16:43:17.951+0000] {dag.py:2941} INFO - Sync 1 DAGs
[2025-01-04T16:43:17.961+0000] {logging_mixin.py:151} INFO - [2025-01-04T16:43:17.961+0000] {dag.py:3722} INFO - Setting next_dagrun for etl_socialstream_pipeline to 2025-01-04T00:00:00+00:00, run_after=2025-01-05T00:00:00+00:00
[2025-01-04T16:43:17.968+0000] {processor.py:179} INFO - Processing /opt/airflow/dags/social_stream_dag.py took 0.422 seconds
[2025-01-04T16:43:48.311+0000] {processor.py:157} INFO - Started process (PID=53) to work on /opt/airflow/dags/social_stream_dag.py
[2025-01-04T16:43:48.312+0000] {processor.py:829} INFO - Processing file /opt/airflow/dags/social_stream_dag.py for tasks to queue
[2025-01-04T16:43:48.316+0000] {logging_mixin.py:151} INFO - [2025-01-04T16:43:48.315+0000] {dagbag.py:536} INFO - Filling up the DagBag from /opt/airflow/dags/social_stream_dag.py
[2025-01-04T16:43:48.660+0000] {processor.py:839} INFO - DAG(s) dict_keys(['etl_socialstream_pipeline']) retrieved from /opt/airflow/dags/social_stream_dag.py
[2025-01-04T16:43:48.678+0000] {logging_mixin.py:151} INFO - [2025-01-04T16:43:48.678+0000] {dag.py:2941} INFO - Sync 1 DAGs
[2025-01-04T16:43:48.687+0000] {logging_mixin.py:151} INFO - [2025-01-04T16:43:48.687+0000] {dag.py:3722} INFO - Setting next_dagrun for etl_socialstream_pipeline to 2025-01-04T00:00:00+00:00, run_after=2025-01-05T00:00:00+00:00
[2025-01-04T16:43:48.697+0000] {processor.py:179} INFO - Processing /opt/airflow/dags/social_stream_dag.py took 0.392 seconds
[2025-01-04T16:44:19.074+0000] {processor.py:157} INFO - Started process (PID=55) to work on /opt/airflow/dags/social_stream_dag.py
[2025-01-04T16:44:19.075+0000] {processor.py:829} INFO - Processing file /opt/airflow/dags/social_stream_dag.py for tasks to queue
[2025-01-04T16:44:19.083+0000] {logging_mixin.py:151} INFO - [2025-01-04T16:44:19.081+0000] {dagbag.py:536} INFO - Filling up the DagBag from /opt/airflow/dags/social_stream_dag.py
[2025-01-04T16:44:19.469+0000] {processor.py:839} INFO - DAG(s) dict_keys(['etl_socialstream_pipeline']) retrieved from /opt/airflow/dags/social_stream_dag.py
[2025-01-04T16:44:19.485+0000] {logging_mixin.py:151} INFO - [2025-01-04T16:44:19.485+0000] {dag.py:2941} INFO - Sync 1 DAGs
[2025-01-04T16:44:19.495+0000] {logging_mixin.py:151} INFO - [2025-01-04T16:44:19.495+0000] {dag.py:3722} INFO - Setting next_dagrun for etl_socialstream_pipeline to 2025-01-04T00:00:00+00:00, run_after=2025-01-05T00:00:00+00:00
[2025-01-04T16:44:19.501+0000] {processor.py:179} INFO - Processing /opt/airflow/dags/social_stream_dag.py took 0.432 seconds
[2025-01-04T16:44:49.808+0000] {processor.py:157} INFO - Started process (PID=57) to work on /opt/airflow/dags/social_stream_dag.py
[2025-01-04T16:44:49.809+0000] {processor.py:829} INFO - Processing file /opt/airflow/dags/social_stream_dag.py for tasks to queue
[2025-01-04T16:44:49.812+0000] {logging_mixin.py:151} INFO - [2025-01-04T16:44:49.811+0000] {dagbag.py:536} INFO - Filling up the DagBag from /opt/airflow/dags/social_stream_dag.py
[2025-01-04T16:44:50.190+0000] {processor.py:839} INFO - DAG(s) dict_keys(['etl_socialstream_pipeline']) retrieved from /opt/airflow/dags/social_stream_dag.py
[2025-01-04T16:44:50.207+0000] {logging_mixin.py:151} INFO - [2025-01-04T16:44:50.207+0000] {dag.py:2941} INFO - Sync 1 DAGs
[2025-01-04T16:44:50.220+0000] {logging_mixin.py:151} INFO - [2025-01-04T16:44:50.220+0000] {dag.py:3722} INFO - Setting next_dagrun for etl_socialstream_pipeline to 2025-01-04T00:00:00+00:00, run_after=2025-01-05T00:00:00+00:00
[2025-01-04T16:44:50.229+0000] {processor.py:179} INFO - Processing /opt/airflow/dags/social_stream_dag.py took 0.428 seconds
[2025-01-04T16:45:20.550+0000] {processor.py:157} INFO - Started process (PID=59) to work on /opt/airflow/dags/social_stream_dag.py
[2025-01-04T16:45:20.552+0000] {processor.py:829} INFO - Processing file /opt/airflow/dags/social_stream_dag.py for tasks to queue
[2025-01-04T16:45:20.556+0000] {logging_mixin.py:151} INFO - [2025-01-04T16:45:20.556+0000] {dagbag.py:536} INFO - Filling up the DagBag from /opt/airflow/dags/social_stream_dag.py
[2025-01-04T16:45:21.037+0000] {processor.py:839} INFO - DAG(s) dict_keys(['etl_socialstream_pipeline']) retrieved from /opt/airflow/dags/social_stream_dag.py
[2025-01-04T16:45:21.162+0000] {logging_mixin.py:151} INFO - [2025-01-04T16:45:21.161+0000] {dag.py:2941} INFO - Sync 1 DAGs
[2025-01-04T16:45:21.177+0000] {logging_mixin.py:151} INFO - [2025-01-04T16:45:21.177+0000] {dag.py:3722} INFO - Setting next_dagrun for etl_socialstream_pipeline to 2025-01-04T00:00:00+00:00, run_after=2025-01-05T00:00:00+00:00
[2025-01-04T16:45:21.190+0000] {processor.py:179} INFO - Processing /opt/airflow/dags/social_stream_dag.py took 0.649 seconds
[2025-01-04T16:45:51.537+0000] {processor.py:157} INFO - Started process (PID=61) to work on /opt/airflow/dags/social_stream_dag.py
[2025-01-04T16:45:51.539+0000] {processor.py:829} INFO - Processing file /opt/airflow/dags/social_stream_dag.py for tasks to queue
[2025-01-04T16:45:51.545+0000] {logging_mixin.py:151} INFO - [2025-01-04T16:45:51.545+0000] {dagbag.py:536} INFO - Filling up the DagBag from /opt/airflow/dags/social_stream_dag.py
[2025-01-04T16:45:52.012+0000] {processor.py:839} INFO - DAG(s) dict_keys(['etl_socialstream_pipeline']) retrieved from /opt/airflow/dags/social_stream_dag.py
[2025-01-04T16:45:52.027+0000] {logging_mixin.py:151} INFO - [2025-01-04T16:45:52.027+0000] {dag.py:2941} INFO - Sync 1 DAGs
[2025-01-04T16:45:52.036+0000] {logging_mixin.py:151} INFO - [2025-01-04T16:45:52.035+0000] {dag.py:3722} INFO - Setting next_dagrun for etl_socialstream_pipeline to 2025-01-04T00:00:00+00:00, run_after=2025-01-05T00:00:00+00:00
[2025-01-04T16:45:52.043+0000] {processor.py:179} INFO - Processing /opt/airflow/dags/social_stream_dag.py took 0.515 seconds
[2025-01-04T16:46:22.372+0000] {processor.py:157} INFO - Started process (PID=63) to work on /opt/airflow/dags/social_stream_dag.py
[2025-01-04T16:46:22.374+0000] {processor.py:829} INFO - Processing file /opt/airflow/dags/social_stream_dag.py for tasks to queue
[2025-01-04T16:46:22.378+0000] {logging_mixin.py:151} INFO - [2025-01-04T16:46:22.377+0000] {dagbag.py:536} INFO - Filling up the DagBag from /opt/airflow/dags/social_stream_dag.py
[2025-01-04T16:46:22.730+0000] {processor.py:839} INFO - DAG(s) dict_keys(['etl_socialstream_pipeline']) retrieved from /opt/airflow/dags/social_stream_dag.py
[2025-01-04T16:46:22.743+0000] {logging_mixin.py:151} INFO - [2025-01-04T16:46:22.743+0000] {dag.py:2941} INFO - Sync 1 DAGs
[2025-01-04T16:46:22.752+0000] {logging_mixin.py:151} INFO - [2025-01-04T16:46:22.752+0000] {dag.py:3722} INFO - Setting next_dagrun for etl_socialstream_pipeline to 2025-01-04T00:00:00+00:00, run_after=2025-01-05T00:00:00+00:00
[2025-01-04T16:46:22.758+0000] {processor.py:179} INFO - Processing /opt/airflow/dags/social_stream_dag.py took 0.391 seconds
[2025-01-04T16:46:53.109+0000] {processor.py:157} INFO - Started process (PID=65) to work on /opt/airflow/dags/social_stream_dag.py
[2025-01-04T16:46:53.110+0000] {processor.py:829} INFO - Processing file /opt/airflow/dags/social_stream_dag.py for tasks to queue
[2025-01-04T16:46:53.114+0000] {logging_mixin.py:151} INFO - [2025-01-04T16:46:53.114+0000] {dagbag.py:536} INFO - Filling up the DagBag from /opt/airflow/dags/social_stream_dag.py
[2025-01-04T16:46:53.476+0000] {processor.py:839} INFO - DAG(s) dict_keys(['etl_socialstream_pipeline']) retrieved from /opt/airflow/dags/social_stream_dag.py
[2025-01-04T16:46:53.495+0000] {logging_mixin.py:151} INFO - [2025-01-04T16:46:53.495+0000] {dag.py:2941} INFO - Sync 1 DAGs
[2025-01-04T16:46:53.505+0000] {logging_mixin.py:151} INFO - [2025-01-04T16:46:53.505+0000] {dag.py:3722} INFO - Setting next_dagrun for etl_socialstream_pipeline to 2025-01-04T00:00:00+00:00, run_after=2025-01-05T00:00:00+00:00
[2025-01-04T16:46:53.511+0000] {processor.py:179} INFO - Processing /opt/airflow/dags/social_stream_dag.py took 0.421 seconds
[2025-01-04T16:47:23.848+0000] {processor.py:157} INFO - Started process (PID=67) to work on /opt/airflow/dags/social_stream_dag.py
[2025-01-04T16:47:23.850+0000] {processor.py:829} INFO - Processing file /opt/airflow/dags/social_stream_dag.py for tasks to queue
[2025-01-04T16:47:23.855+0000] {logging_mixin.py:151} INFO - [2025-01-04T16:47:23.854+0000] {dagbag.py:536} INFO - Filling up the DagBag from /opt/airflow/dags/social_stream_dag.py
[2025-01-04T16:47:24.211+0000] {processor.py:839} INFO - DAG(s) dict_keys(['etl_socialstream_pipeline']) retrieved from /opt/airflow/dags/social_stream_dag.py
[2025-01-04T16:47:24.231+0000] {logging_mixin.py:151} INFO - [2025-01-04T16:47:24.231+0000] {dag.py:2941} INFO - Sync 1 DAGs
[2025-01-04T16:47:24.240+0000] {logging_mixin.py:151} INFO - [2025-01-04T16:47:24.240+0000] {dag.py:3722} INFO - Setting next_dagrun for etl_socialstream_pipeline to 2025-01-04T00:00:00+00:00, run_after=2025-01-05T00:00:00+00:00
[2025-01-04T16:47:24.246+0000] {processor.py:179} INFO - Processing /opt/airflow/dags/social_stream_dag.py took 0.405 seconds
[2025-01-04T16:47:54.635+0000] {processor.py:157} INFO - Started process (PID=69) to work on /opt/airflow/dags/social_stream_dag.py
[2025-01-04T16:47:54.637+0000] {processor.py:829} INFO - Processing file /opt/airflow/dags/social_stream_dag.py for tasks to queue
[2025-01-04T16:47:54.642+0000] {logging_mixin.py:151} INFO - [2025-01-04T16:47:54.641+0000] {dagbag.py:536} INFO - Filling up the DagBag from /opt/airflow/dags/social_stream_dag.py
[2025-01-04T16:47:55.005+0000] {processor.py:839} INFO - DAG(s) dict_keys(['etl_socialstream_pipeline']) retrieved from /opt/airflow/dags/social_stream_dag.py
[2025-01-04T16:47:55.028+0000] {logging_mixin.py:151} INFO - [2025-01-04T16:47:55.028+0000] {dag.py:2941} INFO - Sync 1 DAGs
[2025-01-04T16:47:55.036+0000] {logging_mixin.py:151} INFO - [2025-01-04T16:47:55.036+0000] {dag.py:3722} INFO - Setting next_dagrun for etl_socialstream_pipeline to 2025-01-04T00:00:00+00:00, run_after=2025-01-05T00:00:00+00:00
[2025-01-04T16:47:55.042+0000] {processor.py:179} INFO - Processing /opt/airflow/dags/social_stream_dag.py took 0.421 seconds
[2025-01-04T16:48:25.393+0000] {processor.py:157} INFO - Started process (PID=71) to work on /opt/airflow/dags/social_stream_dag.py
[2025-01-04T16:48:25.395+0000] {processor.py:829} INFO - Processing file /opt/airflow/dags/social_stream_dag.py for tasks to queue
[2025-01-04T16:48:25.402+0000] {logging_mixin.py:151} INFO - [2025-01-04T16:48:25.401+0000] {dagbag.py:536} INFO - Filling up the DagBag from /opt/airflow/dags/social_stream_dag.py
[2025-01-04T16:48:25.753+0000] {processor.py:839} INFO - DAG(s) dict_keys(['etl_socialstream_pipeline']) retrieved from /opt/airflow/dags/social_stream_dag.py
[2025-01-04T16:48:25.771+0000] {logging_mixin.py:151} INFO - [2025-01-04T16:48:25.771+0000] {dag.py:2941} INFO - Sync 1 DAGs
[2025-01-04T16:48:25.779+0000] {logging_mixin.py:151} INFO - [2025-01-04T16:48:25.779+0000] {dag.py:3722} INFO - Setting next_dagrun for etl_socialstream_pipeline to 2025-01-04T00:00:00+00:00, run_after=2025-01-05T00:00:00+00:00
[2025-01-04T16:48:25.786+0000] {processor.py:179} INFO - Processing /opt/airflow/dags/social_stream_dag.py took 0.401 seconds
[2025-01-04T16:48:56.145+0000] {processor.py:157} INFO - Started process (PID=73) to work on /opt/airflow/dags/social_stream_dag.py
[2025-01-04T16:48:56.147+0000] {processor.py:829} INFO - Processing file /opt/airflow/dags/social_stream_dag.py for tasks to queue
[2025-01-04T16:48:56.153+0000] {logging_mixin.py:151} INFO - [2025-01-04T16:48:56.152+0000] {dagbag.py:536} INFO - Filling up the DagBag from /opt/airflow/dags/social_stream_dag.py
[2025-01-04T16:48:56.526+0000] {processor.py:839} INFO - DAG(s) dict_keys(['etl_socialstream_pipeline']) retrieved from /opt/airflow/dags/social_stream_dag.py
[2025-01-04T16:48:56.545+0000] {logging_mixin.py:151} INFO - [2025-01-04T16:48:56.545+0000] {dag.py:2941} INFO - Sync 1 DAGs
[2025-01-04T16:48:56.555+0000] {logging_mixin.py:151} INFO - [2025-01-04T16:48:56.555+0000] {dag.py:3722} INFO - Setting next_dagrun for etl_socialstream_pipeline to 2025-01-04T00:00:00+00:00, run_after=2025-01-05T00:00:00+00:00
[2025-01-04T16:48:56.562+0000] {processor.py:179} INFO - Processing /opt/airflow/dags/social_stream_dag.py took 0.429 seconds
[2025-01-04T16:49:26.868+0000] {processor.py:157} INFO - Started process (PID=75) to work on /opt/airflow/dags/social_stream_dag.py
[2025-01-04T16:49:26.870+0000] {processor.py:829} INFO - Processing file /opt/airflow/dags/social_stream_dag.py for tasks to queue
[2025-01-04T16:49:26.875+0000] {logging_mixin.py:151} INFO - [2025-01-04T16:49:26.874+0000] {dagbag.py:536} INFO - Filling up the DagBag from /opt/airflow/dags/social_stream_dag.py
[2025-01-04T16:49:27.399+0000] {processor.py:839} INFO - DAG(s) dict_keys(['etl_socialstream_pipeline']) retrieved from /opt/airflow/dags/social_stream_dag.py
[2025-01-04T16:49:27.419+0000] {logging_mixin.py:151} INFO - [2025-01-04T16:49:27.418+0000] {dag.py:2941} INFO - Sync 1 DAGs
[2025-01-04T16:49:27.432+0000] {logging_mixin.py:151} INFO - [2025-01-04T16:49:27.432+0000] {dag.py:3722} INFO - Setting next_dagrun for etl_socialstream_pipeline to 2025-01-04T00:00:00+00:00, run_after=2025-01-05T00:00:00+00:00
[2025-01-04T16:49:27.440+0000] {processor.py:179} INFO - Processing /opt/airflow/dags/social_stream_dag.py took 0.579 seconds
[2025-01-04T16:49:57.996+0000] {processor.py:157} INFO - Started process (PID=77) to work on /opt/airflow/dags/social_stream_dag.py
[2025-01-04T16:49:57.998+0000] {processor.py:829} INFO - Processing file /opt/airflow/dags/social_stream_dag.py for tasks to queue
[2025-01-04T16:49:58.005+0000] {logging_mixin.py:151} INFO - [2025-01-04T16:49:58.003+0000] {dagbag.py:536} INFO - Filling up the DagBag from /opt/airflow/dags/social_stream_dag.py
[2025-01-04T16:49:58.422+0000] {processor.py:839} INFO - DAG(s) dict_keys(['etl_socialstream_pipeline']) retrieved from /opt/airflow/dags/social_stream_dag.py
[2025-01-04T16:49:58.427+0000] {logging_mixin.py:151} INFO - [2025-01-04T16:49:58.427+0000] {dag.py:2941} INFO - Sync 1 DAGs
[2025-01-04T16:49:58.438+0000] {logging_mixin.py:151} INFO - [2025-01-04T16:49:58.438+0000] {dag.py:3722} INFO - Setting next_dagrun for etl_socialstream_pipeline to 2025-01-04T00:00:00+00:00, run_after=2025-01-05T00:00:00+00:00
[2025-01-04T16:49:58.446+0000] {processor.py:179} INFO - Processing /opt/airflow/dags/social_stream_dag.py took 0.459 seconds
[2025-01-04T16:50:28.767+0000] {processor.py:157} INFO - Started process (PID=79) to work on /opt/airflow/dags/social_stream_dag.py
[2025-01-04T16:50:28.773+0000] {processor.py:829} INFO - Processing file /opt/airflow/dags/social_stream_dag.py for tasks to queue
[2025-01-04T16:50:28.777+0000] {logging_mixin.py:151} INFO - [2025-01-04T16:50:28.776+0000] {dagbag.py:536} INFO - Filling up the DagBag from /opt/airflow/dags/social_stream_dag.py
[2025-01-04T16:50:29.140+0000] {processor.py:839} INFO - DAG(s) dict_keys(['etl_socialstream_pipeline']) retrieved from /opt/airflow/dags/social_stream_dag.py
[2025-01-04T16:50:29.157+0000] {logging_mixin.py:151} INFO - [2025-01-04T16:50:29.156+0000] {dag.py:2941} INFO - Sync 1 DAGs
[2025-01-04T16:50:29.169+0000] {logging_mixin.py:151} INFO - [2025-01-04T16:50:29.168+0000] {dag.py:3722} INFO - Setting next_dagrun for etl_socialstream_pipeline to 2025-01-04T00:00:00+00:00, run_after=2025-01-05T00:00:00+00:00
[2025-01-04T16:50:29.174+0000] {processor.py:179} INFO - Processing /opt/airflow/dags/social_stream_dag.py took 0.413 seconds
[2025-01-04T16:50:59.566+0000] {processor.py:157} INFO - Started process (PID=81) to work on /opt/airflow/dags/social_stream_dag.py
[2025-01-04T16:50:59.568+0000] {processor.py:829} INFO - Processing file /opt/airflow/dags/social_stream_dag.py for tasks to queue
[2025-01-04T16:50:59.577+0000] {logging_mixin.py:151} INFO - [2025-01-04T16:50:59.576+0000] {dagbag.py:536} INFO - Filling up the DagBag from /opt/airflow/dags/social_stream_dag.py
[2025-01-04T16:51:00.083+0000] {processor.py:839} INFO - DAG(s) dict_keys(['etl_socialstream_pipeline']) retrieved from /opt/airflow/dags/social_stream_dag.py
[2025-01-04T16:51:00.103+0000] {logging_mixin.py:151} INFO - [2025-01-04T16:51:00.103+0000] {dag.py:2941} INFO - Sync 1 DAGs
[2025-01-04T16:51:00.115+0000] {logging_mixin.py:151} INFO - [2025-01-04T16:51:00.115+0000] {dag.py:3722} INFO - Setting next_dagrun for etl_socialstream_pipeline to 2025-01-04T00:00:00+00:00, run_after=2025-01-05T00:00:00+00:00
[2025-01-04T16:51:00.125+0000] {processor.py:179} INFO - Processing /opt/airflow/dags/social_stream_dag.py took 0.571 seconds
[2025-01-04T16:51:30.486+0000] {processor.py:157} INFO - Started process (PID=83) to work on /opt/airflow/dags/social_stream_dag.py
[2025-01-04T16:51:30.488+0000] {processor.py:829} INFO - Processing file /opt/airflow/dags/social_stream_dag.py for tasks to queue
[2025-01-04T16:51:30.493+0000] {logging_mixin.py:151} INFO - [2025-01-04T16:51:30.492+0000] {dagbag.py:536} INFO - Filling up the DagBag from /opt/airflow/dags/social_stream_dag.py
[2025-01-04T16:51:30.907+0000] {processor.py:839} INFO - DAG(s) dict_keys(['etl_socialstream_pipeline']) retrieved from /opt/airflow/dags/social_stream_dag.py
[2025-01-04T16:51:30.926+0000] {logging_mixin.py:151} INFO - [2025-01-04T16:51:30.926+0000] {dag.py:2941} INFO - Sync 1 DAGs
[2025-01-04T16:51:30.935+0000] {logging_mixin.py:151} INFO - [2025-01-04T16:51:30.935+0000] {dag.py:3722} INFO - Setting next_dagrun for etl_socialstream_pipeline to 2025-01-04T00:00:00+00:00, run_after=2025-01-05T00:00:00+00:00
[2025-01-04T16:51:30.942+0000] {processor.py:179} INFO - Processing /opt/airflow/dags/social_stream_dag.py took 0.470 seconds
[2025-01-04T16:51:31.582+0000] {processor.py:157} INFO - Started process (PID=85) to work on /opt/airflow/dags/social_stream_dag.py
[2025-01-04T16:51:31.583+0000] {processor.py:829} INFO - Processing file /opt/airflow/dags/social_stream_dag.py for tasks to queue
[2025-01-04T16:51:31.594+0000] {logging_mixin.py:151} INFO - [2025-01-04T16:51:31.593+0000] {dagbag.py:536} INFO - Filling up the DagBag from /opt/airflow/dags/social_stream_dag.py
[2025-01-04T16:51:32.656+0000] {processor.py:839} INFO - DAG(s) dict_keys(['etl_socialstream_pipeline']) retrieved from /opt/airflow/dags/social_stream_dag.py
[2025-01-04T16:51:32.691+0000] {logging_mixin.py:151} INFO - [2025-01-04T16:51:32.691+0000] {dag.py:2941} INFO - Sync 1 DAGs
[2025-01-04T16:51:32.717+0000] {logging_mixin.py:151} INFO - [2025-01-04T16:51:32.717+0000] {dag.py:3722} INFO - Setting next_dagrun for etl_socialstream_pipeline to 2025-01-04T00:00:00+00:00, run_after=2025-01-05T00:00:00+00:00
[2025-01-04T16:51:32.728+0000] {processor.py:179} INFO - Processing /opt/airflow/dags/social_stream_dag.py took 1.152 seconds
[2025-01-04T16:52:03.051+0000] {processor.py:157} INFO - Started process (PID=87) to work on /opt/airflow/dags/social_stream_dag.py
[2025-01-04T16:52:03.054+0000] {processor.py:829} INFO - Processing file /opt/airflow/dags/social_stream_dag.py for tasks to queue
[2025-01-04T16:52:03.061+0000] {logging_mixin.py:151} INFO - [2025-01-04T16:52:03.060+0000] {dagbag.py:536} INFO - Filling up the DagBag from /opt/airflow/dags/social_stream_dag.py
[2025-01-04T16:52:03.430+0000] {processor.py:839} INFO - DAG(s) dict_keys(['etl_socialstream_pipeline']) retrieved from /opt/airflow/dags/social_stream_dag.py
[2025-01-04T16:52:03.448+0000] {logging_mixin.py:151} INFO - [2025-01-04T16:52:03.447+0000] {dag.py:2941} INFO - Sync 1 DAGs
[2025-01-04T16:52:03.458+0000] {logging_mixin.py:151} INFO - [2025-01-04T16:52:03.458+0000] {dag.py:3722} INFO - Setting next_dagrun for etl_socialstream_pipeline to 2025-01-04T00:00:00+00:00, run_after=2025-01-05T00:00:00+00:00
[2025-01-04T16:52:03.464+0000] {processor.py:179} INFO - Processing /opt/airflow/dags/social_stream_dag.py took 0.426 seconds
[2025-01-04T16:52:33.802+0000] {processor.py:157} INFO - Started process (PID=89) to work on /opt/airflow/dags/social_stream_dag.py
[2025-01-04T16:52:33.803+0000] {processor.py:829} INFO - Processing file /opt/airflow/dags/social_stream_dag.py for tasks to queue
[2025-01-04T16:52:33.810+0000] {logging_mixin.py:151} INFO - [2025-01-04T16:52:33.809+0000] {dagbag.py:536} INFO - Filling up the DagBag from /opt/airflow/dags/social_stream_dag.py
[2025-01-04T16:52:34.176+0000] {processor.py:839} INFO - DAG(s) dict_keys(['etl_socialstream_pipeline']) retrieved from /opt/airflow/dags/social_stream_dag.py
[2025-01-04T16:52:34.192+0000] {logging_mixin.py:151} INFO - [2025-01-04T16:52:34.192+0000] {dag.py:2941} INFO - Sync 1 DAGs
[2025-01-04T16:52:34.201+0000] {logging_mixin.py:151} INFO - [2025-01-04T16:52:34.201+0000] {dag.py:3722} INFO - Setting next_dagrun for etl_socialstream_pipeline to 2025-01-04T00:00:00+00:00, run_after=2025-01-05T00:00:00+00:00
[2025-01-04T16:52:34.207+0000] {processor.py:179} INFO - Processing /opt/airflow/dags/social_stream_dag.py took 0.425 seconds
[2025-01-04T16:52:37.316+0000] {processor.py:157} INFO - Started process (PID=91) to work on /opt/airflow/dags/social_stream_dag.py
[2025-01-04T16:52:37.318+0000] {processor.py:829} INFO - Processing file /opt/airflow/dags/social_stream_dag.py for tasks to queue
[2025-01-04T16:52:37.322+0000] {logging_mixin.py:151} INFO - [2025-01-04T16:52:37.321+0000] {dagbag.py:536} INFO - Filling up the DagBag from /opt/airflow/dags/social_stream_dag.py
[2025-01-04T16:52:37.912+0000] {processor.py:839} INFO - DAG(s) dict_keys(['etl_socialstream_pipeline']) retrieved from /opt/airflow/dags/social_stream_dag.py
[2025-01-04T16:52:37.982+0000] {logging_mixin.py:151} INFO - [2025-01-04T16:52:37.982+0000] {dag.py:2941} INFO - Sync 1 DAGs
[2025-01-04T16:52:37.991+0000] {logging_mixin.py:151} INFO - [2025-01-04T16:52:37.990+0000] {dag.py:3722} INFO - Setting next_dagrun for etl_socialstream_pipeline to 2025-01-04T00:00:00+00:00, run_after=2025-01-05T00:00:00+00:00
[2025-01-04T16:52:37.998+0000] {processor.py:179} INFO - Processing /opt/airflow/dags/social_stream_dag.py took 0.690 seconds
[2025-01-04T16:53:08.219+0000] {processor.py:157} INFO - Started process (PID=93) to work on /opt/airflow/dags/social_stream_dag.py
[2025-01-04T16:53:08.222+0000] {processor.py:829} INFO - Processing file /opt/airflow/dags/social_stream_dag.py for tasks to queue
[2025-01-04T16:53:08.227+0000] {logging_mixin.py:151} INFO - [2025-01-04T16:53:08.227+0000] {dagbag.py:536} INFO - Filling up the DagBag from /opt/airflow/dags/social_stream_dag.py
[2025-01-04T16:53:08.627+0000] {processor.py:839} INFO - DAG(s) dict_keys(['etl_socialstream_pipeline']) retrieved from /opt/airflow/dags/social_stream_dag.py
[2025-01-04T16:53:08.642+0000] {logging_mixin.py:151} INFO - [2025-01-04T16:53:08.642+0000] {dag.py:2941} INFO - Sync 1 DAGs
[2025-01-04T16:53:08.652+0000] {logging_mixin.py:151} INFO - [2025-01-04T16:53:08.652+0000] {dag.py:3722} INFO - Setting next_dagrun for etl_socialstream_pipeline to 2025-01-04T00:00:00+00:00, run_after=2025-01-05T00:00:00+00:00
[2025-01-04T16:53:08.658+0000] {processor.py:179} INFO - Processing /opt/airflow/dags/social_stream_dag.py took 0.453 seconds
[2025-01-04T16:53:38.983+0000] {processor.py:157} INFO - Started process (PID=95) to work on /opt/airflow/dags/social_stream_dag.py
[2025-01-04T16:53:38.985+0000] {processor.py:829} INFO - Processing file /opt/airflow/dags/social_stream_dag.py for tasks to queue
[2025-01-04T16:53:38.992+0000] {logging_mixin.py:151} INFO - [2025-01-04T16:53:38.992+0000] {dagbag.py:536} INFO - Filling up the DagBag from /opt/airflow/dags/social_stream_dag.py
[2025-01-04T16:53:39.378+0000] {processor.py:839} INFO - DAG(s) dict_keys(['etl_socialstream_pipeline']) retrieved from /opt/airflow/dags/social_stream_dag.py
[2025-01-04T16:53:39.402+0000] {logging_mixin.py:151} INFO - [2025-01-04T16:53:39.402+0000] {dag.py:2941} INFO - Sync 1 DAGs
[2025-01-04T16:53:39.414+0000] {logging_mixin.py:151} INFO - [2025-01-04T16:53:39.413+0000] {dag.py:3722} INFO - Setting next_dagrun for etl_socialstream_pipeline to 2025-01-04T00:00:00+00:00, run_after=2025-01-05T00:00:00+00:00
[2025-01-04T16:53:39.420+0000] {processor.py:179} INFO - Processing /opt/airflow/dags/social_stream_dag.py took 0.443 seconds
[2025-01-04T16:54:09.822+0000] {processor.py:157} INFO - Started process (PID=97) to work on /opt/airflow/dags/social_stream_dag.py
[2025-01-04T16:54:09.824+0000] {processor.py:829} INFO - Processing file /opt/airflow/dags/social_stream_dag.py for tasks to queue
[2025-01-04T16:54:09.832+0000] {logging_mixin.py:151} INFO - [2025-01-04T16:54:09.831+0000] {dagbag.py:536} INFO - Filling up the DagBag from /opt/airflow/dags/social_stream_dag.py
[2025-01-04T16:54:10.241+0000] {processor.py:839} INFO - DAG(s) dict_keys(['etl_socialstream_pipeline']) retrieved from /opt/airflow/dags/social_stream_dag.py
[2025-01-04T16:54:10.261+0000] {logging_mixin.py:151} INFO - [2025-01-04T16:54:10.261+0000] {dag.py:2941} INFO - Sync 1 DAGs
[2025-01-04T16:54:10.270+0000] {logging_mixin.py:151} INFO - [2025-01-04T16:54:10.270+0000] {dag.py:3722} INFO - Setting next_dagrun for etl_socialstream_pipeline to 2025-01-04T00:00:00+00:00, run_after=2025-01-05T00:00:00+00:00
[2025-01-04T16:54:10.276+0000] {processor.py:179} INFO - Processing /opt/airflow/dags/social_stream_dag.py took 0.467 seconds
[2025-01-04T16:54:40.613+0000] {processor.py:157} INFO - Started process (PID=99) to work on /opt/airflow/dags/social_stream_dag.py
[2025-01-04T16:54:40.616+0000] {processor.py:829} INFO - Processing file /opt/airflow/dags/social_stream_dag.py for tasks to queue
[2025-01-04T16:54:40.628+0000] {logging_mixin.py:151} INFO - [2025-01-04T16:54:40.626+0000] {dagbag.py:536} INFO - Filling up the DagBag from /opt/airflow/dags/social_stream_dag.py
[2025-01-04T16:54:40.976+0000] {processor.py:839} INFO - DAG(s) dict_keys(['etl_socialstream_pipeline']) retrieved from /opt/airflow/dags/social_stream_dag.py
[2025-01-04T16:54:41.000+0000] {logging_mixin.py:151} INFO - [2025-01-04T16:54:41.000+0000] {dag.py:2941} INFO - Sync 1 DAGs
[2025-01-04T16:54:41.012+0000] {logging_mixin.py:151} INFO - [2025-01-04T16:54:41.011+0000] {dag.py:3722} INFO - Setting next_dagrun for etl_socialstream_pipeline to 2025-01-04T00:00:00+00:00, run_after=2025-01-05T00:00:00+00:00
[2025-01-04T16:54:41.019+0000] {processor.py:179} INFO - Processing /opt/airflow/dags/social_stream_dag.py took 0.413 seconds
[2025-01-04T16:55:11.332+0000] {processor.py:157} INFO - Started process (PID=101) to work on /opt/airflow/dags/social_stream_dag.py
[2025-01-04T16:55:11.334+0000] {processor.py:829} INFO - Processing file /opt/airflow/dags/social_stream_dag.py for tasks to queue
[2025-01-04T16:55:11.342+0000] {logging_mixin.py:151} INFO - [2025-01-04T16:55:11.340+0000] {dagbag.py:536} INFO - Filling up the DagBag from /opt/airflow/dags/social_stream_dag.py
[2025-01-04T16:55:11.767+0000] {processor.py:839} INFO - DAG(s) dict_keys(['etl_socialstream_pipeline']) retrieved from /opt/airflow/dags/social_stream_dag.py
[2025-01-04T16:55:11.790+0000] {logging_mixin.py:151} INFO - [2025-01-04T16:55:11.790+0000] {dag.py:2941} INFO - Sync 1 DAGs
[2025-01-04T16:55:11.799+0000] {logging_mixin.py:151} INFO - [2025-01-04T16:55:11.799+0000] {dag.py:3722} INFO - Setting next_dagrun for etl_socialstream_pipeline to 2025-01-04T00:00:00+00:00, run_after=2025-01-05T00:00:00+00:00
[2025-01-04T16:55:11.805+0000] {processor.py:179} INFO - Processing /opt/airflow/dags/social_stream_dag.py took 0.488 seconds
[2025-01-04T16:55:42.169+0000] {processor.py:157} INFO - Started process (PID=103) to work on /opt/airflow/dags/social_stream_dag.py
[2025-01-04T16:55:42.171+0000] {processor.py:829} INFO - Processing file /opt/airflow/dags/social_stream_dag.py for tasks to queue
[2025-01-04T16:55:42.176+0000] {logging_mixin.py:151} INFO - [2025-01-04T16:55:42.175+0000] {dagbag.py:536} INFO - Filling up the DagBag from /opt/airflow/dags/social_stream_dag.py
[2025-01-04T16:55:42.529+0000] {processor.py:839} INFO - DAG(s) dict_keys(['etl_socialstream_pipeline']) retrieved from /opt/airflow/dags/social_stream_dag.py
[2025-01-04T16:55:42.543+0000] {logging_mixin.py:151} INFO - [2025-01-04T16:55:42.543+0000] {dag.py:2941} INFO - Sync 1 DAGs
[2025-01-04T16:55:42.552+0000] {logging_mixin.py:151} INFO - [2025-01-04T16:55:42.552+0000] {dag.py:3722} INFO - Setting next_dagrun for etl_socialstream_pipeline to 2025-01-04T00:00:00+00:00, run_after=2025-01-05T00:00:00+00:00
[2025-01-04T16:55:42.558+0000] {processor.py:179} INFO - Processing /opt/airflow/dags/social_stream_dag.py took 0.398 seconds
[2025-01-04T16:56:12.855+0000] {processor.py:157} INFO - Started process (PID=105) to work on /opt/airflow/dags/social_stream_dag.py
[2025-01-04T16:56:12.858+0000] {processor.py:829} INFO - Processing file /opt/airflow/dags/social_stream_dag.py for tasks to queue
[2025-01-04T16:56:12.862+0000] {logging_mixin.py:151} INFO - [2025-01-04T16:56:12.862+0000] {dagbag.py:536} INFO - Filling up the DagBag from /opt/airflow/dags/social_stream_dag.py
[2025-01-04T16:56:13.246+0000] {processor.py:839} INFO - DAG(s) dict_keys(['etl_socialstream_pipeline']) retrieved from /opt/airflow/dags/social_stream_dag.py
[2025-01-04T16:56:13.269+0000] {logging_mixin.py:151} INFO - [2025-01-04T16:56:13.269+0000] {dag.py:2941} INFO - Sync 1 DAGs
[2025-01-04T16:56:13.283+0000] {logging_mixin.py:151} INFO - [2025-01-04T16:56:13.283+0000] {dag.py:3722} INFO - Setting next_dagrun for etl_socialstream_pipeline to 2025-01-04T00:00:00+00:00, run_after=2025-01-05T00:00:00+00:00
[2025-01-04T16:56:13.290+0000] {processor.py:179} INFO - Processing /opt/airflow/dags/social_stream_dag.py took 0.448 seconds
[2025-01-04T16:56:43.648+0000] {processor.py:157} INFO - Started process (PID=107) to work on /opt/airflow/dags/social_stream_dag.py
[2025-01-04T16:56:43.651+0000] {processor.py:829} INFO - Processing file /opt/airflow/dags/social_stream_dag.py for tasks to queue
[2025-01-04T16:56:43.662+0000] {logging_mixin.py:151} INFO - [2025-01-04T16:56:43.660+0000] {dagbag.py:536} INFO - Filling up the DagBag from /opt/airflow/dags/social_stream_dag.py
[2025-01-04T16:56:44.049+0000] {processor.py:839} INFO - DAG(s) dict_keys(['etl_socialstream_pipeline']) retrieved from /opt/airflow/dags/social_stream_dag.py
[2025-01-04T16:56:44.064+0000] {logging_mixin.py:151} INFO - [2025-01-04T16:56:44.064+0000] {dag.py:2941} INFO - Sync 1 DAGs
[2025-01-04T16:56:44.075+0000] {logging_mixin.py:151} INFO - [2025-01-04T16:56:44.075+0000] {dag.py:3722} INFO - Setting next_dagrun for etl_socialstream_pipeline to 2025-01-04T00:00:00+00:00, run_after=2025-01-05T00:00:00+00:00
[2025-01-04T16:56:44.082+0000] {processor.py:179} INFO - Processing /opt/airflow/dags/social_stream_dag.py took 0.450 seconds
[2025-01-04T16:57:14.449+0000] {processor.py:157} INFO - Started process (PID=109) to work on /opt/airflow/dags/social_stream_dag.py
[2025-01-04T16:57:14.450+0000] {processor.py:829} INFO - Processing file /opt/airflow/dags/social_stream_dag.py for tasks to queue
[2025-01-04T16:57:14.457+0000] {logging_mixin.py:151} INFO - [2025-01-04T16:57:14.454+0000] {dagbag.py:536} INFO - Filling up the DagBag from /opt/airflow/dags/social_stream_dag.py
[2025-01-04T16:57:14.822+0000] {processor.py:839} INFO - DAG(s) dict_keys(['etl_socialstream_pipeline']) retrieved from /opt/airflow/dags/social_stream_dag.py
[2025-01-04T16:57:14.845+0000] {logging_mixin.py:151} INFO - [2025-01-04T16:57:14.845+0000] {dag.py:2941} INFO - Sync 1 DAGs
[2025-01-04T16:57:14.855+0000] {logging_mixin.py:151} INFO - [2025-01-04T16:57:14.855+0000] {dag.py:3722} INFO - Setting next_dagrun for etl_socialstream_pipeline to 2025-01-04T00:00:00+00:00, run_after=2025-01-05T00:00:00+00:00
[2025-01-04T16:57:14.862+0000] {processor.py:179} INFO - Processing /opt/airflow/dags/social_stream_dag.py took 0.424 seconds
[2025-01-04T16:57:45.216+0000] {processor.py:157} INFO - Started process (PID=111) to work on /opt/airflow/dags/social_stream_dag.py
[2025-01-04T16:57:45.217+0000] {processor.py:829} INFO - Processing file /opt/airflow/dags/social_stream_dag.py for tasks to queue
[2025-01-04T16:57:45.222+0000] {logging_mixin.py:151} INFO - [2025-01-04T16:57:45.222+0000] {dagbag.py:536} INFO - Filling up the DagBag from /opt/airflow/dags/social_stream_dag.py
[2025-01-04T16:57:45.573+0000] {processor.py:839} INFO - DAG(s) dict_keys(['etl_socialstream_pipeline']) retrieved from /opt/airflow/dags/social_stream_dag.py
[2025-01-04T16:57:45.586+0000] {logging_mixin.py:151} INFO - [2025-01-04T16:57:45.586+0000] {dag.py:2941} INFO - Sync 1 DAGs
[2025-01-04T16:57:45.595+0000] {logging_mixin.py:151} INFO - [2025-01-04T16:57:45.595+0000] {dag.py:3722} INFO - Setting next_dagrun for etl_socialstream_pipeline to 2025-01-04T00:00:00+00:00, run_after=2025-01-05T00:00:00+00:00
[2025-01-04T16:57:45.601+0000] {processor.py:179} INFO - Processing /opt/airflow/dags/social_stream_dag.py took 0.392 seconds
[2025-01-04T16:58:15.973+0000] {processor.py:157} INFO - Started process (PID=113) to work on /opt/airflow/dags/social_stream_dag.py
[2025-01-04T16:58:15.974+0000] {processor.py:829} INFO - Processing file /opt/airflow/dags/social_stream_dag.py for tasks to queue
[2025-01-04T16:58:15.978+0000] {logging_mixin.py:151} INFO - [2025-01-04T16:58:15.978+0000] {dagbag.py:536} INFO - Filling up the DagBag from /opt/airflow/dags/social_stream_dag.py
[2025-01-04T16:58:16.434+0000] {processor.py:839} INFO - DAG(s) dict_keys(['etl_socialstream_pipeline']) retrieved from /opt/airflow/dags/social_stream_dag.py
[2025-01-04T16:58:16.457+0000] {logging_mixin.py:151} INFO - [2025-01-04T16:58:16.457+0000] {dag.py:2941} INFO - Sync 1 DAGs
[2025-01-04T16:58:16.471+0000] {logging_mixin.py:151} INFO - [2025-01-04T16:58:16.470+0000] {dag.py:3722} INFO - Setting next_dagrun for etl_socialstream_pipeline to 2025-01-04T00:00:00+00:00, run_after=2025-01-05T00:00:00+00:00
[2025-01-04T16:58:16.479+0000] {processor.py:179} INFO - Processing /opt/airflow/dags/social_stream_dag.py took 0.520 seconds
[2025-01-04T16:58:46.832+0000] {processor.py:157} INFO - Started process (PID=115) to work on /opt/airflow/dags/social_stream_dag.py
[2025-01-04T16:58:46.833+0000] {processor.py:829} INFO - Processing file /opt/airflow/dags/social_stream_dag.py for tasks to queue
[2025-01-04T16:58:46.841+0000] {logging_mixin.py:151} INFO - [2025-01-04T16:58:46.840+0000] {dagbag.py:536} INFO - Filling up the DagBag from /opt/airflow/dags/social_stream_dag.py
[2025-01-04T16:58:47.214+0000] {processor.py:839} INFO - DAG(s) dict_keys(['etl_socialstream_pipeline']) retrieved from /opt/airflow/dags/social_stream_dag.py
[2025-01-04T16:58:47.234+0000] {logging_mixin.py:151} INFO - [2025-01-04T16:58:47.234+0000] {dag.py:2941} INFO - Sync 1 DAGs
[2025-01-04T16:58:47.243+0000] {logging_mixin.py:151} INFO - [2025-01-04T16:58:47.243+0000] {dag.py:3722} INFO - Setting next_dagrun for etl_socialstream_pipeline to 2025-01-04T00:00:00+00:00, run_after=2025-01-05T00:00:00+00:00
[2025-01-04T16:58:47.249+0000] {processor.py:179} INFO - Processing /opt/airflow/dags/social_stream_dag.py took 0.426 seconds
[2025-01-04T16:59:17.593+0000] {processor.py:157} INFO - Started process (PID=117) to work on /opt/airflow/dags/social_stream_dag.py
[2025-01-04T16:59:17.596+0000] {processor.py:829} INFO - Processing file /opt/airflow/dags/social_stream_dag.py for tasks to queue
[2025-01-04T16:59:17.606+0000] {logging_mixin.py:151} INFO - [2025-01-04T16:59:17.605+0000] {dagbag.py:536} INFO - Filling up the DagBag from /opt/airflow/dags/social_stream_dag.py
[2025-01-04T16:59:18.198+0000] {processor.py:839} INFO - DAG(s) dict_keys(['etl_socialstream_pipeline']) retrieved from /opt/airflow/dags/social_stream_dag.py
[2025-01-04T16:59:18.231+0000] {logging_mixin.py:151} INFO - [2025-01-04T16:59:18.231+0000] {dag.py:2941} INFO - Sync 1 DAGs
[2025-01-04T16:59:18.245+0000] {logging_mixin.py:151} INFO - [2025-01-04T16:59:18.245+0000] {dag.py:3722} INFO - Setting next_dagrun for etl_socialstream_pipeline to 2025-01-04T00:00:00+00:00, run_after=2025-01-05T00:00:00+00:00
[2025-01-04T16:59:18.254+0000] {processor.py:179} INFO - Processing /opt/airflow/dags/social_stream_dag.py took 0.670 seconds
