[2025-01-09T17:11:00.295+0000] {taskinstance.py:1159} INFO - Dependencies all met for dep_context=non-requeueable deps ti=<TaskInstance: etl_socialstream_pipeline.extract_reddit_data scheduled__2025-01-08T00:00:00+00:00 [queued]>
[2025-01-09T17:11:00.302+0000] {taskinstance.py:1159} INFO - Dependencies all met for dep_context=requeueable deps ti=<TaskInstance: etl_socialstream_pipeline.extract_reddit_data scheduled__2025-01-08T00:00:00+00:00 [queued]>
[2025-01-09T17:11:00.302+0000] {taskinstance.py:1361} INFO - Starting attempt 1 of 4
[2025-01-09T17:11:00.311+0000] {taskinstance.py:1382} INFO - Executing <Task(PythonOperator): extract_reddit_data> on 2025-01-08 00:00:00+00:00
[2025-01-09T17:11:00.333+0000] {standard_task_runner.py:57} INFO - Started process 50 to run task
[2025-01-09T17:11:00.341+0000] {standard_task_runner.py:84} INFO - Running: ['airflow', 'tasks', 'run', 'etl_socialstream_pipeline', 'extract_reddit_data', 'scheduled__2025-01-08T00:00:00+00:00', '--job-id', '2', '--raw', '--subdir', 'DAGS_FOLDER/social_stream_dag.py', '--cfg-path', '/tmp/tmp05caby00']
[2025-01-09T17:11:00.367+0000] {standard_task_runner.py:85} INFO - Job 2: Subtask extract_reddit_data
[2025-01-09T17:11:00.658+0000] {task_command.py:416} INFO - Running <TaskInstance: etl_socialstream_pipeline.extract_reddit_data scheduled__2025-01-08T00:00:00+00:00 [running]> on host 2c0adf07e173
[2025-01-09T17:11:01.136+0000] {taskinstance.py:1662} INFO - Exporting env vars: AIRFLOW_CTX_DAG_EMAIL='atharvnanaware01@gmail.com' AIRFLOW_CTX_DAG_OWNER='Atharv-Nanaware' AIRFLOW_CTX_DAG_ID='etl_socialstream_pipeline' AIRFLOW_CTX_TASK_ID='extract_reddit_data' AIRFLOW_CTX_EXECUTION_DATE='2025-01-08T00:00:00+00:00' AIRFLOW_CTX_TRY_NUMBER='1' AIRFLOW_CTX_DAG_RUN_ID='scheduled__2025-01-08T00:00:00+00:00'
[2025-01-09T17:11:01.845+0000] {logging_mixin.py:151} WARNING - Version 7.7.1 of praw is outdated. Version 7.8.1 was released Friday October 25, 2024.
[2025-01-09T17:11:01.855+0000] {logging_mixin.py:151} INFO - connected to reddit!
[2025-01-09T17:12:14.521+0000] {python.py:194} INFO - Done. Returned value was: /opt/airflow/data/output/socialstream_20250109.csv
[2025-01-09T17:12:14.555+0000] {taskinstance.py:1400} INFO - Marking task as SUCCESS. dag_id=etl_socialstream_pipeline, task_id=extract_reddit_data, execution_date=20250108T000000, start_date=20250109T171100, end_date=20250109T171214
[2025-01-09T17:12:14.624+0000] {local_task_job_runner.py:228} INFO - Task exited with return code 0
[2025-01-09T17:12:14.653+0000] {taskinstance.py:2778} INFO - 1 downstream tasks scheduled from follow-on schedule check
[2025-01-09T17:40:23.544+0000] {taskinstance.py:1159} INFO - Dependencies all met for dep_context=non-requeueable deps ti=<TaskInstance: etl_socialstream_pipeline.extract_reddit_data scheduled__2025-01-08T00:00:00+00:00 [queued]>
[2025-01-09T17:40:23.547+0000] {taskinstance.py:1159} INFO - Dependencies all met for dep_context=requeueable deps ti=<TaskInstance: etl_socialstream_pipeline.extract_reddit_data scheduled__2025-01-08T00:00:00+00:00 [queued]>
[2025-01-09T17:40:23.547+0000] {taskinstance.py:1361} INFO - Starting attempt 1 of 4
[2025-01-09T17:40:23.552+0000] {taskinstance.py:1382} INFO - Executing <Task(PythonOperator): extract_reddit_data> on 2025-01-08 00:00:00+00:00
[2025-01-09T17:40:23.560+0000] {standard_task_runner.py:57} INFO - Started process 49 to run task
[2025-01-09T17:40:23.563+0000] {standard_task_runner.py:84} INFO - Running: ['airflow', 'tasks', 'run', 'etl_socialstream_pipeline', 'extract_reddit_data', 'scheduled__2025-01-08T00:00:00+00:00', '--job-id', '2', '--raw', '--subdir', 'DAGS_FOLDER/social_stream_dag.py', '--cfg-path', '/tmp/tmpp3al_p5r']
[2025-01-09T17:40:23.565+0000] {standard_task_runner.py:85} INFO - Job 2: Subtask extract_reddit_data
[2025-01-09T17:40:23.598+0000] {task_command.py:416} INFO - Running <TaskInstance: etl_socialstream_pipeline.extract_reddit_data scheduled__2025-01-08T00:00:00+00:00 [running]> on host 89a5c0a8ec3b
[2025-01-09T17:40:23.635+0000] {taskinstance.py:1662} INFO - Exporting env vars: AIRFLOW_CTX_DAG_EMAIL='atharvnanaware01@gmail.com' AIRFLOW_CTX_DAG_OWNER='Atharv-Nanaware' AIRFLOW_CTX_DAG_ID='etl_socialstream_pipeline' AIRFLOW_CTX_TASK_ID='extract_reddit_data' AIRFLOW_CTX_EXECUTION_DATE='2025-01-08T00:00:00+00:00' AIRFLOW_CTX_TRY_NUMBER='1' AIRFLOW_CTX_DAG_RUN_ID='scheduled__2025-01-08T00:00:00+00:00'
[2025-01-09T17:40:23.736+0000] {logging_mixin.py:151} WARNING - Version 7.7.1 of praw is outdated. Version 7.8.1 was released Friday October 25, 2024.
[2025-01-09T17:40:23.739+0000] {logging_mixin.py:151} INFO - connected to reddit!
[2025-01-09T17:41:38.301+0000] {python.py:194} INFO - Done. Returned value was: /opt/airflow/data/output/socialstream_20250109.csv
[2025-01-09T17:41:38.327+0000] {taskinstance.py:1400} INFO - Marking task as SUCCESS. dag_id=etl_socialstream_pipeline, task_id=extract_reddit_data, execution_date=20250108T000000, start_date=20250109T174023, end_date=20250109T174138
[2025-01-09T17:41:38.380+0000] {local_task_job_runner.py:228} INFO - Task exited with return code 0
[2025-01-09T17:41:38.403+0000] {taskinstance.py:2778} INFO - 1 downstream tasks scheduled from follow-on schedule check
