[2025-01-13T16:03:02.956+0000] {processor.py:157} INFO - Started process (PID=29) to work on /opt/airflow/dags/social_stream_dag.py
[2025-01-13T16:03:02.958+0000] {processor.py:829} INFO - Processing file /opt/airflow/dags/social_stream_dag.py for tasks to queue
[2025-01-13T16:03:02.961+0000] {logging_mixin.py:151} INFO - [2025-01-13T16:03:02.960+0000] {dagbag.py:536} INFO - Filling up the DagBag from /opt/airflow/dags/social_stream_dag.py
[2025-01-13T16:03:03.591+0000] {processor.py:839} INFO - DAG(s) dict_keys(['etl_socialstream_pipeline']) retrieved from /opt/airflow/dags/social_stream_dag.py
[2025-01-13T16:03:03.618+0000] {logging_mixin.py:151} INFO - [2025-01-13T16:03:03.617+0000] {dag.py:2941} INFO - Sync 1 DAGs
[2025-01-13T16:03:03.660+0000] {logging_mixin.py:151} INFO - [2025-01-13T16:03:03.660+0000] {dag.py:3722} INFO - Setting next_dagrun for etl_socialstream_pipeline to 2025-01-12T00:00:00+00:00, run_after=2025-01-13T00:00:00+00:00
[2025-01-13T16:03:03.691+0000] {processor.py:179} INFO - Processing /opt/airflow/dags/social_stream_dag.py took 0.738 seconds
[2025-01-13T16:03:34.263+0000] {processor.py:157} INFO - Started process (PID=31) to work on /opt/airflow/dags/social_stream_dag.py
[2025-01-13T16:03:34.264+0000] {processor.py:829} INFO - Processing file /opt/airflow/dags/social_stream_dag.py for tasks to queue
[2025-01-13T16:03:34.277+0000] {logging_mixin.py:151} INFO - [2025-01-13T16:03:34.272+0000] {dagbag.py:536} INFO - Filling up the DagBag from /opt/airflow/dags/social_stream_dag.py
[2025-01-13T16:03:34.834+0000] {processor.py:839} INFO - DAG(s) dict_keys(['etl_socialstream_pipeline']) retrieved from /opt/airflow/dags/social_stream_dag.py
[2025-01-13T16:03:34.849+0000] {logging_mixin.py:151} INFO - [2025-01-13T16:03:34.848+0000] {dag.py:2941} INFO - Sync 1 DAGs
[2025-01-13T16:03:34.860+0000] {logging_mixin.py:151} INFO - [2025-01-13T16:03:34.860+0000] {dag.py:3722} INFO - Setting next_dagrun for etl_socialstream_pipeline to 2025-01-12T00:00:00+00:00, run_after=2025-01-13T00:00:00+00:00
[2025-01-13T16:03:34.873+0000] {processor.py:179} INFO - Processing /opt/airflow/dags/social_stream_dag.py took 0.618 seconds
[2025-01-13T16:04:05.187+0000] {processor.py:157} INFO - Started process (PID=33) to work on /opt/airflow/dags/social_stream_dag.py
[2025-01-13T16:04:05.188+0000] {processor.py:829} INFO - Processing file /opt/airflow/dags/social_stream_dag.py for tasks to queue
[2025-01-13T16:04:05.192+0000] {logging_mixin.py:151} INFO - [2025-01-13T16:04:05.192+0000] {dagbag.py:536} INFO - Filling up the DagBag from /opt/airflow/dags/social_stream_dag.py
[2025-01-13T16:04:05.630+0000] {processor.py:839} INFO - DAG(s) dict_keys(['etl_socialstream_pipeline']) retrieved from /opt/airflow/dags/social_stream_dag.py
[2025-01-13T16:04:05.646+0000] {logging_mixin.py:151} INFO - [2025-01-13T16:04:05.646+0000] {dag.py:2941} INFO - Sync 1 DAGs
[2025-01-13T16:04:05.654+0000] {logging_mixin.py:151} INFO - [2025-01-13T16:04:05.654+0000] {dag.py:3722} INFO - Setting next_dagrun for etl_socialstream_pipeline to 2025-01-13T00:00:00+00:00, run_after=2025-01-14T00:00:00+00:00
[2025-01-13T16:04:05.660+0000] {processor.py:179} INFO - Processing /opt/airflow/dags/social_stream_dag.py took 0.480 seconds
[2025-01-13T16:04:35.844+0000] {processor.py:157} INFO - Started process (PID=35) to work on /opt/airflow/dags/social_stream_dag.py
[2025-01-13T16:04:35.845+0000] {processor.py:829} INFO - Processing file /opt/airflow/dags/social_stream_dag.py for tasks to queue
[2025-01-13T16:04:35.851+0000] {logging_mixin.py:151} INFO - [2025-01-13T16:04:35.850+0000] {dagbag.py:536} INFO - Filling up the DagBag from /opt/airflow/dags/social_stream_dag.py
[2025-01-13T16:04:36.308+0000] {processor.py:839} INFO - DAG(s) dict_keys(['etl_socialstream_pipeline']) retrieved from /opt/airflow/dags/social_stream_dag.py
[2025-01-13T16:04:36.323+0000] {logging_mixin.py:151} INFO - [2025-01-13T16:04:36.323+0000] {dag.py:2941} INFO - Sync 1 DAGs
[2025-01-13T16:04:36.333+0000] {logging_mixin.py:151} INFO - [2025-01-13T16:04:36.333+0000] {dag.py:3722} INFO - Setting next_dagrun for etl_socialstream_pipeline to 2025-01-13T00:00:00+00:00, run_after=2025-01-14T00:00:00+00:00
[2025-01-13T16:04:36.339+0000] {processor.py:179} INFO - Processing /opt/airflow/dags/social_stream_dag.py took 0.503 seconds
[2025-01-13T16:05:06.737+0000] {processor.py:157} INFO - Started process (PID=37) to work on /opt/airflow/dags/social_stream_dag.py
[2025-01-13T16:05:06.738+0000] {processor.py:829} INFO - Processing file /opt/airflow/dags/social_stream_dag.py for tasks to queue
[2025-01-13T16:05:06.745+0000] {logging_mixin.py:151} INFO - [2025-01-13T16:05:06.743+0000] {dagbag.py:536} INFO - Filling up the DagBag from /opt/airflow/dags/social_stream_dag.py
[2025-01-13T16:05:07.404+0000] {processor.py:839} INFO - DAG(s) dict_keys(['etl_socialstream_pipeline']) retrieved from /opt/airflow/dags/social_stream_dag.py
[2025-01-13T16:05:07.417+0000] {logging_mixin.py:151} INFO - [2025-01-13T16:05:07.417+0000] {dag.py:2941} INFO - Sync 1 DAGs
[2025-01-13T16:05:07.432+0000] {logging_mixin.py:151} INFO - [2025-01-13T16:05:07.432+0000] {dag.py:3722} INFO - Setting next_dagrun for etl_socialstream_pipeline to 2025-01-13T00:00:00+00:00, run_after=2025-01-14T00:00:00+00:00
[2025-01-13T16:05:07.445+0000] {processor.py:179} INFO - Processing /opt/airflow/dags/social_stream_dag.py took 0.720 seconds
[2025-01-13T16:05:37.574+0000] {processor.py:157} INFO - Started process (PID=39) to work on /opt/airflow/dags/social_stream_dag.py
[2025-01-13T16:05:37.587+0000] {processor.py:829} INFO - Processing file /opt/airflow/dags/social_stream_dag.py for tasks to queue
[2025-01-13T16:05:37.595+0000] {logging_mixin.py:151} INFO - [2025-01-13T16:05:37.594+0000] {dagbag.py:536} INFO - Filling up the DagBag from /opt/airflow/dags/social_stream_dag.py
[2025-01-13T16:05:38.636+0000] {processor.py:839} INFO - DAG(s) dict_keys(['etl_socialstream_pipeline']) retrieved from /opt/airflow/dags/social_stream_dag.py
[2025-01-13T16:05:38.662+0000] {logging_mixin.py:151} INFO - [2025-01-13T16:05:38.661+0000] {dag.py:2941} INFO - Sync 1 DAGs
[2025-01-13T16:05:38.672+0000] {logging_mixin.py:151} INFO - [2025-01-13T16:05:38.672+0000] {dag.py:3722} INFO - Setting next_dagrun for etl_socialstream_pipeline to 2025-01-13T00:00:00+00:00, run_after=2025-01-14T00:00:00+00:00
[2025-01-13T16:05:38.678+0000] {processor.py:179} INFO - Processing /opt/airflow/dags/social_stream_dag.py took 1.118 seconds
