[2025-01-09T17:10:12.445+0000] {processor.py:157} INFO - Started process (PID=30) to work on /opt/airflow/dags/social_stream_dag.py
[2025-01-09T17:10:12.455+0000] {processor.py:829} INFO - Processing file /opt/airflow/dags/social_stream_dag.py for tasks to queue
[2025-01-09T17:10:12.463+0000] {logging_mixin.py:151} INFO - [2025-01-09T17:10:12.461+0000] {dagbag.py:536} INFO - Filling up the DagBag from /opt/airflow/dags/social_stream_dag.py
[2025-01-09T17:10:14.201+0000] {processor.py:839} INFO - DAG(s) dict_keys(['etl_socialstream_pipeline']) retrieved from /opt/airflow/dags/social_stream_dag.py
[2025-01-09T17:10:14.264+0000] {logging_mixin.py:151} INFO - [2025-01-09T17:10:14.264+0000] {dag.py:2941} INFO - Sync 1 DAGs
[2025-01-09T17:10:14.294+0000] {logging_mixin.py:151} INFO - [2025-01-09T17:10:14.293+0000] {dag.py:3722} INFO - Setting next_dagrun for etl_socialstream_pipeline to 2025-01-08T00:00:00+00:00, run_after=2025-01-09T00:00:00+00:00
[2025-01-09T17:10:14.318+0000] {processor.py:179} INFO - Processing /opt/airflow/dags/social_stream_dag.py took 1.899 seconds
[2025-01-09T17:10:45.205+0000] {processor.py:157} INFO - Started process (PID=32) to work on /opt/airflow/dags/social_stream_dag.py
[2025-01-09T17:10:45.209+0000] {processor.py:829} INFO - Processing file /opt/airflow/dags/social_stream_dag.py for tasks to queue
[2025-01-09T17:10:45.257+0000] {logging_mixin.py:151} INFO - [2025-01-09T17:10:45.246+0000] {dagbag.py:536} INFO - Filling up the DagBag from /opt/airflow/dags/social_stream_dag.py
[2025-01-09T17:10:52.165+0000] {processor.py:839} INFO - DAG(s) dict_keys(['etl_socialstream_pipeline']) retrieved from /opt/airflow/dags/social_stream_dag.py
[2025-01-09T17:10:52.240+0000] {logging_mixin.py:151} INFO - [2025-01-09T17:10:52.240+0000] {dag.py:2941} INFO - Sync 1 DAGs
[2025-01-09T17:10:52.279+0000] {logging_mixin.py:151} INFO - [2025-01-09T17:10:52.279+0000] {dag.py:3722} INFO - Setting next_dagrun for etl_socialstream_pipeline to 2025-01-08T00:00:00+00:00, run_after=2025-01-09T00:00:00+00:00
[2025-01-09T17:10:52.319+0000] {processor.py:179} INFO - Processing /opt/airflow/dags/social_stream_dag.py took 7.158 seconds
[2025-01-09T17:11:22.568+0000] {processor.py:157} INFO - Started process (PID=34) to work on /opt/airflow/dags/social_stream_dag.py
[2025-01-09T17:11:22.569+0000] {processor.py:829} INFO - Processing file /opt/airflow/dags/social_stream_dag.py for tasks to queue
[2025-01-09T17:11:22.577+0000] {logging_mixin.py:151} INFO - [2025-01-09T17:11:22.575+0000] {dagbag.py:536} INFO - Filling up the DagBag from /opt/airflow/dags/social_stream_dag.py
[2025-01-09T17:11:24.243+0000] {processor.py:839} INFO - DAG(s) dict_keys(['etl_socialstream_pipeline']) retrieved from /opt/airflow/dags/social_stream_dag.py
[2025-01-09T17:11:24.274+0000] {logging_mixin.py:151} INFO - [2025-01-09T17:11:24.273+0000] {dag.py:2941} INFO - Sync 1 DAGs
[2025-01-09T17:11:24.306+0000] {logging_mixin.py:151} INFO - [2025-01-09T17:11:24.306+0000] {dag.py:3722} INFO - Setting next_dagrun for etl_socialstream_pipeline to 2025-01-09T00:00:00+00:00, run_after=2025-01-10T00:00:00+00:00
[2025-01-09T17:11:24.324+0000] {processor.py:179} INFO - Processing /opt/airflow/dags/social_stream_dag.py took 1.763 seconds
[2025-01-09T17:11:54.725+0000] {processor.py:157} INFO - Started process (PID=36) to work on /opt/airflow/dags/social_stream_dag.py
[2025-01-09T17:11:54.729+0000] {processor.py:829} INFO - Processing file /opt/airflow/dags/social_stream_dag.py for tasks to queue
[2025-01-09T17:11:54.738+0000] {logging_mixin.py:151} INFO - [2025-01-09T17:11:54.737+0000] {dagbag.py:536} INFO - Filling up the DagBag from /opt/airflow/dags/social_stream_dag.py
[2025-01-09T17:11:55.284+0000] {processor.py:839} INFO - DAG(s) dict_keys(['etl_socialstream_pipeline']) retrieved from /opt/airflow/dags/social_stream_dag.py
[2025-01-09T17:11:55.302+0000] {logging_mixin.py:151} INFO - [2025-01-09T17:11:55.302+0000] {dag.py:2941} INFO - Sync 1 DAGs
[2025-01-09T17:11:55.313+0000] {logging_mixin.py:151} INFO - [2025-01-09T17:11:55.313+0000] {dag.py:3722} INFO - Setting next_dagrun for etl_socialstream_pipeline to 2025-01-09T00:00:00+00:00, run_after=2025-01-10T00:00:00+00:00
[2025-01-09T17:11:55.320+0000] {processor.py:179} INFO - Processing /opt/airflow/dags/social_stream_dag.py took 0.608 seconds
[2025-01-09T17:12:25.718+0000] {processor.py:157} INFO - Started process (PID=38) to work on /opt/airflow/dags/social_stream_dag.py
[2025-01-09T17:12:25.720+0000] {processor.py:829} INFO - Processing file /opt/airflow/dags/social_stream_dag.py for tasks to queue
[2025-01-09T17:12:25.731+0000] {logging_mixin.py:151} INFO - [2025-01-09T17:12:25.729+0000] {dagbag.py:536} INFO - Filling up the DagBag from /opt/airflow/dags/social_stream_dag.py
[2025-01-09T17:12:26.258+0000] {processor.py:839} INFO - DAG(s) dict_keys(['etl_socialstream_pipeline']) retrieved from /opt/airflow/dags/social_stream_dag.py
[2025-01-09T17:12:26.270+0000] {logging_mixin.py:151} INFO - [2025-01-09T17:12:26.269+0000] {dag.py:2941} INFO - Sync 1 DAGs
[2025-01-09T17:12:26.285+0000] {logging_mixin.py:151} INFO - [2025-01-09T17:12:26.285+0000] {dag.py:3722} INFO - Setting next_dagrun for etl_socialstream_pipeline to 2025-01-09T00:00:00+00:00, run_after=2025-01-10T00:00:00+00:00
[2025-01-09T17:12:26.297+0000] {processor.py:179} INFO - Processing /opt/airflow/dags/social_stream_dag.py took 0.588 seconds
[2025-01-09T17:12:56.499+0000] {processor.py:157} INFO - Started process (PID=40) to work on /opt/airflow/dags/social_stream_dag.py
[2025-01-09T17:12:56.500+0000] {processor.py:829} INFO - Processing file /opt/airflow/dags/social_stream_dag.py for tasks to queue
[2025-01-09T17:12:56.504+0000] {logging_mixin.py:151} INFO - [2025-01-09T17:12:56.504+0000] {dagbag.py:536} INFO - Filling up the DagBag from /opt/airflow/dags/social_stream_dag.py
[2025-01-09T17:12:56.969+0000] {processor.py:839} INFO - DAG(s) dict_keys(['etl_socialstream_pipeline']) retrieved from /opt/airflow/dags/social_stream_dag.py
[2025-01-09T17:12:56.992+0000] {logging_mixin.py:151} INFO - [2025-01-09T17:12:56.992+0000] {dag.py:2941} INFO - Sync 1 DAGs
[2025-01-09T17:12:57.002+0000] {logging_mixin.py:151} INFO - [2025-01-09T17:12:57.002+0000] {dag.py:3722} INFO - Setting next_dagrun for etl_socialstream_pipeline to 2025-01-09T00:00:00+00:00, run_after=2025-01-10T00:00:00+00:00
[2025-01-09T17:12:57.009+0000] {processor.py:179} INFO - Processing /opt/airflow/dags/social_stream_dag.py took 0.519 seconds
[2025-01-09T17:13:27.365+0000] {processor.py:157} INFO - Started process (PID=42) to work on /opt/airflow/dags/social_stream_dag.py
[2025-01-09T17:13:27.370+0000] {processor.py:829} INFO - Processing file /opt/airflow/dags/social_stream_dag.py for tasks to queue
[2025-01-09T17:13:27.379+0000] {logging_mixin.py:151} INFO - [2025-01-09T17:13:27.378+0000] {dagbag.py:536} INFO - Filling up the DagBag from /opt/airflow/dags/social_stream_dag.py
[2025-01-09T17:13:27.817+0000] {processor.py:839} INFO - DAG(s) dict_keys(['etl_socialstream_pipeline']) retrieved from /opt/airflow/dags/social_stream_dag.py
[2025-01-09T17:13:27.832+0000] {logging_mixin.py:151} INFO - [2025-01-09T17:13:27.832+0000] {dag.py:2941} INFO - Sync 1 DAGs
[2025-01-09T17:13:27.845+0000] {logging_mixin.py:151} INFO - [2025-01-09T17:13:27.845+0000] {dag.py:3722} INFO - Setting next_dagrun for etl_socialstream_pipeline to 2025-01-09T00:00:00+00:00, run_after=2025-01-10T00:00:00+00:00
[2025-01-09T17:13:27.851+0000] {processor.py:179} INFO - Processing /opt/airflow/dags/social_stream_dag.py took 0.493 seconds
[2025-01-09T17:13:58.175+0000] {processor.py:157} INFO - Started process (PID=44) to work on /opt/airflow/dags/social_stream_dag.py
[2025-01-09T17:13:58.178+0000] {processor.py:829} INFO - Processing file /opt/airflow/dags/social_stream_dag.py for tasks to queue
[2025-01-09T17:13:58.182+0000] {logging_mixin.py:151} INFO - [2025-01-09T17:13:58.182+0000] {dagbag.py:536} INFO - Filling up the DagBag from /opt/airflow/dags/social_stream_dag.py
[2025-01-09T17:13:58.772+0000] {processor.py:839} INFO - DAG(s) dict_keys(['etl_socialstream_pipeline']) retrieved from /opt/airflow/dags/social_stream_dag.py
[2025-01-09T17:13:58.854+0000] {logging_mixin.py:151} INFO - [2025-01-09T17:13:58.852+0000] {dag.py:2941} INFO - Sync 1 DAGs
[2025-01-09T17:13:58.872+0000] {logging_mixin.py:151} INFO - [2025-01-09T17:13:58.872+0000] {dag.py:3722} INFO - Setting next_dagrun for etl_socialstream_pipeline to 2025-01-09T00:00:00+00:00, run_after=2025-01-10T00:00:00+00:00
[2025-01-09T17:13:58.885+0000] {processor.py:179} INFO - Processing /opt/airflow/dags/social_stream_dag.py took 0.717 seconds
[2025-01-09T17:39:52.336+0000] {processor.py:157} INFO - Started process (PID=29) to work on /opt/airflow/dags/social_stream_dag.py
[2025-01-09T17:39:52.340+0000] {processor.py:829} INFO - Processing file /opt/airflow/dags/social_stream_dag.py for tasks to queue
[2025-01-09T17:39:52.343+0000] {logging_mixin.py:151} INFO - [2025-01-09T17:39:52.343+0000] {dagbag.py:536} INFO - Filling up the DagBag from /opt/airflow/dags/social_stream_dag.py
[2025-01-09T17:39:53.231+0000] {processor.py:839} INFO - DAG(s) dict_keys(['etl_socialstream_pipeline']) retrieved from /opt/airflow/dags/social_stream_dag.py
[2025-01-09T17:39:53.329+0000] {logging_mixin.py:151} INFO - [2025-01-09T17:39:53.328+0000] {dag.py:2941} INFO - Sync 1 DAGs
[2025-01-09T17:39:53.345+0000] {logging_mixin.py:151} INFO - [2025-01-09T17:39:53.345+0000] {dag.py:3722} INFO - Setting next_dagrun for etl_socialstream_pipeline to 2025-01-08T00:00:00+00:00, run_after=2025-01-09T00:00:00+00:00
[2025-01-09T17:39:53.362+0000] {processor.py:179} INFO - Processing /opt/airflow/dags/social_stream_dag.py took 1.039 seconds
[2025-01-09T17:40:23.795+0000] {processor.py:157} INFO - Started process (PID=31) to work on /opt/airflow/dags/social_stream_dag.py
[2025-01-09T17:40:23.818+0000] {processor.py:829} INFO - Processing file /opt/airflow/dags/social_stream_dag.py for tasks to queue
[2025-01-09T17:40:23.827+0000] {logging_mixin.py:151} INFO - [2025-01-09T17:40:23.826+0000] {dagbag.py:536} INFO - Filling up the DagBag from /opt/airflow/dags/social_stream_dag.py
[2025-01-09T17:40:24.286+0000] {processor.py:839} INFO - DAG(s) dict_keys(['etl_socialstream_pipeline']) retrieved from /opt/airflow/dags/social_stream_dag.py
[2025-01-09T17:40:24.293+0000] {logging_mixin.py:151} INFO - [2025-01-09T17:40:24.293+0000] {dag.py:2941} INFO - Sync 1 DAGs
[2025-01-09T17:40:24.303+0000] {logging_mixin.py:151} INFO - [2025-01-09T17:40:24.303+0000] {dag.py:3722} INFO - Setting next_dagrun for etl_socialstream_pipeline to 2025-01-09T00:00:00+00:00, run_after=2025-01-10T00:00:00+00:00
[2025-01-09T17:40:24.310+0000] {processor.py:179} INFO - Processing /opt/airflow/dags/social_stream_dag.py took 0.530 seconds
[2025-01-09T17:40:54.624+0000] {processor.py:157} INFO - Started process (PID=33) to work on /opt/airflow/dags/social_stream_dag.py
[2025-01-09T17:40:54.625+0000] {processor.py:829} INFO - Processing file /opt/airflow/dags/social_stream_dag.py for tasks to queue
[2025-01-09T17:40:54.630+0000] {logging_mixin.py:151} INFO - [2025-01-09T17:40:54.629+0000] {dagbag.py:536} INFO - Filling up the DagBag from /opt/airflow/dags/social_stream_dag.py
[2025-01-09T17:40:55.045+0000] {processor.py:839} INFO - DAG(s) dict_keys(['etl_socialstream_pipeline']) retrieved from /opt/airflow/dags/social_stream_dag.py
[2025-01-09T17:40:55.064+0000] {logging_mixin.py:151} INFO - [2025-01-09T17:40:55.064+0000] {dag.py:2941} INFO - Sync 1 DAGs
[2025-01-09T17:40:55.076+0000] {logging_mixin.py:151} INFO - [2025-01-09T17:40:55.076+0000] {dag.py:3722} INFO - Setting next_dagrun for etl_socialstream_pipeline to 2025-01-09T00:00:00+00:00, run_after=2025-01-10T00:00:00+00:00
[2025-01-09T17:40:55.084+0000] {processor.py:179} INFO - Processing /opt/airflow/dags/social_stream_dag.py took 0.466 seconds
[2025-01-09T17:41:25.315+0000] {processor.py:157} INFO - Started process (PID=35) to work on /opt/airflow/dags/social_stream_dag.py
[2025-01-09T17:41:25.317+0000] {processor.py:829} INFO - Processing file /opt/airflow/dags/social_stream_dag.py for tasks to queue
[2025-01-09T17:41:25.330+0000] {logging_mixin.py:151} INFO - [2025-01-09T17:41:25.326+0000] {dagbag.py:536} INFO - Filling up the DagBag from /opt/airflow/dags/social_stream_dag.py
[2025-01-09T17:41:25.723+0000] {processor.py:839} INFO - DAG(s) dict_keys(['etl_socialstream_pipeline']) retrieved from /opt/airflow/dags/social_stream_dag.py
[2025-01-09T17:41:25.733+0000] {logging_mixin.py:151} INFO - [2025-01-09T17:41:25.732+0000] {dag.py:2941} INFO - Sync 1 DAGs
[2025-01-09T17:41:25.742+0000] {logging_mixin.py:151} INFO - [2025-01-09T17:41:25.742+0000] {dag.py:3722} INFO - Setting next_dagrun for etl_socialstream_pipeline to 2025-01-09T00:00:00+00:00, run_after=2025-01-10T00:00:00+00:00
[2025-01-09T17:41:25.747+0000] {processor.py:179} INFO - Processing /opt/airflow/dags/social_stream_dag.py took 0.439 seconds
[2025-01-09T17:41:56.099+0000] {processor.py:157} INFO - Started process (PID=37) to work on /opt/airflow/dags/social_stream_dag.py
[2025-01-09T17:41:56.100+0000] {processor.py:829} INFO - Processing file /opt/airflow/dags/social_stream_dag.py for tasks to queue
[2025-01-09T17:41:56.107+0000] {logging_mixin.py:151} INFO - [2025-01-09T17:41:56.107+0000] {dagbag.py:536} INFO - Filling up the DagBag from /opt/airflow/dags/social_stream_dag.py
[2025-01-09T17:41:56.542+0000] {processor.py:839} INFO - DAG(s) dict_keys(['etl_socialstream_pipeline']) retrieved from /opt/airflow/dags/social_stream_dag.py
[2025-01-09T17:41:56.563+0000] {logging_mixin.py:151} INFO - [2025-01-09T17:41:56.563+0000] {dag.py:2941} INFO - Sync 1 DAGs
[2025-01-09T17:41:56.573+0000] {logging_mixin.py:151} INFO - [2025-01-09T17:41:56.573+0000] {dag.py:3722} INFO - Setting next_dagrun for etl_socialstream_pipeline to 2025-01-09T00:00:00+00:00, run_after=2025-01-10T00:00:00+00:00
[2025-01-09T17:41:56.580+0000] {processor.py:179} INFO - Processing /opt/airflow/dags/social_stream_dag.py took 0.491 seconds
[2025-01-09T17:42:26.941+0000] {processor.py:157} INFO - Started process (PID=39) to work on /opt/airflow/dags/social_stream_dag.py
[2025-01-09T17:42:26.944+0000] {processor.py:829} INFO - Processing file /opt/airflow/dags/social_stream_dag.py for tasks to queue
[2025-01-09T17:42:26.954+0000] {logging_mixin.py:151} INFO - [2025-01-09T17:42:26.952+0000] {dagbag.py:536} INFO - Filling up the DagBag from /opt/airflow/dags/social_stream_dag.py
[2025-01-09T17:42:27.376+0000] {processor.py:839} INFO - DAG(s) dict_keys(['etl_socialstream_pipeline']) retrieved from /opt/airflow/dags/social_stream_dag.py
[2025-01-09T17:42:27.395+0000] {logging_mixin.py:151} INFO - [2025-01-09T17:42:27.394+0000] {dag.py:2941} INFO - Sync 1 DAGs
[2025-01-09T17:42:27.405+0000] {logging_mixin.py:151} INFO - [2025-01-09T17:42:27.405+0000] {dag.py:3722} INFO - Setting next_dagrun for etl_socialstream_pipeline to 2025-01-09T00:00:00+00:00, run_after=2025-01-10T00:00:00+00:00
[2025-01-09T17:42:27.411+0000] {processor.py:179} INFO - Processing /opt/airflow/dags/social_stream_dag.py took 0.478 seconds
[2025-01-09T17:42:57.743+0000] {processor.py:157} INFO - Started process (PID=41) to work on /opt/airflow/dags/social_stream_dag.py
[2025-01-09T17:42:57.744+0000] {processor.py:829} INFO - Processing file /opt/airflow/dags/social_stream_dag.py for tasks to queue
[2025-01-09T17:42:57.753+0000] {logging_mixin.py:151} INFO - [2025-01-09T17:42:57.753+0000] {dagbag.py:536} INFO - Filling up the DagBag from /opt/airflow/dags/social_stream_dag.py
[2025-01-09T17:42:58.162+0000] {processor.py:839} INFO - DAG(s) dict_keys(['etl_socialstream_pipeline']) retrieved from /opt/airflow/dags/social_stream_dag.py
[2025-01-09T17:42:58.182+0000] {logging_mixin.py:151} INFO - [2025-01-09T17:42:58.182+0000] {dag.py:2941} INFO - Sync 1 DAGs
[2025-01-09T17:42:58.192+0000] {logging_mixin.py:151} INFO - [2025-01-09T17:42:58.192+0000] {dag.py:3722} INFO - Setting next_dagrun for etl_socialstream_pipeline to 2025-01-09T00:00:00+00:00, run_after=2025-01-10T00:00:00+00:00
[2025-01-09T17:42:58.208+0000] {processor.py:179} INFO - Processing /opt/airflow/dags/social_stream_dag.py took 0.471 seconds
[2025-01-09T17:43:28.526+0000] {processor.py:157} INFO - Started process (PID=43) to work on /opt/airflow/dags/social_stream_dag.py
[2025-01-09T17:43:28.529+0000] {processor.py:829} INFO - Processing file /opt/airflow/dags/social_stream_dag.py for tasks to queue
[2025-01-09T17:43:28.542+0000] {logging_mixin.py:151} INFO - [2025-01-09T17:43:28.540+0000] {dagbag.py:536} INFO - Filling up the DagBag from /opt/airflow/dags/social_stream_dag.py
[2025-01-09T17:43:28.940+0000] {processor.py:839} INFO - DAG(s) dict_keys(['etl_socialstream_pipeline']) retrieved from /opt/airflow/dags/social_stream_dag.py
[2025-01-09T17:43:28.951+0000] {logging_mixin.py:151} INFO - [2025-01-09T17:43:28.951+0000] {dag.py:2941} INFO - Sync 1 DAGs
[2025-01-09T17:43:28.960+0000] {logging_mixin.py:151} INFO - [2025-01-09T17:43:28.960+0000] {dag.py:3722} INFO - Setting next_dagrun for etl_socialstream_pipeline to 2025-01-09T00:00:00+00:00, run_after=2025-01-10T00:00:00+00:00
[2025-01-09T17:43:28.967+0000] {processor.py:179} INFO - Processing /opt/airflow/dags/social_stream_dag.py took 0.448 seconds
[2025-01-09T17:43:59.290+0000] {processor.py:157} INFO - Started process (PID=45) to work on /opt/airflow/dags/social_stream_dag.py
[2025-01-09T17:43:59.292+0000] {processor.py:829} INFO - Processing file /opt/airflow/dags/social_stream_dag.py for tasks to queue
[2025-01-09T17:43:59.296+0000] {logging_mixin.py:151} INFO - [2025-01-09T17:43:59.295+0000] {dagbag.py:536} INFO - Filling up the DagBag from /opt/airflow/dags/social_stream_dag.py
[2025-01-09T17:43:59.708+0000] {processor.py:839} INFO - DAG(s) dict_keys(['etl_socialstream_pipeline']) retrieved from /opt/airflow/dags/social_stream_dag.py
[2025-01-09T17:43:59.720+0000] {logging_mixin.py:151} INFO - [2025-01-09T17:43:59.720+0000] {dag.py:2941} INFO - Sync 1 DAGs
[2025-01-09T17:43:59.728+0000] {logging_mixin.py:151} INFO - [2025-01-09T17:43:59.728+0000] {dag.py:3722} INFO - Setting next_dagrun for etl_socialstream_pipeline to 2025-01-09T00:00:00+00:00, run_after=2025-01-10T00:00:00+00:00
[2025-01-09T17:43:59.735+0000] {processor.py:179} INFO - Processing /opt/airflow/dags/social_stream_dag.py took 0.467 seconds
[2025-01-09T17:44:30.002+0000] {processor.py:157} INFO - Started process (PID=47) to work on /opt/airflow/dags/social_stream_dag.py
[2025-01-09T17:44:30.004+0000] {processor.py:829} INFO - Processing file /opt/airflow/dags/social_stream_dag.py for tasks to queue
[2025-01-09T17:44:30.007+0000] {logging_mixin.py:151} INFO - [2025-01-09T17:44:30.007+0000] {dagbag.py:536} INFO - Filling up the DagBag from /opt/airflow/dags/social_stream_dag.py
[2025-01-09T17:44:30.445+0000] {processor.py:839} INFO - DAG(s) dict_keys(['etl_socialstream_pipeline']) retrieved from /opt/airflow/dags/social_stream_dag.py
[2025-01-09T17:44:30.459+0000] {logging_mixin.py:151} INFO - [2025-01-09T17:44:30.459+0000] {dag.py:2941} INFO - Sync 1 DAGs
[2025-01-09T17:44:30.468+0000] {logging_mixin.py:151} INFO - [2025-01-09T17:44:30.468+0000] {dag.py:3722} INFO - Setting next_dagrun for etl_socialstream_pipeline to 2025-01-09T00:00:00+00:00, run_after=2025-01-10T00:00:00+00:00
[2025-01-09T17:44:30.474+0000] {processor.py:179} INFO - Processing /opt/airflow/dags/social_stream_dag.py took 0.476 seconds
[2025-01-09T17:45:00.811+0000] {processor.py:157} INFO - Started process (PID=49) to work on /opt/airflow/dags/social_stream_dag.py
[2025-01-09T17:45:00.814+0000] {processor.py:829} INFO - Processing file /opt/airflow/dags/social_stream_dag.py for tasks to queue
[2025-01-09T17:45:00.820+0000] {logging_mixin.py:151} INFO - [2025-01-09T17:45:00.819+0000] {dagbag.py:536} INFO - Filling up the DagBag from /opt/airflow/dags/social_stream_dag.py
[2025-01-09T17:45:01.204+0000] {processor.py:839} INFO - DAG(s) dict_keys(['etl_socialstream_pipeline']) retrieved from /opt/airflow/dags/social_stream_dag.py
[2025-01-09T17:45:01.217+0000] {logging_mixin.py:151} INFO - [2025-01-09T17:45:01.217+0000] {dag.py:2941} INFO - Sync 1 DAGs
[2025-01-09T17:45:01.226+0000] {logging_mixin.py:151} INFO - [2025-01-09T17:45:01.226+0000] {dag.py:3722} INFO - Setting next_dagrun for etl_socialstream_pipeline to 2025-01-09T00:00:00+00:00, run_after=2025-01-10T00:00:00+00:00
[2025-01-09T17:45:01.232+0000] {processor.py:179} INFO - Processing /opt/airflow/dags/social_stream_dag.py took 0.429 seconds
[2025-01-09T17:45:31.539+0000] {processor.py:157} INFO - Started process (PID=51) to work on /opt/airflow/dags/social_stream_dag.py
[2025-01-09T17:45:31.540+0000] {processor.py:829} INFO - Processing file /opt/airflow/dags/social_stream_dag.py for tasks to queue
[2025-01-09T17:45:31.545+0000] {logging_mixin.py:151} INFO - [2025-01-09T17:45:31.544+0000] {dagbag.py:536} INFO - Filling up the DagBag from /opt/airflow/dags/social_stream_dag.py
[2025-01-09T17:45:31.957+0000] {processor.py:839} INFO - DAG(s) dict_keys(['etl_socialstream_pipeline']) retrieved from /opt/airflow/dags/social_stream_dag.py
[2025-01-09T17:45:31.971+0000] {logging_mixin.py:151} INFO - [2025-01-09T17:45:31.971+0000] {dag.py:2941} INFO - Sync 1 DAGs
[2025-01-09T17:45:31.980+0000] {logging_mixin.py:151} INFO - [2025-01-09T17:45:31.980+0000] {dag.py:3722} INFO - Setting next_dagrun for etl_socialstream_pipeline to 2025-01-09T00:00:00+00:00, run_after=2025-01-10T00:00:00+00:00
[2025-01-09T17:45:31.986+0000] {processor.py:179} INFO - Processing /opt/airflow/dags/social_stream_dag.py took 0.461 seconds
[2025-01-09T17:46:02.309+0000] {processor.py:157} INFO - Started process (PID=53) to work on /opt/airflow/dags/social_stream_dag.py
[2025-01-09T17:46:02.310+0000] {processor.py:829} INFO - Processing file /opt/airflow/dags/social_stream_dag.py for tasks to queue
[2025-01-09T17:46:02.315+0000] {logging_mixin.py:151} INFO - [2025-01-09T17:46:02.315+0000] {dagbag.py:536} INFO - Filling up the DagBag from /opt/airflow/dags/social_stream_dag.py
[2025-01-09T17:46:02.723+0000] {processor.py:839} INFO - DAG(s) dict_keys(['etl_socialstream_pipeline']) retrieved from /opt/airflow/dags/social_stream_dag.py
[2025-01-09T17:46:02.739+0000] {logging_mixin.py:151} INFO - [2025-01-09T17:46:02.739+0000] {dag.py:2941} INFO - Sync 1 DAGs
[2025-01-09T17:46:02.747+0000] {logging_mixin.py:151} INFO - [2025-01-09T17:46:02.747+0000] {dag.py:3722} INFO - Setting next_dagrun for etl_socialstream_pipeline to 2025-01-09T00:00:00+00:00, run_after=2025-01-10T00:00:00+00:00
[2025-01-09T17:46:02.754+0000] {processor.py:179} INFO - Processing /opt/airflow/dags/social_stream_dag.py took 0.458 seconds
[2025-01-09T17:46:33.047+0000] {processor.py:157} INFO - Started process (PID=55) to work on /opt/airflow/dags/social_stream_dag.py
[2025-01-09T17:46:33.049+0000] {processor.py:829} INFO - Processing file /opt/airflow/dags/social_stream_dag.py for tasks to queue
[2025-01-09T17:46:33.054+0000] {logging_mixin.py:151} INFO - [2025-01-09T17:46:33.053+0000] {dagbag.py:536} INFO - Filling up the DagBag from /opt/airflow/dags/social_stream_dag.py
[2025-01-09T17:46:33.461+0000] {processor.py:839} INFO - DAG(s) dict_keys(['etl_socialstream_pipeline']) retrieved from /opt/airflow/dags/social_stream_dag.py
[2025-01-09T17:46:33.483+0000] {logging_mixin.py:151} INFO - [2025-01-09T17:46:33.482+0000] {dag.py:2941} INFO - Sync 1 DAGs
[2025-01-09T17:46:33.490+0000] {logging_mixin.py:151} INFO - [2025-01-09T17:46:33.490+0000] {dag.py:3722} INFO - Setting next_dagrun for etl_socialstream_pipeline to 2025-01-09T00:00:00+00:00, run_after=2025-01-10T00:00:00+00:00
[2025-01-09T17:46:33.497+0000] {processor.py:179} INFO - Processing /opt/airflow/dags/social_stream_dag.py took 0.460 seconds
[2025-01-09T17:47:03.804+0000] {processor.py:157} INFO - Started process (PID=57) to work on /opt/airflow/dags/social_stream_dag.py
[2025-01-09T17:47:03.806+0000] {processor.py:829} INFO - Processing file /opt/airflow/dags/social_stream_dag.py for tasks to queue
[2025-01-09T17:47:03.811+0000] {logging_mixin.py:151} INFO - [2025-01-09T17:47:03.810+0000] {dagbag.py:536} INFO - Filling up the DagBag from /opt/airflow/dags/social_stream_dag.py
[2025-01-09T17:47:04.215+0000] {processor.py:839} INFO - DAG(s) dict_keys(['etl_socialstream_pipeline']) retrieved from /opt/airflow/dags/social_stream_dag.py
[2025-01-09T17:47:04.234+0000] {logging_mixin.py:151} INFO - [2025-01-09T17:47:04.234+0000] {dag.py:2941} INFO - Sync 1 DAGs
[2025-01-09T17:47:04.242+0000] {logging_mixin.py:151} INFO - [2025-01-09T17:47:04.242+0000] {dag.py:3722} INFO - Setting next_dagrun for etl_socialstream_pipeline to 2025-01-09T00:00:00+00:00, run_after=2025-01-10T00:00:00+00:00
[2025-01-09T17:47:04.249+0000] {processor.py:179} INFO - Processing /opt/airflow/dags/social_stream_dag.py took 0.466 seconds
[2025-01-09T17:47:34.518+0000] {processor.py:157} INFO - Started process (PID=59) to work on /opt/airflow/dags/social_stream_dag.py
[2025-01-09T17:47:34.520+0000] {processor.py:829} INFO - Processing file /opt/airflow/dags/social_stream_dag.py for tasks to queue
[2025-01-09T17:47:34.526+0000] {logging_mixin.py:151} INFO - [2025-01-09T17:47:34.525+0000] {dagbag.py:536} INFO - Filling up the DagBag from /opt/airflow/dags/social_stream_dag.py
[2025-01-09T17:47:34.978+0000] {processor.py:839} INFO - DAG(s) dict_keys(['etl_socialstream_pipeline']) retrieved from /opt/airflow/dags/social_stream_dag.py
[2025-01-09T17:47:34.996+0000] {logging_mixin.py:151} INFO - [2025-01-09T17:47:34.996+0000] {dag.py:2941} INFO - Sync 1 DAGs
[2025-01-09T17:47:35.005+0000] {logging_mixin.py:151} INFO - [2025-01-09T17:47:35.005+0000] {dag.py:3722} INFO - Setting next_dagrun for etl_socialstream_pipeline to 2025-01-09T00:00:00+00:00, run_after=2025-01-10T00:00:00+00:00
[2025-01-09T17:47:35.013+0000] {processor.py:179} INFO - Processing /opt/airflow/dags/social_stream_dag.py took 0.506 seconds
[2025-01-09T17:48:05.340+0000] {processor.py:157} INFO - Started process (PID=61) to work on /opt/airflow/dags/social_stream_dag.py
[2025-01-09T17:48:05.342+0000] {processor.py:829} INFO - Processing file /opt/airflow/dags/social_stream_dag.py for tasks to queue
[2025-01-09T17:48:05.347+0000] {logging_mixin.py:151} INFO - [2025-01-09T17:48:05.347+0000] {dagbag.py:536} INFO - Filling up the DagBag from /opt/airflow/dags/social_stream_dag.py
[2025-01-09T17:48:05.802+0000] {processor.py:839} INFO - DAG(s) dict_keys(['etl_socialstream_pipeline']) retrieved from /opt/airflow/dags/social_stream_dag.py
[2025-01-09T17:48:05.821+0000] {logging_mixin.py:151} INFO - [2025-01-09T17:48:05.820+0000] {dag.py:2941} INFO - Sync 1 DAGs
[2025-01-09T17:48:05.831+0000] {logging_mixin.py:151} INFO - [2025-01-09T17:48:05.831+0000] {dag.py:3722} INFO - Setting next_dagrun for etl_socialstream_pipeline to 2025-01-09T00:00:00+00:00, run_after=2025-01-10T00:00:00+00:00
[2025-01-09T17:48:05.838+0000] {processor.py:179} INFO - Processing /opt/airflow/dags/social_stream_dag.py took 0.505 seconds
[2025-01-09T17:48:36.097+0000] {processor.py:157} INFO - Started process (PID=63) to work on /opt/airflow/dags/social_stream_dag.py
[2025-01-09T17:48:36.098+0000] {processor.py:829} INFO - Processing file /opt/airflow/dags/social_stream_dag.py for tasks to queue
[2025-01-09T17:48:36.102+0000] {logging_mixin.py:151} INFO - [2025-01-09T17:48:36.101+0000] {dagbag.py:536} INFO - Filling up the DagBag from /opt/airflow/dags/social_stream_dag.py
[2025-01-09T17:48:36.519+0000] {processor.py:839} INFO - DAG(s) dict_keys(['etl_socialstream_pipeline']) retrieved from /opt/airflow/dags/social_stream_dag.py
[2025-01-09T17:48:36.538+0000] {logging_mixin.py:151} INFO - [2025-01-09T17:48:36.537+0000] {dag.py:2941} INFO - Sync 1 DAGs
[2025-01-09T17:48:36.550+0000] {logging_mixin.py:151} INFO - [2025-01-09T17:48:36.550+0000] {dag.py:3722} INFO - Setting next_dagrun for etl_socialstream_pipeline to 2025-01-09T00:00:00+00:00, run_after=2025-01-10T00:00:00+00:00
[2025-01-09T17:48:36.557+0000] {processor.py:179} INFO - Processing /opt/airflow/dags/social_stream_dag.py took 0.465 seconds
[2025-01-09T17:49:06.880+0000] {processor.py:157} INFO - Started process (PID=65) to work on /opt/airflow/dags/social_stream_dag.py
[2025-01-09T17:49:06.882+0000] {processor.py:829} INFO - Processing file /opt/airflow/dags/social_stream_dag.py for tasks to queue
[2025-01-09T17:49:06.891+0000] {logging_mixin.py:151} INFO - [2025-01-09T17:49:06.890+0000] {dagbag.py:536} INFO - Filling up the DagBag from /opt/airflow/dags/social_stream_dag.py
[2025-01-09T17:49:07.302+0000] {processor.py:839} INFO - DAG(s) dict_keys(['etl_socialstream_pipeline']) retrieved from /opt/airflow/dags/social_stream_dag.py
[2025-01-09T17:49:07.321+0000] {logging_mixin.py:151} INFO - [2025-01-09T17:49:07.321+0000] {dag.py:2941} INFO - Sync 1 DAGs
[2025-01-09T17:49:07.329+0000] {logging_mixin.py:151} INFO - [2025-01-09T17:49:07.329+0000] {dag.py:3722} INFO - Setting next_dagrun for etl_socialstream_pipeline to 2025-01-09T00:00:00+00:00, run_after=2025-01-10T00:00:00+00:00
[2025-01-09T17:49:07.334+0000] {processor.py:179} INFO - Processing /opt/airflow/dags/social_stream_dag.py took 0.463 seconds
[2025-01-09T17:49:37.605+0000] {processor.py:157} INFO - Started process (PID=67) to work on /opt/airflow/dags/social_stream_dag.py
[2025-01-09T17:49:37.607+0000] {processor.py:829} INFO - Processing file /opt/airflow/dags/social_stream_dag.py for tasks to queue
[2025-01-09T17:49:37.617+0000] {logging_mixin.py:151} INFO - [2025-01-09T17:49:37.617+0000] {dagbag.py:536} INFO - Filling up the DagBag from /opt/airflow/dags/social_stream_dag.py
[2025-01-09T17:49:38.049+0000] {processor.py:839} INFO - DAG(s) dict_keys(['etl_socialstream_pipeline']) retrieved from /opt/airflow/dags/social_stream_dag.py
[2025-01-09T17:49:38.068+0000] {logging_mixin.py:151} INFO - [2025-01-09T17:49:38.068+0000] {dag.py:2941} INFO - Sync 1 DAGs
[2025-01-09T17:49:38.077+0000] {logging_mixin.py:151} INFO - [2025-01-09T17:49:38.077+0000] {dag.py:3722} INFO - Setting next_dagrun for etl_socialstream_pipeline to 2025-01-09T00:00:00+00:00, run_after=2025-01-10T00:00:00+00:00
[2025-01-09T17:49:38.083+0000] {processor.py:179} INFO - Processing /opt/airflow/dags/social_stream_dag.py took 0.484 seconds
[2025-01-09T17:50:08.411+0000] {processor.py:157} INFO - Started process (PID=69) to work on /opt/airflow/dags/social_stream_dag.py
[2025-01-09T17:50:08.413+0000] {processor.py:829} INFO - Processing file /opt/airflow/dags/social_stream_dag.py for tasks to queue
[2025-01-09T17:50:08.419+0000] {logging_mixin.py:151} INFO - [2025-01-09T17:50:08.418+0000] {dagbag.py:536} INFO - Filling up the DagBag from /opt/airflow/dags/social_stream_dag.py
[2025-01-09T17:50:08.855+0000] {processor.py:839} INFO - DAG(s) dict_keys(['etl_socialstream_pipeline']) retrieved from /opt/airflow/dags/social_stream_dag.py
[2025-01-09T17:50:08.872+0000] {logging_mixin.py:151} INFO - [2025-01-09T17:50:08.872+0000] {dag.py:2941} INFO - Sync 1 DAGs
[2025-01-09T17:50:08.881+0000] {logging_mixin.py:151} INFO - [2025-01-09T17:50:08.881+0000] {dag.py:3722} INFO - Setting next_dagrun for etl_socialstream_pipeline to 2025-01-09T00:00:00+00:00, run_after=2025-01-10T00:00:00+00:00
[2025-01-09T17:50:08.888+0000] {processor.py:179} INFO - Processing /opt/airflow/dags/social_stream_dag.py took 0.485 seconds
[2025-01-09T17:50:39.231+0000] {processor.py:157} INFO - Started process (PID=71) to work on /opt/airflow/dags/social_stream_dag.py
[2025-01-09T17:50:39.232+0000] {processor.py:829} INFO - Processing file /opt/airflow/dags/social_stream_dag.py for tasks to queue
[2025-01-09T17:50:39.245+0000] {logging_mixin.py:151} INFO - [2025-01-09T17:50:39.244+0000] {dagbag.py:536} INFO - Filling up the DagBag from /opt/airflow/dags/social_stream_dag.py
[2025-01-09T17:50:39.655+0000] {processor.py:839} INFO - DAG(s) dict_keys(['etl_socialstream_pipeline']) retrieved from /opt/airflow/dags/social_stream_dag.py
[2025-01-09T17:50:39.670+0000] {logging_mixin.py:151} INFO - [2025-01-09T17:50:39.670+0000] {dag.py:2941} INFO - Sync 1 DAGs
[2025-01-09T17:50:39.683+0000] {logging_mixin.py:151} INFO - [2025-01-09T17:50:39.682+0000] {dag.py:3722} INFO - Setting next_dagrun for etl_socialstream_pipeline to 2025-01-09T00:00:00+00:00, run_after=2025-01-10T00:00:00+00:00
[2025-01-09T17:50:39.689+0000] {processor.py:179} INFO - Processing /opt/airflow/dags/social_stream_dag.py took 0.466 seconds
[2025-01-09T17:51:10.018+0000] {processor.py:157} INFO - Started process (PID=73) to work on /opt/airflow/dags/social_stream_dag.py
[2025-01-09T17:51:10.020+0000] {processor.py:829} INFO - Processing file /opt/airflow/dags/social_stream_dag.py for tasks to queue
[2025-01-09T17:51:10.023+0000] {logging_mixin.py:151} INFO - [2025-01-09T17:51:10.023+0000] {dagbag.py:536} INFO - Filling up the DagBag from /opt/airflow/dags/social_stream_dag.py
[2025-01-09T17:51:10.429+0000] {processor.py:839} INFO - DAG(s) dict_keys(['etl_socialstream_pipeline']) retrieved from /opt/airflow/dags/social_stream_dag.py
[2025-01-09T17:51:10.443+0000] {logging_mixin.py:151} INFO - [2025-01-09T17:51:10.443+0000] {dag.py:2941} INFO - Sync 1 DAGs
[2025-01-09T17:51:10.452+0000] {logging_mixin.py:151} INFO - [2025-01-09T17:51:10.452+0000] {dag.py:3722} INFO - Setting next_dagrun for etl_socialstream_pipeline to 2025-01-09T00:00:00+00:00, run_after=2025-01-10T00:00:00+00:00
[2025-01-09T17:51:10.459+0000] {processor.py:179} INFO - Processing /opt/airflow/dags/social_stream_dag.py took 0.448 seconds
[2025-01-09T17:51:40.812+0000] {processor.py:157} INFO - Started process (PID=75) to work on /opt/airflow/dags/social_stream_dag.py
[2025-01-09T17:51:40.814+0000] {processor.py:829} INFO - Processing file /opt/airflow/dags/social_stream_dag.py for tasks to queue
[2025-01-09T17:51:40.825+0000] {logging_mixin.py:151} INFO - [2025-01-09T17:51:40.825+0000] {dagbag.py:536} INFO - Filling up the DagBag from /opt/airflow/dags/social_stream_dag.py
[2025-01-09T17:51:41.270+0000] {processor.py:839} INFO - DAG(s) dict_keys(['etl_socialstream_pipeline']) retrieved from /opt/airflow/dags/social_stream_dag.py
[2025-01-09T17:51:41.284+0000] {logging_mixin.py:151} INFO - [2025-01-09T17:51:41.284+0000] {dag.py:2941} INFO - Sync 1 DAGs
[2025-01-09T17:51:41.292+0000] {logging_mixin.py:151} INFO - [2025-01-09T17:51:41.292+0000] {dag.py:3722} INFO - Setting next_dagrun for etl_socialstream_pipeline to 2025-01-09T00:00:00+00:00, run_after=2025-01-10T00:00:00+00:00
[2025-01-09T17:51:41.300+0000] {processor.py:179} INFO - Processing /opt/airflow/dags/social_stream_dag.py took 0.498 seconds
[2025-01-09T17:52:11.686+0000] {processor.py:157} INFO - Started process (PID=77) to work on /opt/airflow/dags/social_stream_dag.py
[2025-01-09T17:52:11.687+0000] {processor.py:829} INFO - Processing file /opt/airflow/dags/social_stream_dag.py for tasks to queue
[2025-01-09T17:52:11.691+0000] {logging_mixin.py:151} INFO - [2025-01-09T17:52:11.691+0000] {dagbag.py:536} INFO - Filling up the DagBag from /opt/airflow/dags/social_stream_dag.py
[2025-01-09T17:52:12.094+0000] {processor.py:839} INFO - DAG(s) dict_keys(['etl_socialstream_pipeline']) retrieved from /opt/airflow/dags/social_stream_dag.py
[2025-01-09T17:52:12.104+0000] {logging_mixin.py:151} INFO - [2025-01-09T17:52:12.104+0000] {dag.py:2941} INFO - Sync 1 DAGs
[2025-01-09T17:52:12.112+0000] {logging_mixin.py:151} INFO - [2025-01-09T17:52:12.112+0000] {dag.py:3722} INFO - Setting next_dagrun for etl_socialstream_pipeline to 2025-01-09T00:00:00+00:00, run_after=2025-01-10T00:00:00+00:00
[2025-01-09T17:52:12.119+0000] {processor.py:179} INFO - Processing /opt/airflow/dags/social_stream_dag.py took 0.439 seconds
[2025-01-09T17:52:42.466+0000] {processor.py:157} INFO - Started process (PID=79) to work on /opt/airflow/dags/social_stream_dag.py
[2025-01-09T17:52:42.469+0000] {processor.py:829} INFO - Processing file /opt/airflow/dags/social_stream_dag.py for tasks to queue
[2025-01-09T17:52:42.475+0000] {logging_mixin.py:151} INFO - [2025-01-09T17:52:42.474+0000] {dagbag.py:536} INFO - Filling up the DagBag from /opt/airflow/dags/social_stream_dag.py
[2025-01-09T17:52:42.906+0000] {processor.py:839} INFO - DAG(s) dict_keys(['etl_socialstream_pipeline']) retrieved from /opt/airflow/dags/social_stream_dag.py
[2025-01-09T17:52:42.922+0000] {logging_mixin.py:151} INFO - [2025-01-09T17:52:42.922+0000] {dag.py:2941} INFO - Sync 1 DAGs
[2025-01-09T17:52:42.931+0000] {logging_mixin.py:151} INFO - [2025-01-09T17:52:42.931+0000] {dag.py:3722} INFO - Setting next_dagrun for etl_socialstream_pipeline to 2025-01-09T00:00:00+00:00, run_after=2025-01-10T00:00:00+00:00
[2025-01-09T17:52:42.937+0000] {processor.py:179} INFO - Processing /opt/airflow/dags/social_stream_dag.py took 0.486 seconds
[2025-01-09T17:53:13.312+0000] {processor.py:157} INFO - Started process (PID=81) to work on /opt/airflow/dags/social_stream_dag.py
[2025-01-09T17:53:13.313+0000] {processor.py:829} INFO - Processing file /opt/airflow/dags/social_stream_dag.py for tasks to queue
[2025-01-09T17:53:13.319+0000] {logging_mixin.py:151} INFO - [2025-01-09T17:53:13.318+0000] {dagbag.py:536} INFO - Filling up the DagBag from /opt/airflow/dags/social_stream_dag.py
[2025-01-09T17:53:13.737+0000] {processor.py:839} INFO - DAG(s) dict_keys(['etl_socialstream_pipeline']) retrieved from /opt/airflow/dags/social_stream_dag.py
[2025-01-09T17:53:13.750+0000] {logging_mixin.py:151} INFO - [2025-01-09T17:53:13.749+0000] {dag.py:2941} INFO - Sync 1 DAGs
[2025-01-09T17:53:13.757+0000] {logging_mixin.py:151} INFO - [2025-01-09T17:53:13.757+0000] {dag.py:3722} INFO - Setting next_dagrun for etl_socialstream_pipeline to 2025-01-09T00:00:00+00:00, run_after=2025-01-10T00:00:00+00:00
[2025-01-09T17:53:13.763+0000] {processor.py:179} INFO - Processing /opt/airflow/dags/social_stream_dag.py took 0.457 seconds
[2025-01-09T17:53:44.046+0000] {processor.py:157} INFO - Started process (PID=83) to work on /opt/airflow/dags/social_stream_dag.py
[2025-01-09T17:53:44.055+0000] {processor.py:829} INFO - Processing file /opt/airflow/dags/social_stream_dag.py for tasks to queue
[2025-01-09T17:53:44.063+0000] {logging_mixin.py:151} INFO - [2025-01-09T17:53:44.062+0000] {dagbag.py:536} INFO - Filling up the DagBag from /opt/airflow/dags/social_stream_dag.py
[2025-01-09T17:53:44.458+0000] {processor.py:839} INFO - DAG(s) dict_keys(['etl_socialstream_pipeline']) retrieved from /opt/airflow/dags/social_stream_dag.py
[2025-01-09T17:53:44.470+0000] {logging_mixin.py:151} INFO - [2025-01-09T17:53:44.470+0000] {dag.py:2941} INFO - Sync 1 DAGs
[2025-01-09T17:53:44.478+0000] {logging_mixin.py:151} INFO - [2025-01-09T17:53:44.478+0000] {dag.py:3722} INFO - Setting next_dagrun for etl_socialstream_pipeline to 2025-01-09T00:00:00+00:00, run_after=2025-01-10T00:00:00+00:00
[2025-01-09T17:53:44.485+0000] {processor.py:179} INFO - Processing /opt/airflow/dags/social_stream_dag.py took 0.447 seconds
[2025-01-09T17:54:14.803+0000] {processor.py:157} INFO - Started process (PID=85) to work on /opt/airflow/dags/social_stream_dag.py
[2025-01-09T17:54:14.804+0000] {processor.py:829} INFO - Processing file /opt/airflow/dags/social_stream_dag.py for tasks to queue
[2025-01-09T17:54:14.815+0000] {logging_mixin.py:151} INFO - [2025-01-09T17:54:14.811+0000] {dagbag.py:536} INFO - Filling up the DagBag from /opt/airflow/dags/social_stream_dag.py
[2025-01-09T17:54:15.245+0000] {processor.py:839} INFO - DAG(s) dict_keys(['etl_socialstream_pipeline']) retrieved from /opt/airflow/dags/social_stream_dag.py
[2025-01-09T17:54:15.259+0000] {logging_mixin.py:151} INFO - [2025-01-09T17:54:15.259+0000] {dag.py:2941} INFO - Sync 1 DAGs
[2025-01-09T17:54:15.268+0000] {logging_mixin.py:151} INFO - [2025-01-09T17:54:15.268+0000] {dag.py:3722} INFO - Setting next_dagrun for etl_socialstream_pipeline to 2025-01-09T00:00:00+00:00, run_after=2025-01-10T00:00:00+00:00
[2025-01-09T17:54:15.276+0000] {processor.py:179} INFO - Processing /opt/airflow/dags/social_stream_dag.py took 0.481 seconds
[2025-01-09T17:54:45.592+0000] {processor.py:157} INFO - Started process (PID=87) to work on /opt/airflow/dags/social_stream_dag.py
[2025-01-09T17:54:45.593+0000] {processor.py:829} INFO - Processing file /opt/airflow/dags/social_stream_dag.py for tasks to queue
[2025-01-09T17:54:45.605+0000] {logging_mixin.py:151} INFO - [2025-01-09T17:54:45.604+0000] {dagbag.py:536} INFO - Filling up the DagBag from /opt/airflow/dags/social_stream_dag.py
[2025-01-09T17:54:46.047+0000] {processor.py:839} INFO - DAG(s) dict_keys(['etl_socialstream_pipeline']) retrieved from /opt/airflow/dags/social_stream_dag.py
[2025-01-09T17:54:46.058+0000] {logging_mixin.py:151} INFO - [2025-01-09T17:54:46.057+0000] {dag.py:2941} INFO - Sync 1 DAGs
[2025-01-09T17:54:46.066+0000] {logging_mixin.py:151} INFO - [2025-01-09T17:54:46.066+0000] {dag.py:3722} INFO - Setting next_dagrun for etl_socialstream_pipeline to 2025-01-09T00:00:00+00:00, run_after=2025-01-10T00:00:00+00:00
[2025-01-09T17:54:46.073+0000] {processor.py:179} INFO - Processing /opt/airflow/dags/social_stream_dag.py took 0.491 seconds
[2025-01-09T17:55:16.396+0000] {processor.py:157} INFO - Started process (PID=89) to work on /opt/airflow/dags/social_stream_dag.py
[2025-01-09T17:55:16.397+0000] {processor.py:829} INFO - Processing file /opt/airflow/dags/social_stream_dag.py for tasks to queue
[2025-01-09T17:55:16.403+0000] {logging_mixin.py:151} INFO - [2025-01-09T17:55:16.402+0000] {dagbag.py:536} INFO - Filling up the DagBag from /opt/airflow/dags/social_stream_dag.py
[2025-01-09T17:55:16.803+0000] {processor.py:839} INFO - DAG(s) dict_keys(['etl_socialstream_pipeline']) retrieved from /opt/airflow/dags/social_stream_dag.py
[2025-01-09T17:55:16.815+0000] {logging_mixin.py:151} INFO - [2025-01-09T17:55:16.814+0000] {dag.py:2941} INFO - Sync 1 DAGs
[2025-01-09T17:55:16.824+0000] {logging_mixin.py:151} INFO - [2025-01-09T17:55:16.824+0000] {dag.py:3722} INFO - Setting next_dagrun for etl_socialstream_pipeline to 2025-01-09T00:00:00+00:00, run_after=2025-01-10T00:00:00+00:00
[2025-01-09T17:55:16.832+0000] {processor.py:179} INFO - Processing /opt/airflow/dags/social_stream_dag.py took 0.445 seconds
[2025-01-09T17:55:47.111+0000] {processor.py:157} INFO - Started process (PID=91) to work on /opt/airflow/dags/social_stream_dag.py
[2025-01-09T17:55:47.115+0000] {processor.py:829} INFO - Processing file /opt/airflow/dags/social_stream_dag.py for tasks to queue
[2025-01-09T17:55:47.126+0000] {logging_mixin.py:151} INFO - [2025-01-09T17:55:47.125+0000] {dagbag.py:536} INFO - Filling up the DagBag from /opt/airflow/dags/social_stream_dag.py
[2025-01-09T17:55:47.569+0000] {processor.py:839} INFO - DAG(s) dict_keys(['etl_socialstream_pipeline']) retrieved from /opt/airflow/dags/social_stream_dag.py
[2025-01-09T17:55:47.580+0000] {logging_mixin.py:151} INFO - [2025-01-09T17:55:47.580+0000] {dag.py:2941} INFO - Sync 1 DAGs
[2025-01-09T17:55:47.588+0000] {logging_mixin.py:151} INFO - [2025-01-09T17:55:47.588+0000] {dag.py:3722} INFO - Setting next_dagrun for etl_socialstream_pipeline to 2025-01-09T00:00:00+00:00, run_after=2025-01-10T00:00:00+00:00
[2025-01-09T17:55:47.595+0000] {processor.py:179} INFO - Processing /opt/airflow/dags/social_stream_dag.py took 0.492 seconds
[2025-01-09T17:56:17.912+0000] {processor.py:157} INFO - Started process (PID=93) to work on /opt/airflow/dags/social_stream_dag.py
[2025-01-09T17:56:17.914+0000] {processor.py:829} INFO - Processing file /opt/airflow/dags/social_stream_dag.py for tasks to queue
[2025-01-09T17:56:17.919+0000] {logging_mixin.py:151} INFO - [2025-01-09T17:56:17.918+0000] {dagbag.py:536} INFO - Filling up the DagBag from /opt/airflow/dags/social_stream_dag.py
[2025-01-09T17:56:18.352+0000] {processor.py:839} INFO - DAG(s) dict_keys(['etl_socialstream_pipeline']) retrieved from /opt/airflow/dags/social_stream_dag.py
[2025-01-09T17:56:18.364+0000] {logging_mixin.py:151} INFO - [2025-01-09T17:56:18.363+0000] {dag.py:2941} INFO - Sync 1 DAGs
[2025-01-09T17:56:18.373+0000] {logging_mixin.py:151} INFO - [2025-01-09T17:56:18.373+0000] {dag.py:3722} INFO - Setting next_dagrun for etl_socialstream_pipeline to 2025-01-09T00:00:00+00:00, run_after=2025-01-10T00:00:00+00:00
[2025-01-09T17:56:18.380+0000] {processor.py:179} INFO - Processing /opt/airflow/dags/social_stream_dag.py took 0.480 seconds
[2025-01-09T17:56:48.734+0000] {processor.py:157} INFO - Started process (PID=95) to work on /opt/airflow/dags/social_stream_dag.py
[2025-01-09T17:56:48.736+0000] {processor.py:829} INFO - Processing file /opt/airflow/dags/social_stream_dag.py for tasks to queue
[2025-01-09T17:56:48.744+0000] {logging_mixin.py:151} INFO - [2025-01-09T17:56:48.743+0000] {dagbag.py:536} INFO - Filling up the DagBag from /opt/airflow/dags/social_stream_dag.py
[2025-01-09T17:56:49.175+0000] {processor.py:839} INFO - DAG(s) dict_keys(['etl_socialstream_pipeline']) retrieved from /opt/airflow/dags/social_stream_dag.py
[2025-01-09T17:56:49.198+0000] {logging_mixin.py:151} INFO - [2025-01-09T17:56:49.198+0000] {dag.py:2941} INFO - Sync 1 DAGs
[2025-01-09T17:56:49.207+0000] {logging_mixin.py:151} INFO - [2025-01-09T17:56:49.207+0000] {dag.py:3722} INFO - Setting next_dagrun for etl_socialstream_pipeline to 2025-01-09T00:00:00+00:00, run_after=2025-01-10T00:00:00+00:00
[2025-01-09T17:56:49.214+0000] {processor.py:179} INFO - Processing /opt/airflow/dags/social_stream_dag.py took 0.487 seconds
[2025-01-09T17:57:19.544+0000] {processor.py:157} INFO - Started process (PID=97) to work on /opt/airflow/dags/social_stream_dag.py
[2025-01-09T17:57:19.546+0000] {processor.py:829} INFO - Processing file /opt/airflow/dags/social_stream_dag.py for tasks to queue
[2025-01-09T17:57:19.552+0000] {logging_mixin.py:151} INFO - [2025-01-09T17:57:19.551+0000] {dagbag.py:536} INFO - Filling up the DagBag from /opt/airflow/dags/social_stream_dag.py
[2025-01-09T17:57:19.963+0000] {processor.py:839} INFO - DAG(s) dict_keys(['etl_socialstream_pipeline']) retrieved from /opt/airflow/dags/social_stream_dag.py
[2025-01-09T17:57:19.980+0000] {logging_mixin.py:151} INFO - [2025-01-09T17:57:19.980+0000] {dag.py:2941} INFO - Sync 1 DAGs
[2025-01-09T17:57:19.989+0000] {logging_mixin.py:151} INFO - [2025-01-09T17:57:19.989+0000] {dag.py:3722} INFO - Setting next_dagrun for etl_socialstream_pipeline to 2025-01-09T00:00:00+00:00, run_after=2025-01-10T00:00:00+00:00
[2025-01-09T17:57:19.995+0000] {processor.py:179} INFO - Processing /opt/airflow/dags/social_stream_dag.py took 0.462 seconds
[2025-01-09T17:57:50.373+0000] {processor.py:157} INFO - Started process (PID=99) to work on /opt/airflow/dags/social_stream_dag.py
[2025-01-09T17:57:50.376+0000] {processor.py:829} INFO - Processing file /opt/airflow/dags/social_stream_dag.py for tasks to queue
[2025-01-09T17:57:50.383+0000] {logging_mixin.py:151} INFO - [2025-01-09T17:57:50.382+0000] {dagbag.py:536} INFO - Filling up the DagBag from /opt/airflow/dags/social_stream_dag.py
[2025-01-09T17:57:50.812+0000] {processor.py:839} INFO - DAG(s) dict_keys(['etl_socialstream_pipeline']) retrieved from /opt/airflow/dags/social_stream_dag.py
[2025-01-09T17:57:50.828+0000] {logging_mixin.py:151} INFO - [2025-01-09T17:57:50.827+0000] {dag.py:2941} INFO - Sync 1 DAGs
[2025-01-09T17:57:50.836+0000] {logging_mixin.py:151} INFO - [2025-01-09T17:57:50.836+0000] {dag.py:3722} INFO - Setting next_dagrun for etl_socialstream_pipeline to 2025-01-09T00:00:00+00:00, run_after=2025-01-10T00:00:00+00:00
[2025-01-09T17:57:50.842+0000] {processor.py:179} INFO - Processing /opt/airflow/dags/social_stream_dag.py took 0.477 seconds
[2025-01-09T17:58:21.113+0000] {processor.py:157} INFO - Started process (PID=101) to work on /opt/airflow/dags/social_stream_dag.py
[2025-01-09T17:58:21.115+0000] {processor.py:829} INFO - Processing file /opt/airflow/dags/social_stream_dag.py for tasks to queue
[2025-01-09T17:58:21.119+0000] {logging_mixin.py:151} INFO - [2025-01-09T17:58:21.119+0000] {dagbag.py:536} INFO - Filling up the DagBag from /opt/airflow/dags/social_stream_dag.py
[2025-01-09T17:58:21.562+0000] {processor.py:839} INFO - DAG(s) dict_keys(['etl_socialstream_pipeline']) retrieved from /opt/airflow/dags/social_stream_dag.py
[2025-01-09T17:58:21.575+0000] {logging_mixin.py:151} INFO - [2025-01-09T17:58:21.575+0000] {dag.py:2941} INFO - Sync 1 DAGs
[2025-01-09T17:58:21.585+0000] {logging_mixin.py:151} INFO - [2025-01-09T17:58:21.585+0000] {dag.py:3722} INFO - Setting next_dagrun for etl_socialstream_pipeline to 2025-01-09T00:00:00+00:00, run_after=2025-01-10T00:00:00+00:00
[2025-01-09T17:58:21.592+0000] {processor.py:179} INFO - Processing /opt/airflow/dags/social_stream_dag.py took 0.486 seconds
[2025-01-09T17:58:51.930+0000] {processor.py:157} INFO - Started process (PID=103) to work on /opt/airflow/dags/social_stream_dag.py
[2025-01-09T17:58:51.933+0000] {processor.py:829} INFO - Processing file /opt/airflow/dags/social_stream_dag.py for tasks to queue
[2025-01-09T17:58:51.944+0000] {logging_mixin.py:151} INFO - [2025-01-09T17:58:51.943+0000] {dagbag.py:536} INFO - Filling up the DagBag from /opt/airflow/dags/social_stream_dag.py
[2025-01-09T17:58:52.367+0000] {processor.py:839} INFO - DAG(s) dict_keys(['etl_socialstream_pipeline']) retrieved from /opt/airflow/dags/social_stream_dag.py
[2025-01-09T17:58:52.383+0000] {logging_mixin.py:151} INFO - [2025-01-09T17:58:52.382+0000] {dag.py:2941} INFO - Sync 1 DAGs
[2025-01-09T17:58:52.390+0000] {logging_mixin.py:151} INFO - [2025-01-09T17:58:52.390+0000] {dag.py:3722} INFO - Setting next_dagrun for etl_socialstream_pipeline to 2025-01-09T00:00:00+00:00, run_after=2025-01-10T00:00:00+00:00
[2025-01-09T17:58:52.399+0000] {processor.py:179} INFO - Processing /opt/airflow/dags/social_stream_dag.py took 0.477 seconds
[2025-01-09T17:59:22.752+0000] {processor.py:157} INFO - Started process (PID=105) to work on /opt/airflow/dags/social_stream_dag.py
[2025-01-09T17:59:22.753+0000] {processor.py:829} INFO - Processing file /opt/airflow/dags/social_stream_dag.py for tasks to queue
[2025-01-09T17:59:22.765+0000] {logging_mixin.py:151} INFO - [2025-01-09T17:59:22.758+0000] {dagbag.py:536} INFO - Filling up the DagBag from /opt/airflow/dags/social_stream_dag.py
[2025-01-09T17:59:23.194+0000] {processor.py:839} INFO - DAG(s) dict_keys(['etl_socialstream_pipeline']) retrieved from /opt/airflow/dags/social_stream_dag.py
[2025-01-09T17:59:23.208+0000] {logging_mixin.py:151} INFO - [2025-01-09T17:59:23.208+0000] {dag.py:2941} INFO - Sync 1 DAGs
[2025-01-09T17:59:23.217+0000] {logging_mixin.py:151} INFO - [2025-01-09T17:59:23.217+0000] {dag.py:3722} INFO - Setting next_dagrun for etl_socialstream_pipeline to 2025-01-09T00:00:00+00:00, run_after=2025-01-10T00:00:00+00:00
[2025-01-09T17:59:23.225+0000] {processor.py:179} INFO - Processing /opt/airflow/dags/social_stream_dag.py took 0.480 seconds
[2025-01-09T17:59:53.560+0000] {processor.py:157} INFO - Started process (PID=107) to work on /opt/airflow/dags/social_stream_dag.py
[2025-01-09T17:59:53.561+0000] {processor.py:829} INFO - Processing file /opt/airflow/dags/social_stream_dag.py for tasks to queue
[2025-01-09T17:59:53.565+0000] {logging_mixin.py:151} INFO - [2025-01-09T17:59:53.564+0000] {dagbag.py:536} INFO - Filling up the DagBag from /opt/airflow/dags/social_stream_dag.py
[2025-01-09T17:59:53.975+0000] {processor.py:839} INFO - DAG(s) dict_keys(['etl_socialstream_pipeline']) retrieved from /opt/airflow/dags/social_stream_dag.py
[2025-01-09T17:59:53.987+0000] {logging_mixin.py:151} INFO - [2025-01-09T17:59:53.987+0000] {dag.py:2941} INFO - Sync 1 DAGs
[2025-01-09T17:59:53.996+0000] {logging_mixin.py:151} INFO - [2025-01-09T17:59:53.996+0000] {dag.py:3722} INFO - Setting next_dagrun for etl_socialstream_pipeline to 2025-01-09T00:00:00+00:00, run_after=2025-01-10T00:00:00+00:00
[2025-01-09T17:59:54.002+0000] {processor.py:179} INFO - Processing /opt/airflow/dags/social_stream_dag.py took 0.452 seconds
[2025-01-09T18:00:24.340+0000] {processor.py:157} INFO - Started process (PID=109) to work on /opt/airflow/dags/social_stream_dag.py
[2025-01-09T18:00:24.342+0000] {processor.py:829} INFO - Processing file /opt/airflow/dags/social_stream_dag.py for tasks to queue
[2025-01-09T18:00:24.353+0000] {logging_mixin.py:151} INFO - [2025-01-09T18:00:24.352+0000] {dagbag.py:536} INFO - Filling up the DagBag from /opt/airflow/dags/social_stream_dag.py
[2025-01-09T18:00:24.780+0000] {processor.py:839} INFO - DAG(s) dict_keys(['etl_socialstream_pipeline']) retrieved from /opt/airflow/dags/social_stream_dag.py
[2025-01-09T18:00:24.802+0000] {logging_mixin.py:151} INFO - [2025-01-09T18:00:24.801+0000] {dag.py:2941} INFO - Sync 1 DAGs
[2025-01-09T18:00:24.810+0000] {logging_mixin.py:151} INFO - [2025-01-09T18:00:24.810+0000] {dag.py:3722} INFO - Setting next_dagrun for etl_socialstream_pipeline to 2025-01-09T00:00:00+00:00, run_after=2025-01-10T00:00:00+00:00
[2025-01-09T18:00:24.817+0000] {processor.py:179} INFO - Processing /opt/airflow/dags/social_stream_dag.py took 0.489 seconds
